SIMPLE SUMMARIZING ASCII CODES

====================================================================

With random data
-------------------------------------------------

▒▒▒▒▒▒▒▒▒▒ ▒▒▒▒▒▒▒▒▒▒ ▒▒▒▒▒▒▒▒▒▒ ▒▒▒▒▒▒▒▒▒▒ █▒▒▒▒▒▒▒▒▒

▒▒▒▒▒▒▒▒▒▒ ▒▒▒▒▒▒▒▒▒▒ █▒▒▒▒▒▒▒▒▒ ▒▒▒▒▒▒▒▒▒▒ ██▒▒▒▒▒▒▒▒

██▒▒▒▒▒▒▒▒ ▒▒▒▒▒▒▒▒▒▒ █▒▒▒▒▒▒▒▒▒ █▒▒▒▒▒▒▒▒▒ █▒▒▒▒▒▒▒▒▒

▒▒▒▒▒▒▒▒▒▒ ███▒▒▒▒▒▒▒ █▒▒▒▒▒▒▒▒▒ ▒▒▒▒▒▒▒▒▒▒ ▒▒▒▒▒▒▒▒▒▒

███▒▒▒▒▒▒▒ ████▒▒▒▒▒▒ █▒▒▒▒▒▒▒▒▒ ███▒▒▒▒▒▒▒ ▒▒▒▒▒▒▒▒▒▒

▒▒▒▒▒▒▒▒▒▒ █▒▒▒▒▒▒▒▒▒ ▒▒▒▒▒▒▒▒▒▒ ████▒▒▒▒▒▒ █▒▒▒▒▒▒▒▒▒

▒▒▒▒▒▒▒▒▒▒ █████▒▒▒▒▒ █▒▒▒▒▒▒▒▒▒ ▒▒▒▒▒▒▒▒▒▒ █▒▒▒▒▒▒▒▒▒

██▒▒▒▒▒▒▒▒ ▒▒▒▒▒▒▒▒▒▒ █▒▒▒▒▒▒▒▒▒ ██▒▒▒▒▒▒▒▒ █▒▒▒▒▒▒▒▒▒

██▒▒▒▒▒▒▒▒ ▒▒▒▒▒▒▒▒▒▒ ▒▒▒▒▒▒▒▒▒▒ ▒▒▒▒▒▒▒▒▒▒ ███▒▒▒▒▒▒▒

█▒▒▒▒▒▒▒▒▒ █▒▒▒▒▒▒▒▒▒ ███▒▒▒▒▒▒▒ ███▒▒▒▒▒▒▒ ████▒▒▒▒▒▒

███▒▒▒▒▒▒▒ █▒▒▒▒▒▒▒▒▒ ██▒▒▒▒▒▒▒▒ ▒▒▒▒▒▒▒▒▒▒ ███▒▒▒▒▒▒▒

█▒▒▒▒▒▒▒▒▒ █▒▒▒▒▒▒▒▒▒ █▒▒▒▒▒▒▒▒▒ ███▒▒▒▒▒▒▒ █▒▒▒▒▒▒▒▒▒

█▒▒▒▒▒▒▒▒▒ ██████▒▒▒▒ ▒▒▒▒▒▒▒▒▒▒ █▒▒▒▒▒▒▒▒▒ ███▒▒▒▒▒▒▒

███▒▒▒▒▒▒▒ ▒▒▒▒▒▒▒▒▒▒ █▒▒▒▒▒▒▒▒▒ █▒▒▒▒▒▒▒▒▒ █▒▒▒▒▒▒▒▒▒

█▒▒▒▒▒▒▒▒▒ ████▒▒▒▒▒▒ ██▒▒▒▒▒▒▒▒ ███▒▒▒▒▒▒▒ █▒▒▒▒▒▒▒▒▒

▒▒▒▒▒▒▒▒▒▒ █████▒▒▒▒▒ ▒▒▒▒▒▒▒▒▒▒ ██▒▒▒▒▒▒▒▒ ▒▒▒▒▒▒▒▒▒▒

██▒▒▒▒▒▒▒▒ █▒▒▒▒▒▒▒▒▒ ██▒▒▒▒▒▒▒▒ ██▒▒▒▒▒▒▒▒ █▒▒▒▒▒▒▒▒▒

██▒▒▒▒▒▒▒▒ ███▒▒▒▒▒▒▒ ▒▒▒▒▒▒▒▒▒▒ ▒▒▒▒▒▒▒▒▒▒ ██▒▒▒▒▒▒▒▒

█▒▒▒▒▒▒▒▒▒ ███▒▒▒▒▒▒▒ ██▒▒▒▒▒▒▒▒ █▒▒▒▒▒▒▒▒▒ ████▒▒▒▒▒▒

▒▒▒▒▒▒▒▒▒▒ ██▒▒▒▒▒▒▒▒ █▒▒▒▒▒▒▒▒▒ ██▒▒▒▒▒▒▒▒ █▒▒▒▒▒▒▒▒▒

▒▒▒▒▒▒▒▒▒▒ ▒▒▒▒▒▒▒▒▒▒ ▒▒▒▒▒▒▒▒▒▒ ████▒▒▒▒▒▒ █▒▒▒▒▒▒▒▒▒

████▒▒▒▒▒▒ ▒▒▒▒▒▒▒▒▒▒ ██▒▒▒▒▒▒▒▒ █▒▒▒▒▒▒▒▒▒ ███▒▒▒▒▒▒▒

█████▒▒▒▒▒ ███▒▒▒▒▒▒▒ ▒▒▒▒▒▒▒▒▒▒ █████▒▒▒▒▒ ██▒▒▒▒▒▒▒▒

██▒▒▒▒▒▒▒▒ ██▒▒▒▒▒▒▒▒ █████▒▒▒▒▒ █▒▒▒▒▒▒▒▒▒ █▒▒▒▒▒▒▒▒▒

███▒▒▒▒▒▒▒ ████▒▒▒▒▒▒ ███▒▒▒▒▒▒▒ █▒▒▒▒▒▒▒▒▒ █▒▒▒▒▒▒▒▒▒

████▒▒▒▒▒▒ ██▒▒▒▒▒▒▒▒ ██▒▒▒▒▒▒▒▒ ▒▒▒▒▒▒▒▒▒▒ █▒▒▒▒▒▒▒▒▒

██▒▒▒▒▒▒▒▒ ██▒▒▒▒▒▒▒▒ ██▒▒▒▒▒▒▒▒ ██▒▒▒▒▒▒▒▒ ██████▒▒▒▒

███▒▒▒▒▒▒▒ ████▒▒▒▒▒▒ ██▒▒▒▒▒▒▒▒ █▒▒▒▒▒▒▒▒▒ █▒▒▒▒▒▒▒▒▒

█▒▒▒▒▒▒▒▒▒ ██▒▒▒▒▒▒▒▒ ██▒▒▒▒▒▒▒▒ ███▒▒▒▒▒▒▒ ██████▒▒▒▒

███▒▒▒▒▒▒▒ ▒▒▒▒▒▒▒▒▒▒ ██▒▒▒▒▒▒▒▒ █▒▒▒▒▒▒▒▒▒ ██▒▒▒▒▒▒▒▒

█▒▒▒▒▒▒▒▒▒ █████▒▒▒▒▒ █▒▒▒▒▒▒▒▒▒ ██▒▒▒▒▒▒▒▒ ██▒▒▒▒▒▒▒▒

███▒▒▒▒▒▒▒ ███▒▒▒▒▒▒▒ ██▒▒▒▒▒▒▒▒ ██▒▒▒▒▒▒▒▒ ████▒▒▒▒▒▒

█▒▒▒▒▒▒▒▒▒ ▒▒▒▒▒▒▒▒▒▒ ███▒▒▒▒▒▒▒ ██▒▒▒▒▒▒▒▒ ██▒▒▒▒▒▒▒▒

████▒▒▒▒▒▒ ███▒▒▒▒▒▒▒ █████▒▒▒▒▒ ██████▒▒▒▒ ███▒▒▒▒▒▒▒

██▒▒▒▒▒▒▒▒ ███▒▒▒▒▒▒▒ ▒▒▒▒▒▒▒▒▒▒ █████▒▒▒▒▒ ███▒▒▒▒▒▒▒

█████▒▒▒▒▒ █▒▒▒▒▒▒▒▒▒ ██▒▒▒▒▒▒▒▒ ██▒▒▒▒▒▒▒▒ ██▒▒▒▒▒▒▒▒

█████▒▒▒▒▒ █████▒▒▒▒▒ █▒▒▒▒▒▒▒▒▒ ███▒▒▒▒▒▒▒ ▒▒▒▒▒▒▒▒▒▒

███████▒▒▒ ████▒▒▒▒▒▒ ██▒▒▒▒▒▒▒▒ ███▒▒▒▒▒▒▒ ████▒▒▒▒▒▒

████▒▒▒▒▒▒ ████▒▒▒▒▒▒ ███▒▒▒▒▒▒▒ ████▒▒▒▒▒▒ ████▒▒▒▒▒▒

███▒▒▒▒▒▒▒ ███████▒▒▒ ███▒▒▒▒▒▒▒ ███▒▒▒▒▒▒▒ ██▒▒▒▒▒▒▒▒

██████▒▒▒▒ ██▒▒▒▒▒▒▒▒ █████▒▒▒▒▒ ██▒▒▒▒▒▒▒▒ ███▒▒▒▒▒▒▒

████▒▒▒▒▒▒ █████▒▒▒▒▒ ██████▒▒▒▒ █▒▒▒▒▒▒▒▒▒ ███▒▒▒▒▒▒▒

█▒▒▒▒▒▒▒▒▒ █▒▒▒▒▒▒▒▒▒ █████▒▒▒▒▒ ██▒▒▒▒▒▒▒▒ ▒▒▒▒▒▒▒▒▒▒

█▒▒▒▒▒▒▒▒▒ ███▒▒▒▒▒▒▒ █████▒▒▒▒▒ ██████▒▒▒▒ ████▒▒▒▒▒▒

███▒▒▒▒▒▒▒ █████▒▒▒▒▒ ███▒▒▒▒▒▒▒ ██▒▒▒▒▒▒▒▒ ███▒▒▒▒▒▒▒

█████▒▒▒▒▒ █▒▒▒▒▒▒▒▒▒ ████▒▒▒▒▒▒ █▒▒▒▒▒▒▒▒▒ █▒▒▒▒▒▒▒▒▒

█▒▒▒▒▒▒▒▒▒ ██▒▒▒▒▒▒▒▒ ███▒▒▒▒▒▒▒ ████▒▒▒▒▒▒ ███▒▒▒▒▒▒▒

████▒▒▒▒▒▒ █████▒▒▒▒▒ ████▒▒▒▒▒▒ ███▒▒▒▒▒▒▒ █████▒▒▒▒▒

██████▒▒▒▒ ██▒▒▒▒▒▒▒▒ ██▒▒▒▒▒▒▒▒ ██████▒▒▒▒ ██▒▒▒▒▒▒▒▒

████▒▒▒▒▒▒ ██▒▒▒▒▒▒▒▒ ▒▒▒▒▒▒▒▒▒▒ ███▒▒▒▒▒▒▒ ███▒▒▒▒▒▒▒

███▒▒▒▒▒▒▒ ███▒▒▒▒▒▒▒ █▒▒▒▒▒▒▒▒▒ █▒▒▒▒▒▒▒▒▒ ██▒▒▒▒▒▒▒▒

███▒▒▒▒▒▒▒ ███▒▒▒▒▒▒▒ ███▒▒▒▒▒▒▒ ████▒▒▒▒▒▒ ████▒▒▒▒▒▒

█████▒▒▒▒▒ █▒▒▒▒▒▒▒▒▒ █▒▒▒▒▒▒▒▒▒ ███▒▒▒▒▒▒▒ ███▒▒▒▒▒▒▒

██▒▒▒▒▒▒▒▒ █████▒▒▒▒▒ █████▒▒▒▒▒ █████▒▒▒▒▒ ████▒▒▒▒▒▒

█████▒▒▒▒▒ ▒▒▒▒▒▒▒▒▒▒ ██▒▒▒▒▒▒▒▒ ████▒▒▒▒▒▒ ████▒▒▒▒▒▒

███▒▒▒▒▒▒▒ █████▒▒▒▒▒ ███▒▒▒▒▒▒▒ █████▒▒▒▒▒ ████▒▒▒▒▒▒

██▒▒▒▒▒▒▒▒ █████▒▒▒▒▒ ████▒▒▒▒▒▒ ███▒▒▒▒▒▒▒ ██▒▒▒▒▒▒▒▒

████▒▒▒▒▒▒ █▒▒▒▒▒▒▒▒▒ ███▒▒▒▒▒▒▒ ████▒▒▒▒▒▒ █▒▒▒▒▒▒▒▒▒

█▒▒▒▒▒▒▒▒▒ █▒▒▒▒▒▒▒▒▒ █▒▒▒▒▒▒▒▒▒ ████▒▒▒▒▒▒ █▒▒▒▒▒▒▒▒▒

███▒▒▒▒▒▒▒ ████▒▒▒▒▒▒ ████▒▒▒▒▒▒ ███▒▒▒▒▒▒▒ ████▒▒▒▒▒▒

█▒▒▒▒▒▒▒▒▒ ████▒▒▒▒▒▒ ████▒▒▒▒▒▒ ███▒▒▒▒▒▒▒ ██▒▒▒▒▒▒▒▒

████▒▒▒▒▒▒ █████▒▒▒▒▒ █▒▒▒▒▒▒▒▒▒ ▒▒▒▒▒▒▒▒▒▒ ▒▒▒▒▒▒▒▒▒▒

█▒▒▒▒▒▒▒▒▒ ████▒▒▒▒▒▒ ██▒▒▒▒▒▒▒▒ ████▒▒▒▒▒▒ ██▒▒▒▒▒▒▒▒

████▒▒▒▒▒▒ ███▒▒▒▒▒▒▒ ██▒▒▒▒▒▒▒▒ █▒▒▒▒▒▒▒▒▒ ██▒▒▒▒▒▒▒▒

██▒▒▒▒▒▒▒▒ █▒▒▒▒▒▒▒▒▒ █▒▒▒▒▒▒▒▒▒ ██▒▒▒▒▒▒▒▒ ███▒▒▒▒▒▒▒

██▒▒▒▒▒▒▒▒ ▒▒▒▒▒▒▒▒▒▒ ███▒▒▒▒▒▒▒ █████▒▒▒▒▒ ██▒▒▒▒▒▒▒▒

████▒▒▒▒▒▒ ████▒▒▒▒▒▒ █▒▒▒▒▒▒▒▒▒ ██▒▒▒▒▒▒▒▒ ██▒▒▒▒▒▒▒▒

█▒▒▒▒▒▒▒▒▒ ██▒▒▒▒▒▒▒▒ ████████▒▒ ██▒▒▒▒▒▒▒▒ █████▒▒▒▒▒

███▒▒▒▒▒▒▒ █▒▒▒▒▒▒▒▒▒ █▒▒▒▒▒▒▒▒▒ ██▒▒▒▒▒▒▒▒ ▒▒▒▒▒▒▒▒▒▒

█▒▒▒▒▒▒▒▒▒ █▒▒▒▒▒▒▒▒▒ █▒▒▒▒▒▒▒▒▒ █▒▒▒▒▒▒▒▒▒ ▒▒▒▒▒▒▒▒▒▒

███▒▒▒▒▒▒▒ ▒▒▒▒▒▒▒▒▒▒ ▒▒▒▒▒▒▒▒▒▒ ▒▒▒▒▒▒▒▒▒▒ █▒▒▒▒▒▒▒▒▒

█████▒▒▒▒▒ ██▒▒▒▒▒▒▒▒ ▒▒▒▒▒▒▒▒▒▒ █▒▒▒▒▒▒▒▒▒ ██▒▒▒▒▒▒▒▒

██▒▒▒▒▒▒▒▒ █▒▒▒▒▒▒▒▒▒ █▒▒▒▒▒▒▒▒▒ ██▒▒▒▒▒▒▒▒ █▒▒▒▒▒▒▒▒▒

██▒▒▒▒▒▒▒▒ ███▒▒▒▒▒▒▒ ██▒▒▒▒▒▒▒▒ █▒▒▒▒▒▒▒▒▒ ██▒▒▒▒▒▒▒▒

██▒▒▒▒▒▒▒▒ █▒▒▒▒▒▒▒▒▒ ██▒▒▒▒▒▒▒▒ ▒▒▒▒▒▒▒▒▒▒ ██▒▒▒▒▒▒▒▒

▒▒▒▒▒▒▒▒▒▒ █▒▒▒▒▒▒▒▒▒ ▒▒▒▒▒▒▒▒▒▒ ▒▒▒▒▒▒▒▒▒▒ ██▒▒▒▒▒▒▒▒

███▒▒▒▒▒▒▒ ██▒▒▒▒▒▒▒▒ █▒▒▒▒▒▒▒▒▒ ▒▒▒▒▒▒▒▒▒▒ ███▒▒▒▒▒▒▒

█▒▒▒▒▒▒▒▒▒ █▒▒▒▒▒▒▒▒▒ █▒▒▒▒▒▒▒▒▒ ██▒▒▒▒▒▒▒▒ █▒▒▒▒▒▒▒▒▒

▒▒▒▒▒▒▒▒▒▒ ███▒▒▒▒▒▒▒ ▒▒▒▒▒▒▒▒▒▒ █▒▒▒▒▒▒▒▒▒ █▒▒▒▒▒▒▒▒▒

▒▒▒▒▒▒▒▒▒▒ ███▒▒▒▒▒▒▒ █▒▒▒▒▒▒▒▒▒ █▒▒▒▒▒▒▒▒▒ █▒▒▒▒▒▒▒▒▒

▒▒▒▒▒▒▒▒▒▒ ████▒▒▒▒▒▒ █▒▒▒▒▒▒▒▒▒ █▒▒▒▒▒▒▒▒▒ █▒▒▒▒▒▒▒▒▒

█▒▒▒▒▒▒▒▒▒ ▒▒▒▒▒▒▒▒▒▒ ▒▒▒▒▒▒▒▒▒▒ █▒▒▒▒▒▒▒▒▒ ██▒▒▒▒▒▒▒▒

▒▒▒▒▒▒▒▒▒▒ █▒▒▒▒▒▒▒▒▒ ▒▒▒▒▒▒▒▒▒▒ █▒▒▒▒▒▒▒▒▒ █▒▒▒▒▒▒▒▒▒

▒▒▒▒▒▒▒▒▒▒ ██▒▒▒▒▒▒▒▒ ▒▒▒▒▒▒▒▒▒▒ ██▒▒▒▒▒▒▒▒ █▒▒▒▒▒▒▒▒▒

█▒▒▒▒▒▒▒▒▒ ██▒▒▒▒▒▒▒▒ ██▒▒▒▒▒▒▒▒ █▒▒▒▒▒▒▒▒▒ █▒▒▒▒▒▒▒▒▒

▒▒▒▒▒▒▒▒▒▒ ▒▒▒▒▒▒▒▒▒▒ ▒▒▒▒▒▒▒▒▒▒ ██▒▒▒▒▒▒▒▒ █▒▒▒▒▒▒▒▒▒

█▒▒▒▒▒▒▒▒▒ █▒▒▒▒▒▒▒▒▒ ███▒▒▒▒▒▒▒ █▒▒▒▒▒▒▒▒▒ █▒▒▒▒▒▒▒▒▒

▒▒▒▒▒▒▒▒▒▒ ▒▒▒▒▒▒▒▒▒▒ ▒▒▒▒▒▒▒▒▒▒ ▒▒▒▒▒▒▒▒▒▒ ▒▒▒▒▒▒▒▒▒▒

█▒▒▒▒▒▒▒▒▒ █▒▒▒▒▒▒▒▒▒ █▒▒▒▒▒▒▒▒▒ ▒▒▒▒▒▒▒▒▒▒ █▒▒▒▒▒▒▒▒▒

▒▒▒▒▒▒▒▒▒▒ ▒▒▒▒▒▒▒▒▒▒ ██▒▒▒▒▒▒▒▒ ▒▒▒▒▒▒▒▒▒▒ ▒▒▒▒▒▒▒▒▒▒

▒▒▒▒▒▒▒▒▒▒ ▒▒▒▒▒▒▒▒▒▒ ▒▒▒▒▒▒▒▒▒▒ ▒▒▒▒▒▒▒▒▒▒ █▒▒▒▒▒▒▒▒▒

▒▒▒▒▒▒▒▒▒▒ ▒▒▒▒▒▒▒▒▒▒ █▒▒▒▒▒▒▒▒▒ ▒▒▒▒▒▒▒▒▒▒ ▒▒▒▒▒▒▒▒▒▒

█▒▒▒▒▒▒▒▒▒ ██▒▒▒▒▒▒▒▒ █▒▒▒▒▒▒▒▒▒ ▒▒▒▒▒▒▒▒▒▒ ▒▒▒▒▒▒▒▒▒▒

▒▒▒▒▒▒▒▒▒▒ ▒▒▒▒▒▒▒▒▒▒ ▒▒▒▒▒▒▒▒▒▒ ▒▒▒▒▒▒▒▒▒▒ █▒▒▒▒▒▒▒▒▒

▒▒▒▒▒▒▒▒▒▒ █▒▒▒▒▒▒▒▒▒ ▒▒▒▒▒▒▒▒▒▒ ▒▒▒▒▒▒▒▒▒▒ ██▒▒▒▒▒▒▒▒

▒▒▒▒▒▒▒▒▒▒ ▒▒▒▒▒▒▒▒▒▒ ▒▒▒▒▒▒▒▒▒▒ █▒▒▒▒▒▒▒▒▒ █▒▒▒▒▒▒▒▒▒

▒▒▒▒▒▒▒▒▒▒ ▒▒▒▒▒▒▒▒▒▒ ▒▒▒▒▒▒▒▒▒▒ ▒▒▒▒▒▒▒▒▒▒ ▒▒▒▒▒▒▒▒▒▒

▒▒▒▒▒▒▒▒▒▒ ▒▒▒▒▒▒▒▒▒▒ ▒▒▒▒▒▒▒▒▒▒ ▒▒▒▒▒▒▒▒▒▒ ▒▒▒▒▒▒▒▒▒▒

▒▒▒▒▒▒▒▒▒▒ █▒▒▒▒▒▒▒▒▒ ▒▒▒▒▒▒▒▒▒▒ █▒▒▒▒▒▒▒▒▒ ▒▒▒▒▒▒▒▒▒▒

█▒▒▒▒▒▒▒▒▒ ▒▒▒▒▒▒▒▒▒▒ ▒▒▒▒▒▒▒▒▒▒ ▒▒▒▒▒▒▒▒▒▒ █▒▒▒▒▒▒▒▒▒

▒▒▒▒▒▒▒▒▒▒ ▒▒▒▒▒▒▒▒▒▒ ▒▒▒▒▒▒▒▒▒▒ ▒▒▒▒▒▒▒▒▒▒ ██▒▒▒▒▒▒▒▒

▒▒▒▒▒▒▒▒▒▒ ▒▒▒▒▒▒▒▒▒▒ ▒▒▒▒▒▒▒▒▒▒ ▒▒▒▒▒▒▒▒▒▒ ▒▒▒▒▒▒▒▒▒▒

█▒▒▒▒▒▒▒▒▒ ▒▒▒▒▒▒▒▒▒▒ ▒▒▒▒▒▒▒▒▒▒ █▒▒▒▒▒▒▒▒▒ █▒▒▒▒▒▒▒▒▒

▒▒▒▒▒▒▒▒▒▒ ▒▒▒▒▒▒▒▒▒▒ ▒▒▒▒▒▒▒▒▒▒ ▒▒▒▒▒▒▒▒▒▒ ▒▒▒▒▒▒▒▒▒▒

▒▒▒▒▒▒▒▒▒▒ ▒▒▒▒▒▒▒▒▒▒ ▒▒▒▒▒▒▒▒▒▒ ▒▒▒▒▒▒▒▒▒▒ ▒▒▒▒▒▒▒▒▒▒

█▒▒▒▒▒▒▒▒▒ ▒▒▒▒▒▒▒▒▒▒ ▒▒▒▒▒▒▒▒▒▒ ▒▒▒▒▒▒▒▒▒▒ ▒▒▒▒▒▒▒▒▒▒

▒▒▒▒▒▒▒▒▒▒ █▒▒▒▒▒▒▒▒▒ ▒▒▒▒▒▒▒▒▒▒ ▒▒▒▒▒▒▒▒▒▒ ▒▒▒▒▒▒▒▒▒▒

▒▒▒▒▒▒▒▒▒▒ ▒▒▒▒▒▒▒▒▒▒ ▒▒▒▒▒▒▒▒▒▒ █▒▒▒▒▒▒▒▒▒ ▒▒▒▒▒▒▒▒▒▒

▒▒▒▒▒▒▒▒▒▒ ▒▒▒▒▒▒▒▒▒▒ █▒▒▒▒▒▒▒▒▒ ▒▒▒▒▒▒▒▒▒▒ ▒▒▒▒▒▒▒▒▒▒

▒▒▒▒▒▒▒▒▒▒ ▒▒▒▒▒▒▒▒▒▒ ▒▒▒▒▒▒▒▒▒▒ ▒▒▒▒▒▒▒▒▒▒ ▒▒▒▒▒▒▒▒▒▒

▒▒▒▒▒▒▒▒▒▒ ▒▒▒▒▒▒▒▒▒▒ █▒▒▒▒▒▒▒▒▒ ▒▒▒▒▒▒▒▒▒▒ ▒▒▒▒▒▒▒▒▒▒

▒▒▒▒▒▒▒▒▒▒ ▒▒▒▒▒▒▒▒▒▒ ▒▒▒▒▒▒▒▒▒▒ ▒▒▒▒▒▒▒▒▒▒ ▒▒▒▒▒▒▒▒▒▒

▒▒▒▒▒▒▒▒▒▒ ▒▒▒▒▒▒▒▒▒▒ ▒▒▒▒▒▒▒▒▒▒ ▒▒▒▒▒▒▒▒▒▒ ▒▒▒▒▒▒▒▒▒▒

▒▒▒▒▒▒▒▒▒▒ ▒▒▒▒▒▒▒▒▒▒ ▒▒▒▒▒▒▒▒▒▒ ▒▒▒▒▒▒▒▒▒▒ ▒▒▒▒▒▒▒▒▒▒

▒▒▒▒▒▒▒▒▒▒ █▒▒▒▒▒▒▒▒▒ ▒▒▒▒▒▒▒▒▒▒ ▒▒▒▒▒▒▒▒▒▒ ▒▒▒▒▒▒▒▒▒▒

▒▒▒▒▒▒▒▒▒▒ ▒▒▒▒▒▒▒▒▒▒ ▒▒▒▒▒▒▒▒▒▒ ▒▒▒▒▒▒▒▒▒▒ ▒▒▒▒▒▒▒▒▒▒

▒▒▒▒▒▒▒▒▒▒ ▒▒▒▒▒▒▒▒▒▒ ▒▒▒▒▒▒▒▒▒▒ ▒▒▒▒▒▒▒▒▒▒ ▒▒▒▒▒▒▒▒▒▒

▒▒▒▒▒▒▒▒▒▒ ▒▒▒▒▒▒▒▒▒▒ ▒▒▒▒▒▒▒▒▒▒ ▒▒▒▒▒▒▒▒▒▒ ▒▒▒▒▒▒▒▒▒▒

▒▒▒▒▒▒▒▒▒▒ ▒▒▒▒▒▒▒▒▒▒ ▒▒▒▒▒▒▒▒▒▒ ▒▒▒▒▒▒▒▒▒▒ ▒▒▒▒▒▒▒▒▒▒

▒▒▒▒▒▒▒▒▒▒ ▒▒▒▒▒▒▒▒▒▒ ▒▒▒▒▒▒▒▒▒▒ ▒▒▒▒▒▒▒▒▒▒ ▒▒▒▒▒▒▒▒▒▒

█▒▒▒▒▒▒▒▒▒ ▒▒▒▒▒▒▒▒▒▒ ▒▒▒▒▒▒▒▒▒▒ ▒▒▒▒▒▒▒▒▒▒ ▒▒▒▒▒▒▒▒▒▒

▒▒▒▒▒▒▒▒▒▒ ▒▒▒▒▒▒▒▒▒▒ ▒▒▒▒▒▒▒▒▒▒ ▒▒▒▒▒▒▒▒▒▒ ▒▒▒▒▒▒▒▒▒▒

▒▒▒▒▒▒▒▒▒▒ ▒▒▒▒▒▒▒▒▒▒ ▒▒▒▒▒▒▒▒▒▒ ▒▒▒▒▒▒▒▒▒▒ ▒▒▒▒▒▒▒▒▒▒

▒▒▒▒▒▒▒▒▒▒ ▒▒▒▒▒▒▒▒▒▒ ▒▒▒▒▒▒▒▒▒▒ ▒▒▒▒▒▒▒▒▒▒ ▒▒▒▒▒▒▒▒▒▒

▒▒▒▒▒▒▒▒▒▒ ▒▒▒▒▒▒▒▒▒▒ ▒▒▒▒▒▒▒▒▒▒ ▒▒▒▒▒▒▒▒▒▒ ▒▒▒▒▒▒▒▒▒▒

▒▒▒▒▒▒▒▒▒▒ ▒▒▒▒▒▒▒▒▒▒ ▒▒▒▒▒▒▒▒▒▒ ▒▒▒▒▒▒▒▒▒▒ ▒▒▒▒▒▒▒▒▒▒

▒▒▒▒▒▒▒▒▒▒ ▒▒▒▒▒▒▒▒▒▒ ▒▒▒▒▒▒▒▒▒▒ ▒▒▒▒▒▒▒▒▒▒ ▒▒▒▒▒▒▒▒▒▒

▒▒▒▒▒▒▒▒▒▒ ▒▒▒▒▒▒▒▒▒▒ ▒▒▒▒▒▒▒▒▒▒ ▒▒▒▒▒▒▒▒▒▒ ▒▒▒▒▒▒▒▒▒▒

▒▒▒▒▒▒▒▒▒▒ ▒▒▒▒▒▒▒▒▒▒ ▒▒▒▒▒▒▒▒▒▒ ▒▒▒▒▒▒▒▒▒▒ ▒▒▒▒▒▒▒▒▒▒

▒▒▒▒▒▒▒▒▒▒ █▒▒▒▒▒▒▒▒▒ ▒▒▒▒▒▒▒▒▒▒ ▒▒▒▒▒▒▒▒▒▒ ▒▒▒▒▒▒▒▒▒▒

▒▒▒▒▒▒▒▒▒▒ ▒▒▒▒▒▒▒▒▒▒ ▒▒▒▒▒▒▒▒▒▒ ▒▒▒▒▒▒▒▒▒▒ ▒▒▒▒▒▒▒▒▒▒

▒▒▒▒▒▒▒▒▒▒ ▒▒▒▒▒▒▒▒▒▒ ▒▒▒▒▒▒▒▒▒▒ ▒▒▒▒▒▒▒▒▒▒ ▒▒▒▒▒▒▒▒▒▒

▒▒▒▒▒▒▒▒▒▒ ▒▒▒▒▒▒▒▒▒▒ ▒▒▒▒▒▒▒▒▒▒ ▒▒▒▒▒▒▒▒▒▒ ▒▒▒▒▒▒▒▒▒▒

▒▒▒▒▒▒▒▒▒▒ ▒▒▒▒▒▒▒▒▒▒ ▒▒▒▒▒▒▒▒▒▒ ▒▒▒▒▒▒▒▒▒▒ ▒▒▒▒▒▒▒▒▒▒

▒▒▒▒▒▒▒▒▒▒ ▒▒▒▒▒▒▒▒▒▒ ▒▒▒▒▒▒▒▒▒▒ ▒▒▒▒▒▒▒▒▒▒ ▒▒▒▒▒▒▒▒▒▒

▒▒▒▒▒▒▒▒▒▒ ▒▒▒▒▒▒▒▒▒▒ ▒▒▒▒▒▒▒▒▒▒ ▒▒▒▒▒▒▒▒▒▒ ▒▒▒▒▒▒▒▒▒▒

▒▒▒▒▒▒▒▒▒▒ ▒▒▒▒▒▒▒▒▒▒ ▒▒▒▒▒▒▒▒▒▒ ▒▒▒▒▒▒▒▒▒▒ ▒▒▒▒▒▒▒▒▒▒

▒▒▒▒▒▒▒▒▒▒ ▒▒▒▒▒▒▒▒▒▒ ▒▒▒▒▒▒▒▒▒▒ ▒▒▒▒▒▒▒▒▒▒ ▒▒▒▒▒▒▒▒▒▒

▒▒▒▒▒▒▒▒▒▒ ▒▒▒▒▒▒▒▒▒▒ ▒▒▒▒▒▒▒▒▒▒ ▒▒▒▒▒▒▒▒▒▒ ▒▒▒▒▒▒▒▒▒▒

▒▒▒▒▒▒▒▒▒▒ ▒▒▒▒▒▒▒▒▒▒ ▒▒▒▒▒▒▒▒▒▒ ▒▒▒▒▒▒▒▒▒▒ ▒▒▒▒▒▒▒▒▒▒

▒▒▒▒▒▒▒▒▒▒ ▒▒▒▒▒▒▒▒▒▒ ▒▒▒▒▒▒▒▒▒▒ ▒▒▒▒▒▒▒▒▒▒ ▒▒▒▒▒▒▒▒▒▒

▒▒▒▒▒▒▒▒▒▒ ▒▒▒▒▒▒▒▒▒▒ ▒▒▒▒▒▒▒▒▒▒ ▒▒▒▒▒▒▒▒▒▒ ▒▒▒▒▒▒▒▒▒▒

▒▒▒▒▒▒▒▒▒▒ ▒▒▒▒▒▒▒▒▒▒ ▒▒▒▒▒▒▒▒▒▒ ▒▒▒▒▒▒▒▒▒▒ ▒▒▒▒▒▒▒▒▒▒

▒▒▒▒▒▒▒▒▒▒ ▒▒▒▒▒▒▒▒▒▒ ▒▒▒▒▒▒▒▒▒▒ ▒▒▒▒▒▒▒▒▒▒ ▒▒▒▒▒▒▒▒▒▒

▒▒▒▒▒▒▒▒▒▒ ▒▒▒▒▒▒▒▒▒▒ ▒▒▒▒▒▒▒▒▒▒ ▒▒▒▒▒▒▒▒▒▒ ▒▒▒▒▒▒▒▒▒▒

▒▒▒▒▒▒▒▒▒▒ ▒▒▒▒▒▒▒▒▒▒ ▒▒▒▒▒▒▒▒▒▒ ▒▒▒▒▒▒▒▒▒▒ ▒▒▒▒▒▒▒▒▒▒

▒▒▒▒▒▒▒▒▒▒ ▒▒▒▒▒▒▒▒▒▒ ▒▒▒▒▒▒▒▒▒▒ ▒▒▒▒▒▒▒▒▒▒ ▒▒▒▒▒▒▒▒▒▒

▒▒▒▒▒▒▒▒▒▒ ▒▒▒▒▒▒▒▒▒▒ ▒▒▒▒▒▒▒▒▒▒ ▒▒▒▒▒▒▒▒▒▒ ▒▒▒▒▒▒▒▒▒▒

▒▒▒▒▒▒▒▒▒▒ ▒▒▒▒▒▒▒▒▒▒ ▒▒▒▒▒▒▒▒▒▒ ▒▒▒▒▒▒▒▒▒▒ ▒▒▒▒▒▒▒▒▒▒

▒▒▒▒▒▒▒▒▒▒ ▒▒▒▒▒▒▒▒▒▒ ▒▒▒▒▒▒▒▒▒▒ ▒▒▒▒▒▒▒▒▒▒ ▒▒▒▒▒▒▒▒▒▒

▒▒▒▒▒▒▒▒▒▒ ▒▒▒▒▒▒▒▒▒▒ ▒▒▒▒▒▒▒▒▒▒ ▒▒▒▒▒▒▒▒▒▒ ▒▒▒▒▒▒▒▒▒▒

▒▒▒▒▒▒▒▒▒▒ ▒▒▒▒▒▒▒▒▒▒ ▒▒▒▒▒▒▒▒▒▒ ▒▒▒▒▒▒▒▒▒▒ ▒▒▒▒▒▒▒▒▒▒

▒▒▒▒▒▒▒▒▒▒ ▒▒▒▒▒▒▒▒▒▒ ▒▒▒▒▒▒▒▒▒▒ ▒▒▒▒▒▒▒▒▒▒ ▒▒▒▒▒▒▒▒▒▒

▒▒▒▒▒▒▒▒▒▒ ▒▒▒▒▒▒▒▒▒▒ ▒▒▒▒▒▒▒▒▒▒ ▒▒▒▒▒▒▒▒▒▒ ▒▒▒▒▒▒▒▒▒▒

▒▒▒▒▒▒▒▒▒▒ ▒▒▒▒▒▒▒▒▒▒ ▒▒▒▒▒▒▒▒▒▒ ▒▒▒▒▒▒▒▒▒▒ ▒▒▒▒▒▒▒▒▒▒

▒▒▒▒▒▒▒▒▒▒ ▒▒▒▒▒▒▒▒▒▒ ▒▒▒▒▒▒▒▒▒▒ ▒▒▒▒▒▒▒▒▒▒ ▒▒▒▒▒▒▒▒▒▒

▒▒▒▒▒▒▒▒▒▒ ▒▒▒▒▒▒▒▒▒▒ ▒▒▒▒▒▒▒▒▒▒ ▒▒▒▒▒▒▒▒▒▒ ▒▒▒▒▒▒▒▒▒▒

▒▒▒▒▒▒▒▒▒▒ ▒▒▒▒▒▒▒▒▒▒ ▒▒▒▒▒▒▒▒▒▒ ▒▒▒▒▒▒▒▒▒▒ ▒▒▒▒▒▒▒▒▒▒

▒▒▒▒▒▒▒▒▒▒ ▒▒▒▒▒▒▒▒▒▒ ▒▒▒▒▒▒▒▒▒▒ ▒▒▒▒▒▒▒▒▒▒ ▒▒▒▒▒▒▒▒▒▒

▒▒▒▒▒▒▒▒▒▒ ▒▒▒▒▒▒▒▒▒▒ ▒▒▒▒▒▒▒▒▒▒ ▒▒▒▒▒▒▒▒▒▒ ▒▒▒▒▒▒▒▒▒▒

▒▒▒▒▒▒▒▒▒▒ ▒▒▒▒▒▒▒▒▒▒ ▒▒▒▒▒▒▒▒▒▒ ▒▒▒▒▒▒▒▒▒▒ ▒▒▒▒▒▒▒▒▒▒

▒▒▒▒▒▒▒▒▒▒ ▒▒▒▒▒▒▒▒▒▒ ▒▒▒▒▒▒▒▒▒▒ ▒▒▒▒▒▒▒▒▒▒ ▒▒▒▒▒▒▒▒▒▒

▒▒▒▒▒▒▒▒▒▒ ▒▒▒▒▒▒▒▒▒▒ ▒▒▒▒▒▒▒▒▒▒ ▒▒▒▒▒▒▒▒▒▒ ▒▒▒▒▒▒▒▒▒▒

▒▒▒▒▒▒▒▒▒▒ ▒▒▒▒▒▒▒▒▒▒ ▒▒▒▒▒▒▒▒▒▒ ▒▒▒▒▒▒▒▒▒▒ ▒▒▒▒▒▒▒▒▒▒

▒▒▒▒▒▒▒▒▒▒ ▒▒▒▒▒▒▒▒▒▒ ▒▒▒▒▒▒▒▒▒▒ ▒▒▒▒▒▒▒▒▒▒ ▒▒▒▒▒▒▒▒▒▒

▒▒▒▒▒▒▒▒▒▒ ▒▒▒▒▒▒▒▒▒▒ ▒▒▒▒▒▒▒▒▒▒ ▒▒▒▒▒▒▒▒▒▒ ▒▒▒▒▒▒▒▒▒▒

▒▒▒▒▒▒▒▒▒▒ ▒▒▒▒▒▒▒▒▒▒ ▒▒▒▒▒▒▒▒▒▒ ▒▒▒▒▒▒▒▒▒▒ ▒▒▒▒▒▒▒▒▒▒

▒▒▒▒▒▒▒▒▒▒ ▒▒▒▒▒▒▒▒▒▒ ▒▒▒▒▒▒▒▒▒▒ ▒▒▒▒▒▒▒▒▒▒ ▒▒▒▒▒▒▒▒▒▒

▒▒▒▒▒▒▒▒▒▒ ▒▒▒▒▒▒▒▒▒▒ ▒▒▒▒▒▒▒▒▒▒ ▒▒▒▒▒▒▒▒▒▒ ▒▒▒▒▒▒▒▒▒▒

▒▒▒▒▒▒▒▒▒▒ ▒▒▒▒▒▒▒▒▒▒ ▒▒▒▒▒▒▒▒▒▒ ▒▒▒▒▒▒▒▒▒▒ ▒▒▒▒▒▒▒▒▒▒

▒▒▒▒▒▒▒▒▒▒ ▒▒▒▒▒▒▒▒▒▒ ▒▒▒▒▒▒▒▒▒▒ ▒▒▒▒▒▒▒▒▒▒ ▒▒▒▒▒▒▒▒▒▒

▒▒▒▒▒▒▒▒▒▒ ▒▒▒▒▒▒▒▒▒▒ ▒▒▒▒▒▒▒▒▒▒ ▒▒▒▒▒▒▒▒▒▒ ▒▒▒▒▒▒▒▒▒▒

▒▒▒▒▒▒▒▒▒▒ ▒▒▒▒▒▒▒▒▒▒ ▒▒▒▒▒▒▒▒▒▒ ▒▒▒▒▒▒▒▒▒▒ ▒▒▒▒▒▒▒▒▒▒

▒▒▒▒▒▒▒▒▒▒ ▒▒▒▒▒▒▒▒▒▒ ▒▒▒▒▒▒▒▒▒▒ ▒▒▒▒▒▒▒▒▒▒ ▒▒▒▒▒▒▒▒▒▒

▒▒▒▒▒▒▒▒▒▒ ▒▒▒▒▒▒▒▒▒▒ ▒▒▒▒▒▒▒▒▒▒ ▒▒▒▒▒▒▒▒▒▒ ▒▒▒▒▒▒▒▒▒▒

▒▒▒▒▒▒▒▒▒▒ ▒▒▒▒▒▒▒▒▒▒ ▒▒▒▒▒▒▒▒▒▒ ▒▒▒▒▒▒▒▒▒▒ ▒▒▒▒▒▒▒▒▒▒

▒▒▒▒▒▒▒▒▒▒ ▒▒▒▒▒▒▒▒▒▒ ▒▒▒▒▒▒▒▒▒▒ ▒▒▒▒▒▒▒▒▒▒ ▒▒▒▒▒▒▒▒▒▒

▒▒▒▒▒▒▒▒▒▒ ▒▒▒▒▒▒▒▒▒▒ ▒▒▒▒▒▒▒▒▒▒ ▒▒▒▒▒▒▒▒▒▒ ▒▒▒▒▒▒▒▒▒▒

▒▒▒▒▒▒▒▒▒▒ ▒▒▒▒▒▒▒▒▒▒ ▒▒▒▒▒▒▒▒▒▒ ▒▒▒▒▒▒▒▒▒▒ ▒▒▒▒▒▒▒▒▒▒

▒▒▒▒▒▒▒▒▒▒ ▒▒▒▒▒▒▒▒▒▒ ▒▒▒▒▒▒▒▒▒▒ ▒▒▒▒▒▒▒▒▒▒ ▒▒▒▒▒▒▒▒▒▒

▒▒▒▒▒▒▒▒▒▒ ▒▒▒▒▒▒▒▒▒▒ ▒▒▒▒▒▒▒▒▒▒ ▒▒▒▒▒▒▒▒▒▒ ▒▒▒▒▒▒▒▒▒▒

▒▒▒▒▒▒▒▒▒▒ ▒▒▒▒▒▒▒▒▒▒ ▒▒▒▒▒▒▒▒▒▒ ▒▒▒▒▒▒▒▒▒▒ ▒▒▒▒▒▒▒▒▒▒

▒▒▒▒▒▒▒▒▒▒ ▒▒▒▒▒▒▒▒▒▒ ▒▒▒▒▒▒▒▒▒▒ ▒▒▒▒▒▒▒▒▒▒ ▒▒▒▒▒▒▒▒▒▒

▒▒▒▒▒▒▒▒▒▒ ▒▒▒▒▒▒▒▒▒▒ ▒▒▒▒▒▒▒▒▒▒ ▒▒▒▒▒▒▒▒▒▒ ▒▒▒▒▒▒▒▒▒▒

▒▒▒▒▒▒▒▒▒▒ ▒▒▒▒▒▒▒▒▒▒ ▒▒▒▒▒▒▒▒▒▒ ▒▒▒▒▒▒▒▒▒▒ ▒▒▒▒▒▒▒▒▒▒

▒▒▒▒▒▒▒▒▒▒ ▒▒▒▒▒▒▒▒▒▒ ▒▒▒▒▒▒▒▒▒▒ ▒▒▒▒▒▒▒▒▒▒ ▒▒▒▒▒▒▒▒▒▒

▒▒▒▒▒▒▒▒▒▒ ▒▒▒▒▒▒▒▒▒▒ ▒▒▒▒▒▒▒▒▒▒ ▒▒▒▒▒▒▒▒▒▒ ▒▒▒▒▒▒▒▒▒▒

▒▒▒▒▒▒▒▒▒▒ ▒▒▒▒▒▒▒▒▒▒ ▒▒▒▒▒▒▒▒▒▒ ▒▒▒▒▒▒▒▒▒▒ ▒▒▒▒▒▒▒▒▒▒

▒▒▒▒▒▒▒▒▒▒ ▒▒▒▒▒▒▒▒▒▒ ▒▒▒▒▒▒▒▒▒▒ ▒▒▒▒▒▒▒▒▒▒ ▒▒▒▒▒▒▒▒▒▒

▒▒▒▒▒▒▒▒▒▒ ▒▒▒▒▒▒▒▒▒▒ ▒▒▒▒▒▒▒▒▒▒ ▒▒▒▒▒▒▒▒▒▒ ▒▒▒▒▒▒▒▒▒▒

▒▒▒▒▒▒▒▒▒▒ ▒▒▒▒▒▒▒▒▒▒ ▒▒▒▒▒▒▒▒▒▒ ▒▒▒▒▒▒▒▒▒▒ ▒▒▒▒▒▒▒▒▒▒

▒▒▒▒▒▒▒▒▒▒ ▒▒▒▒▒▒▒▒▒▒ ▒▒▒▒▒▒▒▒▒▒ ▒▒▒▒▒▒▒▒▒▒ ▒▒▒▒▒▒▒▒▒▒

▒▒▒▒▒▒▒▒▒▒ ▒▒▒▒▒▒▒▒▒▒ ▒▒▒▒▒▒▒▒▒▒ ▒▒▒▒▒▒▒▒▒▒ ▒▒▒▒▒▒▒▒▒▒

▒▒▒▒▒▒▒▒▒▒ ▒▒▒▒▒▒▒▒▒▒ ▒▒▒▒▒▒▒▒▒▒ ▒▒▒▒▒▒▒▒▒▒ ▒▒▒▒▒▒▒▒▒▒

▒▒▒▒▒▒▒▒▒▒ ▒▒▒▒▒▒▒▒▒▒ ▒▒▒▒▒▒▒▒▒▒ ▒▒▒▒▒▒▒▒▒▒ ▒▒▒▒▒▒▒▒▒▒

▒▒▒▒▒▒▒▒▒▒ ▒▒▒▒▒▒▒▒▒▒ ▒▒▒▒▒▒▒▒▒▒ ▒▒▒▒▒▒▒▒▒▒ ▒▒▒▒▒▒▒▒▒▒

▒▒▒▒▒▒▒▒▒▒ ▒▒▒▒▒▒▒▒▒▒ ▒▒▒▒▒▒▒▒▒▒ ▒▒▒▒▒▒▒▒▒▒ ▒▒▒▒▒▒▒▒▒▒

▒▒▒▒▒▒▒▒▒▒ ▒▒▒▒▒▒▒▒▒▒ ▒▒▒▒▒▒▒▒▒▒ ▒▒▒▒▒▒▒▒▒▒ ▒▒▒▒▒▒▒▒▒▒

▒▒▒▒▒▒▒▒▒▒ ▒▒▒▒▒▒▒▒▒▒ ▒▒▒▒▒▒▒▒▒▒ ▒▒▒▒▒▒▒▒▒▒ ▒▒▒▒▒▒▒▒▒▒

▒▒▒▒▒▒▒▒▒▒ ▒▒▒▒▒▒▒▒▒▒ ▒▒▒▒▒▒▒▒▒▒ ▒▒▒▒▒▒▒▒▒▒ ▒▒▒▒▒▒▒▒▒▒

▒▒▒▒▒▒▒▒▒▒ ▒▒▒▒▒▒▒▒▒▒ ▒▒▒▒▒▒▒▒▒▒ ▒▒▒▒▒▒▒▒▒▒ ▒▒▒▒▒▒▒▒▒▒

▒▒▒▒▒▒▒▒▒▒ ▒▒▒▒▒▒▒▒▒▒ ▒▒▒▒▒▒▒▒▒▒ ▒▒▒▒▒▒▒▒▒▒ ▒▒▒▒▒▒▒▒▒▒

▒▒▒▒▒▒▒▒▒▒ ▒▒▒▒▒▒▒▒▒▒ ▒▒▒▒▒▒▒▒▒▒ ▒▒▒▒▒▒▒▒▒▒ ▒▒▒▒▒▒▒▒▒▒

▒▒▒▒▒▒▒▒▒▒ ▒▒▒▒▒▒▒▒▒▒ ▒▒▒▒▒▒▒▒▒▒ ▒▒▒▒▒▒▒▒▒▒ ▒▒▒▒▒▒▒▒▒▒

▒▒▒▒▒▒▒▒▒▒ ▒▒▒▒▒▒▒▒▒▒ ▒▒▒▒▒▒▒▒▒▒ ▒▒▒▒▒▒▒▒▒▒ ▒▒▒▒▒▒▒▒▒▒

▒▒▒▒▒▒▒▒▒▒ ▒▒▒▒▒▒▒▒▒▒ ▒▒▒▒▒▒▒▒▒▒ ▒▒▒▒▒▒▒▒▒▒ ▒▒▒▒▒▒▒▒▒▒

▒▒▒▒▒▒▒▒▒▒ ▒▒▒▒▒▒▒▒▒▒ ▒▒▒▒▒▒▒▒▒▒ ▒▒▒▒▒▒▒▒▒▒ ▒▒▒▒▒▒▒▒▒▒

▒▒▒▒▒▒▒▒▒▒ ▒▒▒▒▒▒▒▒▒▒ ▒▒▒▒▒▒▒▒▒▒ ▒▒▒▒▒▒▒▒▒▒ ▒▒▒▒▒▒▒▒▒▒

▒▒▒▒▒▒▒▒▒▒ ▒▒▒▒▒▒▒▒▒▒ ▒▒▒▒▒▒▒▒▒▒ ▒▒▒▒▒▒▒▒▒▒ ▒▒▒▒▒▒▒▒▒▒

▒▒▒▒▒▒▒▒▒▒ ▒▒▒▒▒▒▒▒▒▒ ▒▒▒▒▒▒▒▒▒▒ ▒▒▒▒▒▒▒▒▒▒ ▒▒▒▒▒▒▒▒▒▒

▒▒▒▒▒▒▒▒▒▒ ▒▒▒▒▒▒▒▒▒▒ ▒▒▒▒▒▒▒▒▒▒ ▒▒▒▒▒▒▒▒▒▒ ▒▒▒▒▒▒▒▒▒▒

▒▒▒▒▒▒▒▒▒▒ ▒▒▒▒▒▒▒▒▒▒ ▒▒▒▒▒▒▒▒▒▒ ▒▒▒▒▒▒▒▒▒▒ ▒▒▒▒▒▒▒▒▒▒

▒▒▒▒▒▒▒▒▒▒ ▒▒▒▒▒▒▒▒▒▒ ▒▒▒▒▒▒▒▒▒▒ ▒▒▒▒▒▒▒▒▒▒ ▒▒▒▒▒▒▒▒▒▒

▒▒▒▒▒▒▒▒▒▒ ▒▒▒▒▒▒▒▒▒▒ ▒▒▒▒▒▒▒▒▒▒ ▒▒▒▒▒▒▒▒▒▒ ▒▒▒▒▒▒▒▒▒▒

▒▒▒▒▒▒▒▒▒▒ ▒▒▒▒▒▒▒▒▒▒ ▒▒▒▒▒▒▒▒▒▒ ▒▒▒▒▒▒▒▒▒▒ ▒▒▒▒▒▒▒▒▒▒

▒▒▒▒▒▒▒▒▒▒ ▒▒▒▒▒▒▒▒▒▒ ▒▒▒▒▒▒▒▒▒▒ ▒▒▒▒▒▒▒▒▒▒ ▒▒▒▒▒▒▒▒▒▒

▒▒▒▒▒▒▒▒▒▒ ▒▒▒▒▒▒▒▒▒▒ ▒▒▒▒▒▒▒▒▒▒ ▒▒▒▒▒▒▒▒▒▒ ▒▒▒▒▒▒▒▒▒▒

▒▒▒▒▒▒▒▒▒▒ ▒▒▒▒▒▒▒▒▒▒ ▒▒▒▒▒▒▒▒▒▒ ▒▒▒▒▒▒▒▒▒▒ █▒▒▒▒▒▒▒▒▒

▒▒▒▒▒▒▒▒▒▒ ▒▒▒▒▒▒▒▒▒▒ ▒▒▒▒▒▒▒▒▒▒ ▒▒▒▒▒▒▒▒▒▒ ▒▒▒▒▒▒▒▒▒▒

▒▒▒▒▒▒▒▒▒▒ ▒▒▒▒▒▒▒▒▒▒ ▒▒▒▒▒▒▒▒▒▒ ▒▒▒▒▒▒▒▒▒▒ ▒▒▒▒▒▒▒▒▒▒

▒▒▒▒▒▒▒▒▒▒ ▒▒▒▒▒▒▒▒▒▒ ▒▒▒▒▒▒▒▒▒▒ ▒▒▒▒▒▒▒▒▒▒ ▒▒▒▒▒▒▒▒▒▒

█▒▒▒▒▒▒▒▒▒ ▒▒▒▒▒▒▒▒▒▒ ▒▒▒▒▒▒▒▒▒▒ ▒▒▒▒▒▒▒▒▒▒ ▒▒▒▒▒▒▒▒▒▒

▒▒▒▒▒▒▒▒▒▒ ▒▒▒▒▒▒▒▒▒▒ ▒▒▒▒▒▒▒▒▒▒ ▒▒▒▒▒▒▒▒▒▒ ▒▒▒▒▒▒▒▒▒▒

▒▒▒▒▒▒▒▒▒▒ ▒▒▒▒▒▒▒▒▒▒ ▒▒▒▒▒▒▒▒▒▒ ▒▒▒▒▒▒▒▒▒▒ ▒▒▒▒▒▒▒▒▒▒

▒▒▒▒▒▒▒▒▒▒ ▒▒▒▒▒▒▒▒▒▒ ▒▒▒▒▒▒▒▒▒▒ ▒▒▒▒▒▒▒▒▒▒ ▒▒▒▒▒▒▒▒▒▒

▒▒▒▒▒▒▒▒▒▒ ▒▒▒▒▒▒▒▒▒▒ ▒▒▒▒▒▒▒▒▒▒ ▒▒▒▒▒▒▒▒▒▒ ▒▒▒▒▒▒▒▒▒▒

▒▒▒▒▒▒▒▒▒▒ ▒▒▒▒▒▒▒▒▒▒ █▒▒▒▒▒▒▒▒▒ ▒▒▒▒▒▒▒▒▒▒ ▒▒▒▒▒▒▒▒▒▒

▒▒▒▒▒▒▒▒▒▒ ▒▒▒▒▒▒▒▒▒▒ ▒▒▒▒▒▒▒▒▒▒ ▒▒▒▒▒▒▒▒▒▒ ▒▒▒▒▒▒▒▒▒▒

▒▒▒▒▒▒▒▒▒▒ ▒▒▒▒▒▒▒▒▒▒ ▒▒▒▒▒▒▒▒▒▒ ▒▒▒▒▒▒▒▒▒▒ ▒▒▒▒▒▒▒▒▒▒

▒▒▒▒▒▒▒▒▒▒ ▒▒▒▒▒▒▒▒▒▒ ▒▒▒▒▒▒▒▒▒▒ ▒▒▒▒▒▒▒▒▒▒ ▒▒▒▒▒▒▒▒▒▒

▒▒▒▒▒▒▒▒▒▒ ▒▒▒▒▒▒▒▒▒▒ ▒▒▒▒▒▒▒▒▒▒ ▒▒▒▒▒▒▒▒▒▒ ▒▒▒▒▒▒▒▒▒▒

▒▒▒▒▒▒▒▒▒▒ ▒▒▒▒▒▒▒▒▒▒ ▒▒▒▒▒▒▒▒▒▒ ▒▒▒▒▒▒▒▒▒▒ ▒▒▒▒▒▒▒▒▒▒

▒▒▒▒▒▒▒▒▒▒ ▒▒▒▒▒▒▒▒▒▒ ▒▒▒▒▒▒▒▒▒▒ ▒▒▒▒▒▒▒▒▒▒ ▒▒▒▒▒▒▒▒▒▒

▒▒▒▒▒▒▒▒▒▒ ▒▒▒▒▒▒▒▒▒▒ ▒▒▒▒▒▒▒▒▒▒ ▒▒▒▒▒▒▒▒▒▒ ▒▒▒▒▒▒▒▒▒▒

▒▒▒▒▒▒▒▒▒▒ ▒▒▒▒▒▒▒▒▒▒ ▒▒▒▒▒▒▒▒▒▒ ▒▒▒▒▒▒▒▒▒▒ ▒▒▒▒▒▒▒▒▒▒

▒▒▒▒▒▒▒▒▒▒ ▒▒▒▒▒▒▒▒▒▒ █▒▒▒▒▒▒▒▒▒ ▒▒▒▒▒▒▒▒▒▒ ▒▒▒▒▒▒▒▒▒▒

▒▒▒▒▒▒▒▒▒▒ ▒▒▒▒▒▒▒▒▒▒ ▒▒▒▒▒▒▒▒▒▒ ▒▒▒▒▒▒▒▒▒▒ ▒▒▒▒▒▒▒▒▒▒

▒▒▒▒▒▒▒▒▒▒ ▒▒▒▒▒▒▒▒▒▒ ▒▒▒▒▒▒▒▒▒▒ ▒▒▒▒▒▒▒▒▒▒ █▒▒▒▒▒▒▒▒▒

▒▒▒▒▒▒▒▒▒▒ ▒▒▒▒▒▒▒▒▒▒ █▒▒▒▒▒▒▒▒▒ ▒▒▒▒▒▒▒▒▒▒ ▒▒▒▒▒▒▒▒▒▒

▒▒▒▒▒▒▒▒▒▒ █▒▒▒▒▒▒▒▒▒ ▒▒▒▒▒▒▒▒▒▒ ▒▒▒▒▒▒▒▒▒▒ ▒▒▒▒▒▒▒▒▒▒

▒▒▒▒▒▒▒▒▒▒ ▒▒▒▒▒▒▒▒▒▒ ▒▒▒▒▒▒▒▒▒▒ ▒▒▒▒▒▒▒▒▒▒ ▒▒▒▒▒▒▒▒▒▒

▒▒▒▒▒▒▒▒▒▒ █▒▒▒▒▒▒▒▒▒ ▒▒▒▒▒▒▒▒▒▒ ▒▒▒▒▒▒▒▒▒▒ ▒▒▒▒▒▒▒▒▒▒

▒▒▒▒▒▒▒▒▒▒ ▒▒▒▒▒▒▒▒▒▒ ▒▒▒▒▒▒▒▒▒▒ ▒▒▒▒▒▒▒▒▒▒ ▒▒▒▒▒▒▒▒▒▒

▒▒▒▒▒▒▒▒▒▒ ▒▒▒▒▒▒▒▒▒▒ ▒▒▒▒▒▒▒▒▒▒ ▒▒▒▒▒▒▒▒▒▒ ▒▒▒▒▒▒▒▒▒▒

▒▒▒▒▒▒▒▒▒▒ █▒▒▒▒▒▒▒▒▒ ▒▒▒▒▒▒▒▒▒▒ █▒▒▒▒▒▒▒▒▒ ▒▒▒▒▒▒▒▒▒▒

▒▒▒▒▒▒▒▒▒▒ ▒▒▒▒▒▒▒▒▒▒ █▒▒▒▒▒▒▒▒▒ █▒▒▒▒▒▒▒▒▒ ▒▒▒▒▒▒▒▒▒▒

▒▒▒▒▒▒▒▒▒▒ ▒▒▒▒▒▒▒▒▒▒ █▒▒▒▒▒▒▒▒▒ ▒▒▒▒▒▒▒▒▒▒ ▒▒▒▒▒▒▒▒▒▒

▒▒▒▒▒▒▒▒▒▒ █▒▒▒▒▒▒▒▒▒ ██▒▒▒▒▒▒▒▒ █▒▒▒▒▒▒▒▒▒ █▒▒▒▒▒▒▒▒▒

▒▒▒▒▒▒▒▒▒▒ ▒▒▒▒▒▒▒▒▒▒ ▒▒▒▒▒▒▒▒▒▒ ▒▒▒▒▒▒▒▒▒▒ █▒▒▒▒▒▒▒▒▒

█▒▒▒▒▒▒▒▒▒ ▒▒▒▒▒▒▒▒▒▒ ▒▒▒▒▒▒▒▒▒▒ ▒▒▒▒▒▒▒▒▒▒ ▒▒▒▒▒▒▒▒▒▒

██▒▒▒▒▒▒▒▒ ▒▒▒▒▒▒▒▒▒▒ █▒▒▒▒▒▒▒▒▒ ▒▒▒▒▒▒▒▒▒▒ ▒▒▒▒▒▒▒▒▒▒

█▒▒▒▒▒▒▒▒▒ ▒▒▒▒▒▒▒▒▒▒ ▒▒▒▒▒▒▒▒▒▒ ▒▒▒▒▒▒▒▒▒▒ ▒▒▒▒▒▒▒▒▒▒

█▒▒▒▒▒▒▒▒▒ ▒▒▒▒▒▒▒▒▒▒ ▒▒▒▒▒▒▒▒▒▒ ▒▒▒▒▒▒▒▒▒▒ █▒▒▒▒▒▒▒▒▒

█▒▒▒▒▒▒▒▒▒ ██▒▒▒▒▒▒▒▒ ▒▒▒▒▒▒▒▒▒▒ ▒▒▒▒▒▒▒▒▒▒ █▒▒▒▒▒▒▒▒▒

██▒▒▒▒▒▒▒▒ ▒▒▒▒▒▒▒▒▒▒ █▒▒▒▒▒▒▒▒▒ █▒▒▒▒▒▒▒▒▒ ▒▒▒▒▒▒▒▒▒▒

██▒▒▒▒▒▒▒▒ █▒▒▒▒▒▒▒▒▒ █▒▒▒▒▒▒▒▒▒ ▒▒▒▒▒▒▒▒▒▒ ██▒▒▒▒▒▒▒▒
-------------------------------------------------

With most commons english passwords
-------------------------------------------------

▒▒▒▒▒▒▒▒▒▒ ▒▒▒▒▒▒▒▒▒▒ ▒▒▒▒▒▒▒▒▒▒ ▒▒▒▒▒▒▒▒▒▒ ▒▒▒▒▒▒▒▒▒▒

▒▒▒▒▒▒▒▒▒▒ ▒▒▒▒▒▒▒▒▒▒ ▒▒▒▒▒▒▒▒▒▒ ▒▒▒▒▒▒▒▒▒▒ ▒▒▒▒▒▒▒▒▒▒

▒▒▒▒▒▒▒▒▒▒ ▒▒▒▒▒▒▒▒▒▒ ▒▒▒▒▒▒▒▒▒▒ ▒▒▒▒▒▒▒▒▒▒ ▒▒▒▒▒▒▒▒▒▒

▒▒▒▒▒▒▒▒▒▒ ▒▒▒▒▒▒▒▒▒▒ ▒▒▒▒▒▒▒▒▒▒ ▒▒▒▒▒▒▒▒▒▒ ▒▒▒▒▒▒▒▒▒▒

▒▒▒▒▒▒▒▒▒▒ ▒▒▒▒▒▒▒▒▒▒ ▒▒▒▒▒▒▒▒▒▒ ▒▒▒▒▒▒▒▒▒▒ ▒▒▒▒▒▒▒▒▒▒

▒▒▒▒▒▒▒▒▒▒ ▒▒▒▒▒▒▒▒▒▒ ▒▒▒▒▒▒▒▒▒▒ ▒▒▒▒▒▒▒▒▒▒ ▒▒▒▒▒▒▒▒▒▒

▒▒▒▒▒▒▒▒▒▒ ▒▒▒▒▒▒▒▒▒▒ ▒▒▒▒▒▒▒▒▒▒ ▒▒▒▒▒▒▒▒▒▒ ▒▒▒▒▒▒▒▒▒▒

▒▒▒▒▒▒▒▒▒▒ ▒▒▒▒▒▒▒▒▒▒ ▒▒▒▒▒▒▒▒▒▒ ▒▒▒▒▒▒▒▒▒▒ ▒▒▒▒▒▒▒▒▒▒

▒▒▒▒▒▒▒▒▒▒ ▒▒▒▒▒▒▒▒▒▒ ▒▒▒▒▒▒▒▒▒▒ ▒▒▒▒▒▒▒▒▒▒ ▒▒▒▒▒▒▒▒▒▒

▒▒▒▒▒▒▒▒▒▒ ▒▒▒▒▒▒▒▒▒▒ ▒▒▒▒▒▒▒▒▒▒ ▒▒▒▒▒▒▒▒▒▒ ▒▒▒▒▒▒▒▒▒▒

▒▒▒▒▒▒▒▒▒▒ ▒▒▒▒▒▒▒▒▒▒ ▒▒▒▒▒▒▒▒▒▒ ▒▒▒▒▒▒▒▒▒▒ ▒▒▒▒▒▒▒▒▒▒

▒▒▒▒▒▒▒▒▒▒ ▒▒▒▒▒▒▒▒▒▒ ▒▒▒▒▒▒▒▒▒▒ ▒▒▒▒▒▒▒▒▒▒ ▒▒▒▒▒▒▒▒▒▒

▒▒▒▒▒▒▒▒▒▒ ▒▒▒▒▒▒▒▒▒▒ ▒▒▒▒▒▒▒▒▒▒ ▒▒▒▒▒▒▒▒▒▒ ▒▒▒▒▒▒▒▒▒▒

▒▒▒▒▒▒▒▒▒▒ ▒▒▒▒▒▒▒▒▒▒ ▒▒▒▒▒▒▒▒▒▒ ▒▒▒▒▒▒▒▒▒▒ ▒▒▒▒▒▒▒▒▒▒

▒▒▒▒▒▒▒▒▒▒ ▒▒▒▒▒▒▒▒▒▒ ▒▒▒▒▒▒▒▒▒▒ ▒▒▒▒▒▒▒▒▒▒ ▒▒▒▒▒▒▒▒▒▒

▒▒▒▒▒▒▒▒▒▒ ▒▒▒▒▒▒▒▒▒▒ ▒▒▒▒▒▒▒▒▒▒ ▒▒▒▒▒▒▒▒▒▒ ▒▒▒▒▒▒▒▒▒▒

▒▒▒▒▒▒▒▒▒▒ ▒▒▒▒▒▒▒▒▒▒ ▒▒▒▒▒▒▒▒▒▒ ▒▒▒▒▒▒▒▒▒▒ ▒▒▒▒▒▒▒▒▒▒

▒▒▒▒▒▒▒▒▒▒ ▒▒▒▒▒▒▒▒▒▒ ▒▒▒▒▒▒▒▒▒▒ ▒▒▒▒▒▒▒▒▒▒ ▒▒▒▒▒▒▒▒▒▒

▒▒▒▒▒▒▒▒▒▒ ▒▒▒▒▒▒▒▒▒▒ ▒▒▒▒▒▒▒▒▒▒ ▒▒▒▒▒▒▒▒▒▒ ▒▒▒▒▒▒▒▒▒▒

▒▒▒▒▒▒▒▒▒▒ ▒▒▒▒▒▒▒▒▒▒ ▒▒▒▒▒▒▒▒▒▒ ▒▒▒▒▒▒▒▒▒▒ ▒▒▒▒▒▒▒▒▒▒

▒▒▒▒▒▒▒▒▒▒ ▒▒▒▒▒▒▒▒▒▒ ▒▒▒▒▒▒▒▒▒▒ ▒▒▒▒▒▒▒▒▒▒ ▒▒▒▒▒▒▒▒▒▒

▒▒▒▒▒▒▒▒▒▒ ▒▒▒▒▒▒▒▒▒▒ ▒▒▒▒▒▒▒▒▒▒ ▒▒▒▒▒▒▒▒▒▒ ▒▒▒▒▒▒▒▒▒▒

▒▒▒▒▒▒▒▒▒▒ ▒▒▒▒▒▒▒▒▒▒ ▒▒▒▒▒▒▒▒▒▒ ▒▒▒▒▒▒▒▒▒▒ ▒▒▒▒▒▒▒▒▒▒

▒▒▒▒▒▒▒▒▒▒ ▒▒▒▒▒▒▒▒▒▒ ▒▒▒▒▒▒▒▒▒▒ ▒▒▒▒▒▒▒▒▒▒ ▒▒▒▒▒▒▒▒▒▒

▒▒▒▒▒▒▒▒▒▒ ▒▒▒▒▒▒▒▒▒▒ ▒▒▒▒▒▒▒▒▒▒ ▒▒▒▒▒▒▒▒▒▒ ▒▒▒▒▒▒▒▒▒▒

▒▒▒▒▒▒▒▒▒▒ ▒▒▒▒▒▒▒▒▒▒ ▒▒▒▒▒▒▒▒▒▒ ▒▒▒▒▒▒▒▒▒▒ ▒▒▒▒▒▒▒▒▒▒

▒▒▒▒▒▒▒▒▒▒ ▒▒▒▒▒▒▒▒▒▒ ▒▒▒▒▒▒▒▒▒▒ ▒▒▒▒▒▒▒▒▒▒ ▒▒▒▒▒▒▒▒▒▒

▒▒▒▒▒▒▒▒▒▒ ▒▒▒▒▒▒▒▒▒▒ ▒▒▒▒▒▒▒▒▒▒ ▒▒▒▒▒▒▒▒▒▒ ▒▒▒▒▒▒▒▒▒▒

▒▒▒▒▒▒▒▒▒▒ ▒▒▒▒▒▒▒▒▒▒ ▒▒▒▒▒▒▒▒▒▒ ▒▒▒▒▒▒▒▒▒▒ ▒▒▒▒▒▒▒▒▒▒

▒▒▒▒▒▒▒▒▒▒ ▒▒▒▒▒▒▒▒▒▒ ▒▒▒▒▒▒▒▒▒▒ ▒▒▒▒▒▒▒▒▒▒ ▒▒▒▒▒▒▒▒▒▒

▒▒▒▒▒▒▒▒▒▒ ▒▒▒▒▒▒▒▒▒▒ ▒▒▒▒▒▒▒▒▒▒ ▒▒▒▒▒▒▒▒▒▒ ▒▒▒▒▒▒▒▒▒▒

▒▒▒▒▒▒▒▒▒▒ ▒▒▒▒▒▒▒▒▒▒ ▒▒▒▒▒▒▒▒▒▒ ▒▒▒▒▒▒▒▒▒▒ ▒▒▒▒▒▒▒▒▒▒

▒▒▒▒▒▒▒▒▒▒ ▒▒▒▒▒▒▒▒▒▒ ▒▒▒▒▒▒▒▒▒▒ ▒▒▒▒▒▒▒▒▒▒ ▒▒▒▒▒▒▒▒▒▒

▒▒▒▒▒▒▒▒▒▒ ▒▒▒▒▒▒▒▒▒▒ ▒▒▒▒▒▒▒▒▒▒ ▒▒▒▒▒▒▒▒▒▒ ▒▒▒▒▒▒▒▒▒▒

▒▒▒▒▒▒▒▒▒▒ ▒▒▒▒▒▒▒▒▒▒ ▒▒▒▒▒▒▒▒▒▒ ▒▒▒▒▒▒▒▒▒▒ ▒▒▒▒▒▒▒▒▒▒

▒▒▒▒▒▒▒▒▒▒ ▒▒▒▒▒▒▒▒▒▒ ▒▒▒▒▒▒▒▒▒▒ ▒▒▒▒▒▒▒▒▒▒ ▒▒▒▒▒▒▒▒▒▒

▒▒▒▒▒▒▒▒▒▒ ▒▒▒▒▒▒▒▒▒▒ ▒▒▒▒▒▒▒▒▒▒ ▒▒▒▒▒▒▒▒▒▒ ▒▒▒▒▒▒▒▒▒▒

▒▒▒▒▒▒▒▒▒▒ ▒▒▒▒▒▒▒▒▒▒ ▒▒▒▒▒▒▒▒▒▒ ▒▒▒▒▒▒▒▒▒▒ ▒▒▒▒▒▒▒▒▒▒

▒▒▒▒▒▒▒▒▒▒ ▒▒▒▒▒▒▒▒▒▒ █▒▒▒▒▒▒▒▒▒ ▒▒▒▒▒▒▒▒▒▒ █▒▒▒▒▒▒▒▒▒

▒▒▒▒▒▒▒▒▒▒ █▒▒▒▒▒▒▒▒▒ ▒▒▒▒▒▒▒▒▒▒ ██▒▒▒▒▒▒▒▒ ▒▒▒▒▒▒▒▒▒▒

██▒▒▒▒▒▒▒▒ ▒▒▒▒▒▒▒▒▒▒ ██▒▒▒▒▒▒▒▒ █▒▒▒▒▒▒▒▒▒ █▒▒▒▒▒▒▒▒▒

▒▒▒▒▒▒▒▒▒▒ ▒▒▒▒▒▒▒▒▒▒ ▒▒▒▒▒▒▒▒▒▒ █▒▒▒▒▒▒▒▒▒ ▒▒▒▒▒▒▒▒▒▒

█▒▒▒▒▒▒▒▒▒ ██▒▒▒▒▒▒▒▒ ███▒▒▒▒▒▒▒ ██▒▒▒▒▒▒▒▒ ████▒▒▒▒▒▒

██▒▒▒▒▒▒▒▒ ███▒▒▒▒▒▒▒ ███▒▒▒▒▒▒▒ ██▒▒▒▒▒▒▒▒ █▒▒▒▒▒▒▒▒▒

█▒▒▒▒▒▒▒▒▒ ▒▒▒▒▒▒▒▒▒▒ █▒▒▒▒▒▒▒▒▒ ▒▒▒▒▒▒▒▒▒▒ █▒▒▒▒▒▒▒▒▒

▒▒▒▒▒▒▒▒▒▒ ▒▒▒▒▒▒▒▒▒▒ ▒▒▒▒▒▒▒▒▒▒ █▒▒▒▒▒▒▒▒▒ ▒▒▒▒▒▒▒▒▒▒

▒▒▒▒▒▒▒▒▒▒ ▒▒▒▒▒▒▒▒▒▒ ▒▒▒▒▒▒▒▒▒▒ ▒▒▒▒▒▒▒▒▒▒ ▒▒▒▒▒▒▒▒▒▒

▒▒▒▒▒▒▒▒▒▒ ▒▒▒▒▒▒▒▒▒▒ ▒▒▒▒▒▒▒▒▒▒ ▒▒▒▒▒▒▒▒▒▒ ▒▒▒▒▒▒▒▒▒▒

█▒▒▒▒▒▒▒▒▒ ▒▒▒▒▒▒▒▒▒▒ ▒▒▒▒▒▒▒▒▒▒ ▒▒▒▒▒▒▒▒▒▒ ▒▒▒▒▒▒▒▒▒▒

█▒▒▒▒▒▒▒▒▒ ▒▒▒▒▒▒▒▒▒▒ ▒▒▒▒▒▒▒▒▒▒ ▒▒▒▒▒▒▒▒▒▒ █▒▒▒▒▒▒▒▒▒

▒▒▒▒▒▒▒▒▒▒ ▒▒▒▒▒▒▒▒▒▒ ▒▒▒▒▒▒▒▒▒▒ ▒▒▒▒▒▒▒▒▒▒ ▒▒▒▒▒▒▒▒▒▒

██▒▒▒▒▒▒▒▒ ▒▒▒▒▒▒▒▒▒▒ ▒▒▒▒▒▒▒▒▒▒ ▒▒▒▒▒▒▒▒▒▒ ▒▒▒▒▒▒▒▒▒▒

▒▒▒▒▒▒▒▒▒▒ ▒▒▒▒▒▒▒▒▒▒ ▒▒▒▒▒▒▒▒▒▒ ▒▒▒▒▒▒▒▒▒▒ ▒▒▒▒▒▒▒▒▒▒

█▒▒▒▒▒▒▒▒▒ ▒▒▒▒▒▒▒▒▒▒ ▒▒▒▒▒▒▒▒▒▒ ▒▒▒▒▒▒▒▒▒▒ ▒▒▒▒▒▒▒▒▒▒

▒▒▒▒▒▒▒▒▒▒ ▒▒▒▒▒▒▒▒▒▒ ▒▒▒▒▒▒▒▒▒▒ ▒▒▒▒▒▒▒▒▒▒ ▒▒▒▒▒▒▒▒▒▒

▒▒▒▒▒▒▒▒▒▒ ▒▒▒▒▒▒▒▒▒▒ ▒▒▒▒▒▒▒▒▒▒ ▒▒▒▒▒▒▒▒▒▒ ▒▒▒▒▒▒▒▒▒▒

▒▒▒▒▒▒▒▒▒▒ ▒▒▒▒▒▒▒▒▒▒ ▒▒▒▒▒▒▒▒▒▒ ▒▒▒▒▒▒▒▒▒▒ ▒▒▒▒▒▒▒▒▒▒

▒▒▒▒▒▒▒▒▒▒ ▒▒▒▒▒▒▒▒▒▒ ▒▒▒▒▒▒▒▒▒▒ █▒▒▒▒▒▒▒▒▒ ▒▒▒▒▒▒▒▒▒▒

▒▒▒▒▒▒▒▒▒▒ █▒▒▒▒▒▒▒▒▒ ▒▒▒▒▒▒▒▒▒▒ ▒▒▒▒▒▒▒▒▒▒ ████▒▒▒▒▒▒

▒▒▒▒▒▒▒▒▒▒ ▒▒▒▒▒▒▒▒▒▒ ███▒▒▒▒▒▒▒ ▒▒▒▒▒▒▒▒▒▒ ▒▒▒▒▒▒▒▒▒▒

██████▒▒▒▒ ▒▒▒▒▒▒▒▒▒▒ █▒▒▒▒▒▒▒▒▒ ██▒▒▒▒▒▒▒▒ ▒▒▒▒▒▒▒▒▒▒

▒▒▒▒▒▒▒▒▒▒ ███▒▒▒▒▒▒▒ ▒▒▒▒▒▒▒▒▒▒ ▒▒▒▒▒▒▒▒▒▒ ████▒▒▒▒▒▒

▒▒▒▒▒▒▒▒▒▒ ▒▒▒▒▒▒▒▒▒▒ ██▒▒▒▒▒▒▒▒ █▒▒▒▒▒▒▒▒▒ ▒▒▒▒▒▒▒▒▒▒

██▒▒▒▒▒▒▒▒ ▒▒▒▒▒▒▒▒▒▒ ▒▒▒▒▒▒▒▒▒▒ ███████▒▒▒ ▒▒▒▒▒▒▒▒▒▒

▒▒▒▒▒▒▒▒▒▒ ▒▒▒▒▒▒▒▒▒▒ ▒▒▒▒▒▒▒▒▒▒ █▒▒▒▒▒▒▒▒▒ █▒▒▒▒▒▒▒▒▒

▒▒▒▒▒▒▒▒▒▒ ▒▒▒▒▒▒▒▒▒▒ ███▒▒▒▒▒▒▒ ▒▒▒▒▒▒▒▒▒▒ ▒▒▒▒▒▒▒▒▒▒

█▒▒▒▒▒▒▒▒▒ ▒▒▒▒▒▒▒▒▒▒ ▒▒▒▒▒▒▒▒▒▒ █▒▒▒▒▒▒▒▒▒ ▒▒▒▒▒▒▒▒▒▒

▒▒▒▒▒▒▒▒▒▒ █▒▒▒▒▒▒▒▒▒ ▒▒▒▒▒▒▒▒▒▒ ▒▒▒▒▒▒▒▒▒▒ ▒▒▒▒▒▒▒▒▒▒

▒▒▒▒▒▒▒▒▒▒ ▒▒▒▒▒▒▒▒▒▒ █▒▒▒▒▒▒▒▒▒ █▒▒▒▒▒▒▒▒▒ ▒▒▒▒▒▒▒▒▒▒

▒▒▒▒▒▒▒▒▒▒ ▒▒▒▒▒▒▒▒▒▒ ▒▒▒▒▒▒▒▒▒▒ ▒▒▒▒▒▒▒▒▒▒ ▒▒▒▒▒▒▒▒▒▒

▒▒▒▒▒▒▒▒▒▒ ▒▒▒▒▒▒▒▒▒▒ ██▒▒▒▒▒▒▒▒ ▒▒▒▒▒▒▒▒▒▒ ▒▒▒▒▒▒▒▒▒▒

▒▒▒▒▒▒▒▒▒▒ ▒▒▒▒▒▒▒▒▒▒ ▒▒▒▒▒▒▒▒▒▒ ▒▒▒▒▒▒▒▒▒▒ ▒▒▒▒▒▒▒▒▒▒

▒▒▒▒▒▒▒▒▒▒ ▒▒▒▒▒▒▒▒▒▒ ▒▒▒▒▒▒▒▒▒▒ ▒▒▒▒▒▒▒▒▒▒ ██▒▒▒▒▒▒▒▒

▒▒▒▒▒▒▒▒▒▒ ▒▒▒▒▒▒▒▒▒▒ ▒▒▒▒▒▒▒▒▒▒ █▒▒▒▒▒▒▒▒▒ ▒▒▒▒▒▒▒▒▒▒

▒▒▒▒▒▒▒▒▒▒ ▒▒▒▒▒▒▒▒▒▒ ▒▒▒▒▒▒▒▒▒▒ ▒▒▒▒▒▒▒▒▒▒ █▒▒▒▒▒▒▒▒▒

▒▒▒▒▒▒▒▒▒▒ ▒▒▒▒▒▒▒▒▒▒ ▒▒▒▒▒▒▒▒▒▒ ▒▒▒▒▒▒▒▒▒▒ ▒▒▒▒▒▒▒▒▒▒

▒▒▒▒▒▒▒▒▒▒ ▒▒▒▒▒▒▒▒▒▒ ▒▒▒▒▒▒▒▒▒▒ █▒▒▒▒▒▒▒▒▒ ██▒▒▒▒▒▒▒▒

█▒▒▒▒▒▒▒▒▒ ▒▒▒▒▒▒▒▒▒▒ ▒▒▒▒▒▒▒▒▒▒ █▒▒▒▒▒▒▒▒▒ ▒▒▒▒▒▒▒▒▒▒

█▒▒▒▒▒▒▒▒▒ ▒▒▒▒▒▒▒▒▒▒ █▒▒▒▒▒▒▒▒▒ ▒▒▒▒▒▒▒▒▒▒ ▒▒▒▒▒▒▒▒▒▒

▒▒▒▒▒▒▒▒▒▒ █▒▒▒▒▒▒▒▒▒ █▒▒▒▒▒▒▒▒▒ ▒▒▒▒▒▒▒▒▒▒ ▒▒▒▒▒▒▒▒▒▒

▒▒▒▒▒▒▒▒▒▒ ▒▒▒▒▒▒▒▒▒▒ ▒▒▒▒▒▒▒▒▒▒ ▒▒▒▒▒▒▒▒▒▒ ████▒▒▒▒▒▒

▒▒▒▒▒▒▒▒▒▒ ██▒▒▒▒▒▒▒▒ ▒▒▒▒▒▒▒▒▒▒ ▒▒▒▒▒▒▒▒▒▒ █▒▒▒▒▒▒▒▒▒

█▒▒▒▒▒▒▒▒▒ ██▒▒▒▒▒▒▒▒ ▒▒▒▒▒▒▒▒▒▒ ▒▒▒▒▒▒▒▒▒▒ ███▒▒▒▒▒▒▒

█▒▒▒▒▒▒▒▒▒ ██▒▒▒▒▒▒▒▒ █▒▒▒▒▒▒▒▒▒ █▒▒▒▒▒▒▒▒▒ ██▒▒▒▒▒▒▒▒

██▒▒▒▒▒▒▒▒ ▒▒▒▒▒▒▒▒▒▒ ███▒▒▒▒▒▒▒ ▒▒▒▒▒▒▒▒▒▒ ███▒▒▒▒▒▒▒

███▒▒▒▒▒▒▒ ██▒▒▒▒▒▒▒▒ ██▒▒▒▒▒▒▒▒ █▒▒▒▒▒▒▒▒▒ █▒▒▒▒▒▒▒▒▒

▒▒▒▒▒▒▒▒▒▒ ██▒▒▒▒▒▒▒▒ ▒▒▒▒▒▒▒▒▒▒ ▒▒▒▒▒▒▒▒▒▒ █▒▒▒▒▒▒▒▒▒

▒▒▒▒▒▒▒▒▒▒ ▒▒▒▒▒▒▒▒▒▒ ▒▒▒▒▒▒▒▒▒▒ ██▒▒▒▒▒▒▒▒ █▒▒▒▒▒▒▒▒▒

███▒▒▒▒▒▒▒ ▒▒▒▒▒▒▒▒▒▒ ██▒▒▒▒▒▒▒▒ ▒▒▒▒▒▒▒▒▒▒ ████▒▒▒▒▒▒

▒▒▒▒▒▒▒▒▒▒ █▒▒▒▒▒▒▒▒▒ █▒▒▒▒▒▒▒▒▒ ██▒▒▒▒▒▒▒▒ ▒▒▒▒▒▒▒▒▒▒

█▒▒▒▒▒▒▒▒▒ ▒▒▒▒▒▒▒▒▒▒ █▒▒▒▒▒▒▒▒▒ ▒▒▒▒▒▒▒▒▒▒ ▒▒▒▒▒▒▒▒▒▒

█▒▒▒▒▒▒▒▒▒ █▒▒▒▒▒▒▒▒▒ █▒▒▒▒▒▒▒▒▒ ▒▒▒▒▒▒▒▒▒▒ ▒▒▒▒▒▒▒▒▒▒

▒▒▒▒▒▒▒▒▒▒ ▒▒▒▒▒▒▒▒▒▒ █▒▒▒▒▒▒▒▒▒ ▒▒▒▒▒▒▒▒▒▒ ▒▒▒▒▒▒▒▒▒▒

██▒▒▒▒▒▒▒▒ ▒▒▒▒▒▒▒▒▒▒ ▒▒▒▒▒▒▒▒▒▒ ▒▒▒▒▒▒▒▒▒▒ ▒▒▒▒▒▒▒▒▒▒

▒▒▒▒▒▒▒▒▒▒ ▒▒▒▒▒▒▒▒▒▒ ▒▒▒▒▒▒▒▒▒▒ ▒▒▒▒▒▒▒▒▒▒ ▒▒▒▒▒▒▒▒▒▒

▒▒▒▒▒▒▒▒▒▒ ▒▒▒▒▒▒▒▒▒▒ ████████▒▒ ▒▒▒▒▒▒▒▒▒▒ ▒▒▒▒▒▒▒▒▒▒

█▒▒▒▒▒▒▒▒▒ ▒▒▒▒▒▒▒▒▒▒ ▒▒▒▒▒▒▒▒▒▒ ████▒▒▒▒▒▒ ▒▒▒▒▒▒▒▒▒▒

▒▒▒▒▒▒▒▒▒▒ █▒▒▒▒▒▒▒▒▒ ▒▒▒▒▒▒▒▒▒▒ ▒▒▒▒▒▒▒▒▒▒ ▒▒▒▒▒▒▒▒▒▒

█▒▒▒▒▒▒▒▒▒ █▒▒▒▒▒▒▒▒▒ ▒▒▒▒▒▒▒▒▒▒ ▒▒▒▒▒▒▒▒▒▒ ▒▒▒▒▒▒▒▒▒▒

▒▒▒▒▒▒▒▒▒▒ ▒▒▒▒▒▒▒▒▒▒ ▒▒▒▒▒▒▒▒▒▒ ▒▒▒▒▒▒▒▒▒▒ ▒▒▒▒▒▒▒▒▒▒

▒▒▒▒▒▒▒▒▒▒ ▒▒▒▒▒▒▒▒▒▒ ▒▒▒▒▒▒▒▒▒▒ ▒▒▒▒▒▒▒▒▒▒ ▒▒▒▒▒▒▒▒▒▒

▒▒▒▒▒▒▒▒▒▒ ▒▒▒▒▒▒▒▒▒▒ ▒▒▒▒▒▒▒▒▒▒ █▒▒▒▒▒▒▒▒▒ ██▒▒▒▒▒▒▒▒

██▒▒▒▒▒▒▒▒ ▒▒▒▒▒▒▒▒▒▒ ▒▒▒▒▒▒▒▒▒▒ █▒▒▒▒▒▒▒▒▒ ▒▒▒▒▒▒▒▒▒▒

▒▒▒▒▒▒▒▒▒▒ █▒▒▒▒▒▒▒▒▒ █▒▒▒▒▒▒▒▒▒ ███▒▒▒▒▒▒▒ █▒▒▒▒▒▒▒▒▒

█▒▒▒▒▒▒▒▒▒ ▒▒▒▒▒▒▒▒▒▒ ███▒▒▒▒▒▒▒ ▒▒▒▒▒▒▒▒▒▒ ██▒▒▒▒▒▒▒▒

██▒▒▒▒▒▒▒▒ █▒▒▒▒▒▒▒▒▒ █▒▒▒▒▒▒▒▒▒ █▒▒▒▒▒▒▒▒▒ █▒▒▒▒▒▒▒▒▒

██▒▒▒▒▒▒▒▒ ▒▒▒▒▒▒▒▒▒▒ █▒▒▒▒▒▒▒▒▒ █▒▒▒▒▒▒▒▒▒ ▒▒▒▒▒▒▒▒▒▒

▒▒▒▒▒▒▒▒▒▒ █▒▒▒▒▒▒▒▒▒ █▒▒▒▒▒▒▒▒▒ ▒▒▒▒▒▒▒▒▒▒ ███▒▒▒▒▒▒▒

█▒▒▒▒▒▒▒▒▒ █▒▒▒▒▒▒▒▒▒ █▒▒▒▒▒▒▒▒▒ ██▒▒▒▒▒▒▒▒ █▒▒▒▒▒▒▒▒▒

████▒▒▒▒▒▒ █▒▒▒▒▒▒▒▒▒ ██▒▒▒▒▒▒▒▒ █▒▒▒▒▒▒▒▒▒ █▒▒▒▒▒▒▒▒▒

███▒▒▒▒▒▒▒ ██▒▒▒▒▒▒▒▒ █████▒▒▒▒▒ █▒▒▒▒▒▒▒▒▒ █▒▒▒▒▒▒▒▒▒

▒▒▒▒▒▒▒▒▒▒ ▒▒▒▒▒▒▒▒▒▒ ███▒▒▒▒▒▒▒ █▒▒▒▒▒▒▒▒▒ ██▒▒▒▒▒▒▒▒

█▒▒▒▒▒▒▒▒▒ ▒▒▒▒▒▒▒▒▒▒ ▒▒▒▒▒▒▒▒▒▒ █▒▒▒▒▒▒▒▒▒ ▒▒▒▒▒▒▒▒▒▒

█▒▒▒▒▒▒▒▒▒ █▒▒▒▒▒▒▒▒▒ ▒▒▒▒▒▒▒▒▒▒ ▒▒▒▒▒▒▒▒▒▒ ▒▒▒▒▒▒▒▒▒▒

█▒▒▒▒▒▒▒▒▒ ▒▒▒▒▒▒▒▒▒▒ ▒▒▒▒▒▒▒▒▒▒ ▒▒▒▒▒▒▒▒▒▒ █▒▒▒▒▒▒▒▒▒

▒▒▒▒▒▒▒▒▒▒ ▒▒▒▒▒▒▒▒▒▒ ▒▒▒▒▒▒▒▒▒▒ ▒▒▒▒▒▒▒▒▒▒ ▒▒▒▒▒▒▒▒▒▒

█▒▒▒▒▒▒▒▒▒ █▒▒▒▒▒▒▒▒▒ █▒▒▒▒▒▒▒▒▒ ▒▒▒▒▒▒▒▒▒▒ ▒▒▒▒▒▒▒▒▒▒

▒▒▒▒▒▒▒▒▒▒ ▒▒▒▒▒▒▒▒▒▒ ▒▒▒▒▒▒▒▒▒▒ ▒▒▒▒▒▒▒▒▒▒ ▒▒▒▒▒▒▒▒▒▒

█▒▒▒▒▒▒▒▒▒ ▒▒▒▒▒▒▒▒▒▒ ▒▒▒▒▒▒▒▒▒▒ ▒▒▒▒▒▒▒▒▒▒ ▒▒▒▒▒▒▒▒▒▒

█▒▒▒▒▒▒▒▒▒ █▒▒▒▒▒▒▒▒▒ █▒▒▒▒▒▒▒▒▒ █▒▒▒▒▒▒▒▒▒ ▒▒▒▒▒▒▒▒▒▒

█▒▒▒▒▒▒▒▒▒ ██▒▒▒▒▒▒▒▒ ▒▒▒▒▒▒▒▒▒▒ ██▒▒▒▒▒▒▒▒ ▒▒▒▒▒▒▒▒▒▒

▒▒▒▒▒▒▒▒▒▒ ▒▒▒▒▒▒▒▒▒▒ ▒▒▒▒▒▒▒▒▒▒ █▒▒▒▒▒▒▒▒▒ ██▒▒▒▒▒▒▒▒

██▒▒▒▒▒▒▒▒ █▒▒▒▒▒▒▒▒▒ ▒▒▒▒▒▒▒▒▒▒ █▒▒▒▒▒▒▒▒▒ █▒▒▒▒▒▒▒▒▒

██▒▒▒▒▒▒▒▒ ████▒▒▒▒▒▒ ▒▒▒▒▒▒▒▒▒▒ █▒▒▒▒▒▒▒▒▒ ██▒▒▒▒▒▒▒▒

█████▒▒▒▒▒ ███████▒▒▒ ██▒▒▒▒▒▒▒▒ █████▒▒▒▒▒ ███▒▒▒▒▒▒▒

██████▒▒▒▒ █████▒▒▒▒▒ █████████▒ █████▒▒▒▒▒ ███▒▒▒▒▒▒▒

██████▒▒▒▒ ███████▒▒▒ ███████▒▒▒ ███████▒▒▒ ███████████▒

█████▒▒▒▒▒ ████████▒▒ █████▒▒▒▒▒ ████████▒▒ █████▒▒▒▒▒

███████▒▒▒ █████████▒ ████████▒▒ ████████▒▒ ████████▒▒

██████████████████▒ ██████████████▒ ████████▒▒ █████████████▒

██████████▒ ███████▒▒▒ ██████▒▒▒▒ ███████████▒ ██████████▒

███████▒▒▒ ███████████▒ ███▒▒▒▒▒▒▒ ██████▒▒▒▒ █▒▒▒▒▒▒▒▒▒

██████▒▒▒▒ ██▒▒▒▒▒▒▒▒ █████████▒ ███████▒▒▒ █████▒▒▒▒▒

██████▒▒▒▒ ██████▒▒▒▒ █████▒▒▒▒▒ █████▒▒▒▒▒ ████▒▒▒▒▒▒

████▒▒▒▒▒▒ █▒▒▒▒▒▒▒▒▒ █▒▒▒▒▒▒▒▒▒ ████▒▒▒▒▒▒ ▒▒▒▒▒▒▒▒▒▒

██▒▒▒▒▒▒▒▒ ▒▒▒▒▒▒▒▒▒▒ █▒▒▒▒▒▒▒▒▒ ████▒▒▒▒▒▒ ██▒▒▒▒▒▒▒▒

▒▒▒▒▒▒▒▒▒▒ █▒▒▒▒▒▒▒▒▒ █▒▒▒▒▒▒▒▒▒ █▒▒▒▒▒▒▒▒▒ ██▒▒▒▒▒▒▒▒

█▒▒▒▒▒▒▒▒▒ ▒▒▒▒▒▒▒▒▒▒ ███▒▒▒▒▒▒▒ ▒▒▒▒▒▒▒▒▒▒ ▒▒▒▒▒▒▒▒▒▒

▒▒▒▒▒▒▒▒▒▒ ▒▒▒▒▒▒▒▒▒▒ ▒▒▒▒▒▒▒▒▒▒ ▒▒▒▒▒▒▒▒▒▒ ▒▒▒▒▒▒▒▒▒▒

▒▒▒▒▒▒▒▒▒▒ ▒▒▒▒▒▒▒▒▒▒ ▒▒▒▒▒▒▒▒▒▒ ▒▒▒▒▒▒▒▒▒▒ ▒▒▒▒▒▒▒▒▒▒

▒▒▒▒▒▒▒▒▒▒ █▒▒▒▒▒▒▒▒▒ ▒▒▒▒▒▒▒▒▒▒ ▒▒▒▒▒▒▒▒▒▒ ▒▒▒▒▒▒▒▒▒▒

▒▒▒▒▒▒▒▒▒▒ ▒▒▒▒▒▒▒▒▒▒ ▒▒▒▒▒▒▒▒▒▒ ▒▒▒▒▒▒▒▒▒▒ ▒▒▒▒▒▒▒▒▒▒

█▒▒▒▒▒▒▒▒▒ ▒▒▒▒▒▒▒▒▒▒ ▒▒▒▒▒▒▒▒▒▒ ▒▒▒▒▒▒▒▒▒▒ ▒▒▒▒▒▒▒▒▒▒

▒▒▒▒▒▒▒▒▒▒ █▒▒▒▒▒▒▒▒▒ ▒▒▒▒▒▒▒▒▒▒ ███▒▒▒▒▒▒▒ █▒▒▒▒▒▒▒▒▒

▒▒▒▒▒▒▒▒▒▒ █▒▒▒▒▒▒▒▒▒ ▒▒▒▒▒▒▒▒▒▒ ██▒▒▒▒▒▒▒▒ ██▒▒▒▒▒▒▒▒

▒▒▒▒▒▒▒▒▒▒ ██▒▒▒▒▒▒▒▒ █▒▒▒▒▒▒▒▒▒ ▒▒▒▒▒▒▒▒▒▒ █▒▒▒▒▒▒▒▒▒

██▒▒▒▒▒▒▒▒ ▒▒▒▒▒▒▒▒▒▒ ██▒▒▒▒▒▒▒▒ ██▒▒▒▒▒▒▒▒ ██▒▒▒▒▒▒▒▒

█████▒▒▒▒▒ ███▒▒▒▒▒▒▒ ███████▒▒▒ ███▒▒▒▒▒▒▒ ███████▒▒▒

███▒▒▒▒▒▒▒ ██▒▒▒▒▒▒▒▒ ███▒▒▒▒▒▒▒ ███▒▒▒▒▒▒▒ ██▒▒▒▒▒▒▒▒

███▒▒▒▒▒▒▒ ███▒▒▒▒▒▒▒ █▒▒▒▒▒▒▒▒▒ █████▒▒▒▒▒ ██▒▒▒▒▒▒▒▒

▒▒▒▒▒▒▒▒▒▒ ████████▒▒ ██████▒▒▒▒ ███▒▒▒▒▒▒▒ █████▒▒▒▒▒

███████▒▒▒ ▒▒▒▒▒▒▒▒▒▒ ███████▒▒▒ █▒▒▒▒▒▒▒▒▒ ██████▒▒▒▒

█████▒▒▒▒▒ █▒▒▒▒▒▒▒▒▒ ███▒▒▒▒▒▒▒ ████▒▒▒▒▒▒ ████▒▒▒▒▒▒

█▒▒▒▒▒▒▒▒▒ ███▒▒▒▒▒▒▒ ███▒▒▒▒▒▒▒ ██████▒▒▒▒ ████▒▒▒▒▒▒

██▒▒▒▒▒▒▒▒ █▒▒▒▒▒▒▒▒▒ ███▒▒▒▒▒▒▒ ████▒▒▒▒▒▒ █▒▒▒▒▒▒▒▒▒

███▒▒▒▒▒▒▒ █▒▒▒▒▒▒▒▒▒ ████▒▒▒▒▒▒ █▒▒▒▒▒▒▒▒▒ █▒▒▒▒▒▒▒▒▒

█▒▒▒▒▒▒▒▒▒ ▒▒▒▒▒▒▒▒▒▒ ▒▒▒▒▒▒▒▒▒▒ ██▒▒▒▒▒▒▒▒ ███▒▒▒▒▒▒▒

██▒▒▒▒▒▒▒▒ ████▒▒▒▒▒▒ █▒▒▒▒▒▒▒▒▒ ██▒▒▒▒▒▒▒▒ ▒▒▒▒▒▒▒▒▒▒

▒▒▒▒▒▒▒▒▒▒ ▒▒▒▒▒▒▒▒▒▒ ▒▒▒▒▒▒▒▒▒▒ ▒▒▒▒▒▒▒▒▒▒ ▒▒▒▒▒▒▒▒▒▒

▒▒▒▒▒▒▒▒▒▒ ▒▒▒▒▒▒▒▒▒▒ ▒▒▒▒▒▒▒▒▒▒ ▒▒▒▒▒▒▒▒▒▒ ▒▒▒▒▒▒▒▒▒▒

▒▒▒▒▒▒▒▒▒▒ ▒▒▒▒▒▒▒▒▒▒ █▒▒▒▒▒▒▒▒▒ ▒▒▒▒▒▒▒▒▒▒ ▒▒▒▒▒▒▒▒▒▒

▒▒▒▒▒▒▒▒▒▒ ▒▒▒▒▒▒▒▒▒▒ ▒▒▒▒▒▒▒▒▒▒ ▒▒▒▒▒▒▒▒▒▒ ▒▒▒▒▒▒▒▒▒▒

▒▒▒▒▒▒▒▒▒▒ ▒▒▒▒▒▒▒▒▒▒ ▒▒▒▒▒▒▒▒▒▒ ▒▒▒▒▒▒▒▒▒▒ █▒▒▒▒▒▒▒▒▒

▒▒▒▒▒▒▒▒▒▒ ▒▒▒▒▒▒▒▒▒▒ ▒▒▒▒▒▒▒▒▒▒ ▒▒▒▒▒▒▒▒▒▒ ███▒▒▒▒▒▒▒

▒▒▒▒▒▒▒▒▒▒ █▒▒▒▒▒▒▒▒▒ █▒▒▒▒▒▒▒▒▒ █▒▒▒▒▒▒▒▒▒ ██▒▒▒▒▒▒▒▒

███▒▒▒▒▒▒▒ ▒▒▒▒▒▒▒▒▒▒ ▒▒▒▒▒▒▒▒▒▒ ▒▒▒▒▒▒▒▒▒▒ █▒▒▒▒▒▒▒▒▒

▒▒▒▒▒▒▒▒▒▒ ███▒▒▒▒▒▒▒ ▒▒▒▒▒▒▒▒▒▒ ██▒▒▒▒▒▒▒▒ ▒▒▒▒▒▒▒▒▒▒

███▒▒▒▒▒▒▒ █▒▒▒▒▒▒▒▒▒ █▒▒▒▒▒▒▒▒▒ ▒▒▒▒▒▒▒▒▒▒ ██▒▒▒▒▒▒▒▒

█▒▒▒▒▒▒▒▒▒ ███▒▒▒▒▒▒▒ ██▒▒▒▒▒▒▒▒ █▒▒▒▒▒▒▒▒▒ ██▒▒▒▒▒▒▒▒

███▒▒▒▒▒▒▒ ███▒▒▒▒▒▒▒ ▒▒▒▒▒▒▒▒▒▒ ███▒▒▒▒▒▒▒ ███▒▒▒▒▒▒▒

████▒▒▒▒▒▒ ███▒▒▒▒▒▒▒ ██████▒▒▒▒ ██▒▒▒▒▒▒▒▒ ██▒▒▒▒▒▒▒▒

██▒▒▒▒▒▒▒▒ ████▒▒▒▒▒▒ ██▒▒▒▒▒▒▒▒ ███▒▒▒▒▒▒▒ ██▒▒▒▒▒▒▒▒

█████▒▒▒▒▒ ██▒▒▒▒▒▒▒▒ ▒▒▒▒▒▒▒▒▒▒ ███▒▒▒▒▒▒▒ ████▒▒▒▒▒▒

▒▒▒▒▒▒▒▒▒▒ █████▒▒▒▒▒ ███▒▒▒▒▒▒▒ ██▒▒▒▒▒▒▒▒ █▒▒▒▒▒▒▒▒▒

██▒▒▒▒▒▒▒▒ ██▒▒▒▒▒▒▒▒ ███▒▒▒▒▒▒▒ █▒▒▒▒▒▒▒▒▒ █▒▒▒▒▒▒▒▒▒

██▒▒▒▒▒▒▒▒ ██▒▒▒▒▒▒▒▒ ███▒▒▒▒▒▒▒ ████▒▒▒▒▒▒ ▒▒▒▒▒▒▒▒▒▒

█▒▒▒▒▒▒▒▒▒ ███▒▒▒▒▒▒▒ ██▒▒▒▒▒▒▒▒ █▒▒▒▒▒▒▒▒▒ ██▒▒▒▒▒▒▒▒

█▒▒▒▒▒▒▒▒▒ ▒▒▒▒▒▒▒▒▒▒ ██▒▒▒▒▒▒▒▒ █▒▒▒▒▒▒▒▒▒ █▒▒▒▒▒▒▒▒▒

█▒▒▒▒▒▒▒▒▒ ▒▒▒▒▒▒▒▒▒▒ ▒▒▒▒▒▒▒▒▒▒ ███▒▒▒▒▒▒▒ ▒▒▒▒▒▒▒▒▒▒

▒▒▒▒▒▒▒▒▒▒ ▒▒▒▒▒▒▒▒▒▒ ▒▒▒▒▒▒▒▒▒▒ ▒▒▒▒▒▒▒▒▒▒ ▒▒▒▒▒▒▒▒▒▒

▒▒▒▒▒▒▒▒▒▒ █▒▒▒▒▒▒▒▒▒ ▒▒▒▒▒▒▒▒▒▒ ▒▒▒▒▒▒▒▒▒▒ ▒▒▒▒▒▒▒▒▒▒

▒▒▒▒▒▒▒▒▒▒ ▒▒▒▒▒▒▒▒▒▒ █▒▒▒▒▒▒▒▒▒ ▒▒▒▒▒▒▒▒▒▒ ▒▒▒▒▒▒▒▒▒▒

▒▒▒▒▒▒▒▒▒▒ ▒▒▒▒▒▒▒▒▒▒ ▒▒▒▒▒▒▒▒▒▒ ▒▒▒▒▒▒▒▒▒▒ ▒▒▒▒▒▒▒▒▒▒

▒▒▒▒▒▒▒▒▒▒ ▒▒▒▒▒▒▒▒▒▒ ▒▒▒▒▒▒▒▒▒▒ ▒▒▒▒▒▒▒▒▒▒ ▒▒▒▒▒▒▒▒▒▒

▒▒▒▒▒▒▒▒▒▒ ▒▒▒▒▒▒▒▒▒▒ ▒▒▒▒▒▒▒▒▒▒ ▒▒▒▒▒▒▒▒▒▒ ▒▒▒▒▒▒▒▒▒▒

▒▒▒▒▒▒▒▒▒▒ ▒▒▒▒▒▒▒▒▒▒ ▒▒▒▒▒▒▒▒▒▒ ▒▒▒▒▒▒▒▒▒▒ ▒▒▒▒▒▒▒▒▒▒

▒▒▒▒▒▒▒▒▒▒ ▒▒▒▒▒▒▒▒▒▒ ▒▒▒▒▒▒▒▒▒▒ █▒▒▒▒▒▒▒▒▒ ▒▒▒▒▒▒▒▒▒▒

▒▒▒▒▒▒▒▒▒▒ ▒▒▒▒▒▒▒▒▒▒ ▒▒▒▒▒▒▒▒▒▒ ▒▒▒▒▒▒▒▒▒▒ ▒▒▒▒▒▒▒▒▒▒

▒▒▒▒▒▒▒▒▒▒ █▒▒▒▒▒▒▒▒▒ ▒▒▒▒▒▒▒▒▒▒ █▒▒▒▒▒▒▒▒▒ ▒▒▒▒▒▒▒▒▒▒

▒▒▒▒▒▒▒▒▒▒ ▒▒▒▒▒▒▒▒▒▒ ▒▒▒▒▒▒▒▒▒▒ ▒▒▒▒▒▒▒▒▒▒ █▒▒▒▒▒▒▒▒▒

▒▒▒▒▒▒▒▒▒▒ ▒▒▒▒▒▒▒▒▒▒ ▒▒▒▒▒▒▒▒▒▒ ▒▒▒▒▒▒▒▒▒▒ █▒▒▒▒▒▒▒▒▒

▒▒▒▒▒▒▒▒▒▒ ▒▒▒▒▒▒▒▒▒▒ ▒▒▒▒▒▒▒▒▒▒ ▒▒▒▒▒▒▒▒▒▒ ▒▒▒▒▒▒▒▒▒▒

▒▒▒▒▒▒▒▒▒▒ █▒▒▒▒▒▒▒▒▒ ▒▒▒▒▒▒▒▒▒▒ ▒▒▒▒▒▒▒▒▒▒ █▒▒▒▒▒▒▒▒▒

▒▒▒▒▒▒▒▒▒▒ ▒▒▒▒▒▒▒▒▒▒ ▒▒▒▒▒▒▒▒▒▒ ▒▒▒▒▒▒▒▒▒▒ ▒▒▒▒▒▒▒▒▒▒

▒▒▒▒▒▒▒▒▒▒ ▒▒▒▒▒▒▒▒▒▒ ▒▒▒▒▒▒▒▒▒▒ ▒▒▒▒▒▒▒▒▒▒ █▒▒▒▒▒▒▒▒▒

▒▒▒▒▒▒▒▒▒▒ ▒▒▒▒▒▒▒▒▒▒ ▒▒▒▒▒▒▒▒▒▒ ▒▒▒▒▒▒▒▒▒▒ ▒▒▒▒▒▒▒▒▒▒

▒▒▒▒▒▒▒▒▒▒ ▒▒▒▒▒▒▒▒▒▒ ▒▒▒▒▒▒▒▒▒▒ ▒▒▒▒▒▒▒▒▒▒ ▒▒▒▒▒▒▒▒▒▒

▒▒▒▒▒▒▒▒▒▒ ▒▒▒▒▒▒▒▒▒▒ ██▒▒▒▒▒▒▒▒ ▒▒▒▒▒▒▒▒▒▒ █▒▒▒▒▒▒▒▒▒

▒▒▒▒▒▒▒▒▒▒ ▒▒▒▒▒▒▒▒▒▒ ▒▒▒▒▒▒▒▒▒▒ ▒▒▒▒▒▒▒▒▒▒ ▒▒▒▒▒▒▒▒▒▒

▒▒▒▒▒▒▒▒▒▒ ▒▒▒▒▒▒▒▒▒▒ ▒▒▒▒▒▒▒▒▒▒ ▒▒▒▒▒▒▒▒▒▒ ▒▒▒▒▒▒▒▒▒▒

▒▒▒▒▒▒▒▒▒▒ ▒▒▒▒▒▒▒▒▒▒ ▒▒▒▒▒▒▒▒▒▒ ▒▒▒▒▒▒▒▒▒▒ ▒▒▒▒▒▒▒▒▒▒

▒▒▒▒▒▒▒▒▒▒ ▒▒▒▒▒▒▒▒▒▒ ▒▒▒▒▒▒▒▒▒▒ ▒▒▒▒▒▒▒▒▒▒ ▒▒▒▒▒▒▒▒▒▒

▒▒▒▒▒▒▒▒▒▒ ▒▒▒▒▒▒▒▒▒▒ ▒▒▒▒▒▒▒▒▒▒ ▒▒▒▒▒▒▒▒▒▒ ▒▒▒▒▒▒▒▒▒▒

▒▒▒▒▒▒▒▒▒▒ ▒▒▒▒▒▒▒▒▒▒ ▒▒▒▒▒▒▒▒▒▒ ▒▒▒▒▒▒▒▒▒▒ ▒▒▒▒▒▒▒▒▒▒

▒▒▒▒▒▒▒▒▒▒ ▒▒▒▒▒▒▒▒▒▒ ▒▒▒▒▒▒▒▒▒▒ ▒▒▒▒▒▒▒▒▒▒ ▒▒▒▒▒▒▒▒▒▒

▒▒▒▒▒▒▒▒▒▒ ▒▒▒▒▒▒▒▒▒▒ ▒▒▒▒▒▒▒▒▒▒ ▒▒▒▒▒▒▒▒▒▒ ▒▒▒▒▒▒▒▒▒▒

▒▒▒▒▒▒▒▒▒▒ ▒▒▒▒▒▒▒▒▒▒ ▒▒▒▒▒▒▒▒▒▒ ▒▒▒▒▒▒▒▒▒▒ ▒▒▒▒▒▒▒▒▒▒

▒▒▒▒▒▒▒▒▒▒ ▒▒▒▒▒▒▒▒▒▒ ▒▒▒▒▒▒▒▒▒▒ ▒▒▒▒▒▒▒▒▒▒ ▒▒▒▒▒▒▒▒▒▒

▒▒▒▒▒▒▒▒▒▒ ▒▒▒▒▒▒▒▒▒▒ ▒▒▒▒▒▒▒▒▒▒ ▒▒▒▒▒▒▒▒▒▒ ▒▒▒▒▒▒▒▒▒▒

▒▒▒▒▒▒▒▒▒▒ ▒▒▒▒▒▒▒▒▒▒ ▒▒▒▒▒▒▒▒▒▒ ▒▒▒▒▒▒▒▒▒▒ ▒▒▒▒▒▒▒▒▒▒

▒▒▒▒▒▒▒▒▒▒ ▒▒▒▒▒▒▒▒▒▒ ▒▒▒▒▒▒▒▒▒▒ ▒▒▒▒▒▒▒▒▒▒ ▒▒▒▒▒▒▒▒▒▒

▒▒▒▒▒▒▒▒▒▒ ▒▒▒▒▒▒▒▒▒▒ ▒▒▒▒▒▒▒▒▒▒ ▒▒▒▒▒▒▒▒▒▒ ▒▒▒▒▒▒▒▒▒▒

▒▒▒▒▒▒▒▒▒▒ ▒▒▒▒▒▒▒▒▒▒ ▒▒▒▒▒▒▒▒▒▒ ▒▒▒▒▒▒▒▒▒▒ ▒▒▒▒▒▒▒▒▒▒

▒▒▒▒▒▒▒▒▒▒ ▒▒▒▒▒▒▒▒▒▒ ▒▒▒▒▒▒▒▒▒▒ ▒▒▒▒▒▒▒▒▒▒ ▒▒▒▒▒▒▒▒▒▒

▒▒▒▒▒▒▒▒▒▒ ▒▒▒▒▒▒▒▒▒▒ ▒▒▒▒▒▒▒▒▒▒ ▒▒▒▒▒▒▒▒▒▒ ▒▒▒▒▒▒▒▒▒▒

▒▒▒▒▒▒▒▒▒▒ ▒▒▒▒▒▒▒▒▒▒ ▒▒▒▒▒▒▒▒▒▒ ▒▒▒▒▒▒▒▒▒▒ ▒▒▒▒▒▒▒▒▒▒

▒▒▒▒▒▒▒▒▒▒ ▒▒▒▒▒▒▒▒▒▒ ▒▒▒▒▒▒▒▒▒▒ ▒▒▒▒▒▒▒▒▒▒ ▒▒▒▒▒▒▒▒▒▒

▒▒▒▒▒▒▒▒▒▒ ▒▒▒▒▒▒▒▒▒▒ ▒▒▒▒▒▒▒▒▒▒ ▒▒▒▒▒▒▒▒▒▒ ▒▒▒▒▒▒▒▒▒▒

▒▒▒▒▒▒▒▒▒▒ ▒▒▒▒▒▒▒▒▒▒ ▒▒▒▒▒▒▒▒▒▒ ▒▒▒▒▒▒▒▒▒▒ ▒▒▒▒▒▒▒▒▒▒

▒▒▒▒▒▒▒▒▒▒ ▒▒▒▒▒▒▒▒▒▒ ▒▒▒▒▒▒▒▒▒▒ ▒▒▒▒▒▒▒▒▒▒ ▒▒▒▒▒▒▒▒▒▒

▒▒▒▒▒▒▒▒▒▒ ▒▒▒▒▒▒▒▒▒▒ ▒▒▒▒▒▒▒▒▒▒ ▒▒▒▒▒▒▒▒▒▒ ▒▒▒▒▒▒▒▒▒▒

▒▒▒▒▒▒▒▒▒▒ █▒▒▒▒▒▒▒▒▒ ▒▒▒▒▒▒▒▒▒▒ ▒▒▒▒▒▒▒▒▒▒ ▒▒▒▒▒▒▒▒▒▒

▒▒▒▒▒▒▒▒▒▒ ▒▒▒▒▒▒▒▒▒▒ ▒▒▒▒▒▒▒▒▒▒ ▒▒▒▒▒▒▒▒▒▒ ▒▒▒▒▒▒▒▒▒▒

▒▒▒▒▒▒▒▒▒▒ ▒▒▒▒▒▒▒▒▒▒ ▒▒▒▒▒▒▒▒▒▒ ▒▒▒▒▒▒▒▒▒▒ ▒▒▒▒▒▒▒▒▒▒

▒▒▒▒▒▒▒▒▒▒ ▒▒▒▒▒▒▒▒▒▒ ▒▒▒▒▒▒▒▒▒▒ ▒▒▒▒▒▒▒▒▒▒ ▒▒▒▒▒▒▒▒▒▒

▒▒▒▒▒▒▒▒▒▒ ▒▒▒▒▒▒▒▒▒▒ ▒▒▒▒▒▒▒▒▒▒ ▒▒▒▒▒▒▒▒▒▒ ▒▒▒▒▒▒▒▒▒▒

█▒▒▒▒▒▒▒▒▒ ▒▒▒▒▒▒▒▒▒▒ ▒▒▒▒▒▒▒▒▒▒ ▒▒▒▒▒▒▒▒▒▒ ▒▒▒▒▒▒▒▒▒▒

▒▒▒▒▒▒▒▒▒▒ ▒▒▒▒▒▒▒▒▒▒ ▒▒▒▒▒▒▒▒▒▒ ▒▒▒▒▒▒▒▒▒▒ ▒▒▒▒▒▒▒▒▒▒

▒▒▒▒▒▒▒▒▒▒ ▒▒▒▒▒▒▒▒▒▒ ▒▒▒▒▒▒▒▒▒▒ ▒▒▒▒▒▒▒▒▒▒ ▒▒▒▒▒▒▒▒▒▒

▒▒▒▒▒▒▒▒▒▒ ▒▒▒▒▒▒▒▒▒▒ ▒▒▒▒▒▒▒▒▒▒ ▒▒▒▒▒▒▒▒▒▒ ▒▒▒▒▒▒▒▒▒▒

▒▒▒▒▒▒▒▒▒▒ ▒▒▒▒▒▒▒▒▒▒ ▒▒▒▒▒▒▒▒▒▒ ▒▒▒▒▒▒▒▒▒▒ ▒▒▒▒▒▒▒▒▒▒

▒▒▒▒▒▒▒▒▒▒ ▒▒▒▒▒▒▒▒▒▒ ▒▒▒▒▒▒▒▒▒▒ ▒▒▒▒▒▒▒▒▒▒ ▒▒▒▒▒▒▒▒▒▒

▒▒▒▒▒▒▒▒▒▒ ▒▒▒▒▒▒▒▒▒▒ ▒▒▒▒▒▒▒▒▒▒ ▒▒▒▒▒▒▒▒▒▒ ▒▒▒▒▒▒▒▒▒▒

▒▒▒▒▒▒▒▒▒▒ ▒▒▒▒▒▒▒▒▒▒ ▒▒▒▒▒▒▒▒▒▒ ▒▒▒▒▒▒▒▒▒▒ ▒▒▒▒▒▒▒▒▒▒

▒▒▒▒▒▒▒▒▒▒ ▒▒▒▒▒▒▒▒▒▒ ▒▒▒▒▒▒▒▒▒▒ ▒▒▒▒▒▒▒▒▒▒ ▒▒▒▒▒▒▒▒▒▒

▒▒▒▒▒▒▒▒▒▒ ▒▒▒▒▒▒▒▒▒▒ ▒▒▒▒▒▒▒▒▒▒ ▒▒▒▒▒▒▒▒▒▒ ▒▒▒▒▒▒▒▒▒▒

▒▒▒▒▒▒▒▒▒▒ ▒▒▒▒▒▒▒▒▒▒ ▒▒▒▒▒▒▒▒▒▒ ▒▒▒▒▒▒▒▒▒▒ ▒▒▒▒▒▒▒▒▒▒

▒▒▒▒▒▒▒▒▒▒ ▒▒▒▒▒▒▒▒▒▒ ▒▒▒▒▒▒▒▒▒▒ ▒▒▒▒▒▒▒▒▒▒ ▒▒▒▒▒▒▒▒▒▒

▒▒▒▒▒▒▒▒▒▒ ▒▒▒▒▒▒▒▒▒▒ ▒▒▒▒▒▒▒▒▒▒ ▒▒▒▒▒▒▒▒▒▒ ▒▒▒▒▒▒▒▒▒▒

▒▒▒▒▒▒▒▒▒▒ ▒▒▒▒▒▒▒▒▒▒ ▒▒▒▒▒▒▒▒▒▒ ▒▒▒▒▒▒▒▒▒▒ ▒▒▒▒▒▒▒▒▒▒

▒▒▒▒▒▒▒▒▒▒ ▒▒▒▒▒▒▒▒▒▒ ▒▒▒▒▒▒▒▒▒▒ ▒▒▒▒▒▒▒▒▒▒ ▒▒▒▒▒▒▒▒▒▒

▒▒▒▒▒▒▒▒▒▒ ▒▒▒▒▒▒▒▒▒▒ ▒▒▒▒▒▒▒▒▒▒ ▒▒▒▒▒▒▒▒▒▒ ▒▒▒▒▒▒▒▒▒▒

▒▒▒▒▒▒▒▒▒▒ ▒▒▒▒▒▒▒▒▒▒ ▒▒▒▒▒▒▒▒▒▒ ▒▒▒▒▒▒▒▒▒▒ ▒▒▒▒▒▒▒▒▒▒

▒▒▒▒▒▒▒▒▒▒ ▒▒▒▒▒▒▒▒▒▒ ▒▒▒▒▒▒▒▒▒▒ ▒▒▒▒▒▒▒▒▒▒ ▒▒▒▒▒▒▒▒▒▒

▒▒▒▒▒▒▒▒▒▒ ▒▒▒▒▒▒▒▒▒▒ ▒▒▒▒▒▒▒▒▒▒ ▒▒▒▒▒▒▒▒▒▒ ▒▒▒▒▒▒▒▒▒▒

▒▒▒▒▒▒▒▒▒▒ ▒▒▒▒▒▒▒▒▒▒ ▒▒▒▒▒▒▒▒▒▒ ▒▒▒▒▒▒▒▒▒▒ ▒▒▒▒▒▒▒▒▒▒

▒▒▒▒▒▒▒▒▒▒ ▒▒▒▒▒▒▒▒▒▒ ▒▒▒▒▒▒▒▒▒▒ ▒▒▒▒▒▒▒▒▒▒ ▒▒▒▒▒▒▒▒▒▒

▒▒▒▒▒▒▒▒▒▒ ▒▒▒▒▒▒▒▒▒▒ ▒▒▒▒▒▒▒▒▒▒ ▒▒▒▒▒▒▒▒▒▒ ▒▒▒▒▒▒▒▒▒▒

▒▒▒▒▒▒▒▒▒▒ ▒▒▒▒▒▒▒▒▒▒ ▒▒▒▒▒▒▒▒▒▒ ▒▒▒▒▒▒▒▒▒▒ ▒▒▒▒▒▒▒▒▒▒

▒▒▒▒▒▒▒▒▒▒ ▒▒▒▒▒▒▒▒▒▒ ▒▒▒▒▒▒▒▒▒▒ ▒▒▒▒▒▒▒▒▒▒ ▒▒▒▒▒▒▒▒▒▒

▒▒▒▒▒▒▒▒▒▒ ▒▒▒▒▒▒▒▒▒▒ ▒▒▒▒▒▒▒▒▒▒ ▒▒▒▒▒▒▒▒▒▒ ▒▒▒▒▒▒▒▒▒▒

▒▒▒▒▒▒▒▒▒▒ ▒▒▒▒▒▒▒▒▒▒ ▒▒▒▒▒▒▒▒▒▒ ▒▒▒▒▒▒▒▒▒▒ ▒▒▒▒▒▒▒▒▒▒

▒▒▒▒▒▒▒▒▒▒ ▒▒▒▒▒▒▒▒▒▒ ▒▒▒▒▒▒▒▒▒▒ ▒▒▒▒▒▒▒▒▒▒ ▒▒▒▒▒▒▒▒▒▒

▒▒▒▒▒▒▒▒▒▒ ▒▒▒▒▒▒▒▒▒▒ ▒▒▒▒▒▒▒▒▒▒ ▒▒▒▒▒▒▒▒▒▒ ▒▒▒▒▒▒▒▒▒▒

▒▒▒▒▒▒▒▒▒▒ ▒▒▒▒▒▒▒▒▒▒ ▒▒▒▒▒▒▒▒▒▒ ▒▒▒▒▒▒▒▒▒▒ ▒▒▒▒▒▒▒▒▒▒

▒▒▒▒▒▒▒▒▒▒ ▒▒▒▒▒▒▒▒▒▒ ▒▒▒▒▒▒▒▒▒▒ ▒▒▒▒▒▒▒▒▒▒ ▒▒▒▒▒▒▒▒▒▒

▒▒▒▒▒▒▒▒▒▒
-------------------------------------------------

BINOMIAL HASHING

====================================================================

With random data
-------------------------------------------------

▒▒▒▒▒▒▒▒▒▒ ▒▒▒▒▒▒▒▒▒▒ ▒▒▒▒▒▒▒▒▒▒ ███▒▒▒▒▒▒▒ ▒▒▒▒▒▒▒▒▒▒

██▒▒▒▒▒▒▒▒ █▒▒▒▒▒▒▒▒▒ ▒▒▒▒▒▒▒▒▒▒ ▒▒▒▒▒▒▒▒▒▒ █▒▒▒▒▒▒▒▒▒

█▒▒▒▒▒▒▒▒▒ ▒▒▒▒▒▒▒▒▒▒ ███▒▒▒▒▒▒▒ ████▒▒▒▒▒▒ ▒▒▒▒▒▒▒▒▒▒

██▒▒▒▒▒▒▒▒ █▒▒▒▒▒▒▒▒▒ ▒▒▒▒▒▒▒▒▒▒ █▒▒▒▒▒▒▒▒▒ █▒▒▒▒▒▒▒▒▒

█▒▒▒▒▒▒▒▒▒ ▒▒▒▒▒▒▒▒▒▒ ▒▒▒▒▒▒▒▒▒▒ ██▒▒▒▒▒▒▒▒ ██▒▒▒▒▒▒▒▒

██▒▒▒▒▒▒▒▒ ▒▒▒▒▒▒▒▒▒▒ █▒▒▒▒▒▒▒▒▒ █▒▒▒▒▒▒▒▒▒ █▒▒▒▒▒▒▒▒▒

▒▒▒▒▒▒▒▒▒▒ ▒▒▒▒▒▒▒▒▒▒ █▒▒▒▒▒▒▒▒▒ ██▒▒▒▒▒▒▒▒ █▒▒▒▒▒▒▒▒▒

▒▒▒▒▒▒▒▒▒▒ ▒▒▒▒▒▒▒▒▒▒ █▒▒▒▒▒▒▒▒▒ ▒▒▒▒▒▒▒▒▒▒ █▒▒▒▒▒▒▒▒▒

▒▒▒▒▒▒▒▒▒▒ ██▒▒▒▒▒▒▒▒ ▒▒▒▒▒▒▒▒▒▒ ▒▒▒▒▒▒▒▒▒▒ █▒▒▒▒▒▒▒▒▒

█▒▒▒▒▒▒▒▒▒ █▒▒▒▒▒▒▒▒▒ ▒▒▒▒▒▒▒▒▒▒ █▒▒▒▒▒▒▒▒▒ ▒▒▒▒▒▒▒▒▒▒

██▒▒▒▒▒▒▒▒ █▒▒▒▒▒▒▒▒▒ █▒▒▒▒▒▒▒▒▒ ▒▒▒▒▒▒▒▒▒▒ ██▒▒▒▒▒▒▒▒

█▒▒▒▒▒▒▒▒▒ ▒▒▒▒▒▒▒▒▒▒ ▒▒▒▒▒▒▒▒▒▒ ██▒▒▒▒▒▒▒▒ ▒▒▒▒▒▒▒▒▒▒

████▒▒▒▒▒▒ ▒▒▒▒▒▒▒▒▒▒ ██▒▒▒▒▒▒▒▒ ▒▒▒▒▒▒▒▒▒▒ ▒▒▒▒▒▒▒▒▒▒

█▒▒▒▒▒▒▒▒▒ ▒▒▒▒▒▒▒▒▒▒ █▒▒▒▒▒▒▒▒▒ ▒▒▒▒▒▒▒▒▒▒ ██▒▒▒▒▒▒▒▒

██▒▒▒▒▒▒▒▒ █▒▒▒▒▒▒▒▒▒ █▒▒▒▒▒▒▒▒▒ █▒▒▒▒▒▒▒▒▒ ▒▒▒▒▒▒▒▒▒▒

▒▒▒▒▒▒▒▒▒▒ ▒▒▒▒▒▒▒▒▒▒ █▒▒▒▒▒▒▒▒▒ ▒▒▒▒▒▒▒▒▒▒ █▒▒▒▒▒▒▒▒▒

▒▒▒▒▒▒▒▒▒▒ █▒▒▒▒▒▒▒▒▒ █▒▒▒▒▒▒▒▒▒ █▒▒▒▒▒▒▒▒▒ ▒▒▒▒▒▒▒▒▒▒

█▒▒▒▒▒▒▒▒▒ ██▒▒▒▒▒▒▒▒ ▒▒▒▒▒▒▒▒▒▒ █▒▒▒▒▒▒▒▒▒ ▒▒▒▒▒▒▒▒▒▒

█▒▒▒▒▒▒▒▒▒ █▒▒▒▒▒▒▒▒▒ █▒▒▒▒▒▒▒▒▒ ██▒▒▒▒▒▒▒▒ ▒▒▒▒▒▒▒▒▒▒

██▒▒▒▒▒▒▒▒ ▒▒▒▒▒▒▒▒▒▒ ██▒▒▒▒▒▒▒▒ █▒▒▒▒▒▒▒▒▒ ▒▒▒▒▒▒▒▒▒▒

█▒▒▒▒▒▒▒▒▒ █▒▒▒▒▒▒▒▒▒ █▒▒▒▒▒▒▒▒▒ ▒▒▒▒▒▒▒▒▒▒ ▒▒▒▒▒▒▒▒▒▒

█▒▒▒▒▒▒▒▒▒ ▒▒▒▒▒▒▒▒▒▒ ██▒▒▒▒▒▒▒▒ █▒▒▒▒▒▒▒▒▒ █▒▒▒▒▒▒▒▒▒

▒▒▒▒▒▒▒▒▒▒ ▒▒▒▒▒▒▒▒▒▒ ███▒▒▒▒▒▒▒ ▒▒▒▒▒▒▒▒▒▒ ███▒▒▒▒▒▒▒

██▒▒▒▒▒▒▒▒ ▒▒▒▒▒▒▒▒▒▒ █▒▒▒▒▒▒▒▒▒ ▒▒▒▒▒▒▒▒▒▒ ▒▒▒▒▒▒▒▒▒▒

█▒▒▒▒▒▒▒▒▒ ████▒▒▒▒▒▒ ▒▒▒▒▒▒▒▒▒▒ ▒▒▒▒▒▒▒▒▒▒ ██▒▒▒▒▒▒▒▒

█▒▒▒▒▒▒▒▒▒ █▒▒▒▒▒▒▒▒▒ ▒▒▒▒▒▒▒▒▒▒ █▒▒▒▒▒▒▒▒▒ ▒▒▒▒▒▒▒▒▒▒

██▒▒▒▒▒▒▒▒ ▒▒▒▒▒▒▒▒▒▒ █▒▒▒▒▒▒▒▒▒ ▒▒▒▒▒▒▒▒▒▒ ▒▒▒▒▒▒▒▒▒▒

█▒▒▒▒▒▒▒▒▒ ▒▒▒▒▒▒▒▒▒▒ ▒▒▒▒▒▒▒▒▒▒ █▒▒▒▒▒▒▒▒▒ ▒▒▒▒▒▒▒▒▒▒

██▒▒▒▒▒▒▒▒ ███▒▒▒▒▒▒▒ ▒▒▒▒▒▒▒▒▒▒ █▒▒▒▒▒▒▒▒▒ ▒▒▒▒▒▒▒▒▒▒

█▒▒▒▒▒▒▒▒▒ █▒▒▒▒▒▒▒▒▒ ▒▒▒▒▒▒▒▒▒▒ █▒▒▒▒▒▒▒▒▒ ▒▒▒▒▒▒▒▒▒▒

▒▒▒▒▒▒▒▒▒▒ ▒▒▒▒▒▒▒▒▒▒ ██▒▒▒▒▒▒▒▒ █▒▒▒▒▒▒▒▒▒ ▒▒▒▒▒▒▒▒▒▒

██▒▒▒▒▒▒▒▒ █▒▒▒▒▒▒▒▒▒ █▒▒▒▒▒▒▒▒▒ ▒▒▒▒▒▒▒▒▒▒ █▒▒▒▒▒▒▒▒▒

▒▒▒▒▒▒▒▒▒▒ █▒▒▒▒▒▒▒▒▒ █▒▒▒▒▒▒▒▒▒ █▒▒▒▒▒▒▒▒▒ ██▒▒▒▒▒▒▒▒

▒▒▒▒▒▒▒▒▒▒ ▒▒▒▒▒▒▒▒▒▒ ▒▒▒▒▒▒▒▒▒▒ ▒▒▒▒▒▒▒▒▒▒ ▒▒▒▒▒▒▒▒▒▒

▒▒▒▒▒▒▒▒▒▒ █▒▒▒▒▒▒▒▒▒ ▒▒▒▒▒▒▒▒▒▒ █▒▒▒▒▒▒▒▒▒ ▒▒▒▒▒▒▒▒▒▒

▒▒▒▒▒▒▒▒▒▒ ▒▒▒▒▒▒▒▒▒▒ █▒▒▒▒▒▒▒▒▒ ▒▒▒▒▒▒▒▒▒▒ ██▒▒▒▒▒▒▒▒

▒▒▒▒▒▒▒▒▒▒ █▒▒▒▒▒▒▒▒▒ ▒▒▒▒▒▒▒▒▒▒ ▒▒▒▒▒▒▒▒▒▒ ▒▒▒▒▒▒▒▒▒▒

█▒▒▒▒▒▒▒▒▒ ▒▒▒▒▒▒▒▒▒▒ ▒▒▒▒▒▒▒▒▒▒ █▒▒▒▒▒▒▒▒▒ █▒▒▒▒▒▒▒▒▒

█▒▒▒▒▒▒▒▒▒ █▒▒▒▒▒▒▒▒▒ █▒▒▒▒▒▒▒▒▒ ▒▒▒▒▒▒▒▒▒▒ ▒▒▒▒▒▒▒▒▒▒

█▒▒▒▒▒▒▒▒▒ █▒▒▒▒▒▒▒▒▒ ██▒▒▒▒▒▒▒▒ █▒▒▒▒▒▒▒▒▒ █▒▒▒▒▒▒▒▒▒

▒▒▒▒▒▒▒▒▒▒ ▒▒▒▒▒▒▒▒▒▒ ▒▒▒▒▒▒▒▒▒▒ █▒▒▒▒▒▒▒▒▒ █▒▒▒▒▒▒▒▒▒

█▒▒▒▒▒▒▒▒▒ █▒▒▒▒▒▒▒▒▒ ▒▒▒▒▒▒▒▒▒▒ █▒▒▒▒▒▒▒▒▒ ▒▒▒▒▒▒▒▒▒▒

▒▒▒▒▒▒▒▒▒▒ ██▒▒▒▒▒▒▒▒ █▒▒▒▒▒▒▒▒▒ ▒▒▒▒▒▒▒▒▒▒ █▒▒▒▒▒▒▒▒▒

█▒▒▒▒▒▒▒▒▒ ██▒▒▒▒▒▒▒▒ ▒▒▒▒▒▒▒▒▒▒ ███▒▒▒▒▒▒▒ ▒▒▒▒▒▒▒▒▒▒

██▒▒▒▒▒▒▒▒ ▒▒▒▒▒▒▒▒▒▒ ▒▒▒▒▒▒▒▒▒▒ ▒▒▒▒▒▒▒▒▒▒ ▒▒▒▒▒▒▒▒▒▒

▒▒▒▒▒▒▒▒▒▒ █▒▒▒▒▒▒▒▒▒ █▒▒▒▒▒▒▒▒▒ █▒▒▒▒▒▒▒▒▒ ██▒▒▒▒▒▒▒▒

█▒▒▒▒▒▒▒▒▒ ▒▒▒▒▒▒▒▒▒▒ ▒▒▒▒▒▒▒▒▒▒ ▒▒▒▒▒▒▒▒▒▒ █▒▒▒▒▒▒▒▒▒

▒▒▒▒▒▒▒▒▒▒ ▒▒▒▒▒▒▒▒▒▒ ▒▒▒▒▒▒▒▒▒▒ ▒▒▒▒▒▒▒▒▒▒ █▒▒▒▒▒▒▒▒▒

▒▒▒▒▒▒▒▒▒▒ █▒▒▒▒▒▒▒▒▒ █▒▒▒▒▒▒▒▒▒ ▒▒▒▒▒▒▒▒▒▒ ▒▒▒▒▒▒▒▒▒▒

███▒▒▒▒▒▒▒ █▒▒▒▒▒▒▒▒▒ ███▒▒▒▒▒▒▒ ██▒▒▒▒▒▒▒▒ ██▒▒▒▒▒▒▒▒

███▒▒▒▒▒▒▒ █▒▒▒▒▒▒▒▒▒ █▒▒▒▒▒▒▒▒▒ ▒▒▒▒▒▒▒▒▒▒ ▒▒▒▒▒▒▒▒▒▒

▒▒▒▒▒▒▒▒▒▒ █▒▒▒▒▒▒▒▒▒ ▒▒▒▒▒▒▒▒▒▒ █▒▒▒▒▒▒▒▒▒ ▒▒▒▒▒▒▒▒▒▒

▒▒▒▒▒▒▒▒▒▒ ▒▒▒▒▒▒▒▒▒▒ ██▒▒▒▒▒▒▒▒ █▒▒▒▒▒▒▒▒▒ ██▒▒▒▒▒▒▒▒

▒▒▒▒▒▒▒▒▒▒ █▒▒▒▒▒▒▒▒▒ ██▒▒▒▒▒▒▒▒ ██▒▒▒▒▒▒▒▒ ▒▒▒▒▒▒▒▒▒▒

███▒▒▒▒▒▒▒ ██▒▒▒▒▒▒▒▒ ███▒▒▒▒▒▒▒ ▒▒▒▒▒▒▒▒▒▒ ▒▒▒▒▒▒▒▒▒▒

▒▒▒▒▒▒▒▒▒▒ ███▒▒▒▒▒▒▒ █▒▒▒▒▒▒▒▒▒ ▒▒▒▒▒▒▒▒▒▒ ██▒▒▒▒▒▒▒▒

█▒▒▒▒▒▒▒▒▒ █▒▒▒▒▒▒▒▒▒ ▒▒▒▒▒▒▒▒▒▒ █▒▒▒▒▒▒▒▒▒ ████▒▒▒▒▒▒

█▒▒▒▒▒▒▒▒▒ █▒▒▒▒▒▒▒▒▒ ▒▒▒▒▒▒▒▒▒▒ ▒▒▒▒▒▒▒▒▒▒ ▒▒▒▒▒▒▒▒▒▒

█▒▒▒▒▒▒▒▒▒ ▒▒▒▒▒▒▒▒▒▒ ▒▒▒▒▒▒▒▒▒▒ ▒▒▒▒▒▒▒▒▒▒ ▒▒▒▒▒▒▒▒▒▒

██▒▒▒▒▒▒▒▒ ▒▒▒▒▒▒▒▒▒▒ █▒▒▒▒▒▒▒▒▒ █▒▒▒▒▒▒▒▒▒ ▒▒▒▒▒▒▒▒▒▒

██▒▒▒▒▒▒▒▒ █▒▒▒▒▒▒▒▒▒ ██▒▒▒▒▒▒▒▒ ▒▒▒▒▒▒▒▒▒▒ ██▒▒▒▒▒▒▒▒

▒▒▒▒▒▒▒▒▒▒ ▒▒▒▒▒▒▒▒▒▒ █▒▒▒▒▒▒▒▒▒ ▒▒▒▒▒▒▒▒▒▒ ██▒▒▒▒▒▒▒▒

██▒▒▒▒▒▒▒▒ ▒▒▒▒▒▒▒▒▒▒ ██▒▒▒▒▒▒▒▒ ▒▒▒▒▒▒▒▒▒▒ ███▒▒▒▒▒▒▒

▒▒▒▒▒▒▒▒▒▒ ▒▒▒▒▒▒▒▒▒▒ █▒▒▒▒▒▒▒▒▒ ██▒▒▒▒▒▒▒▒ ▒▒▒▒▒▒▒▒▒▒

▒▒▒▒▒▒▒▒▒▒ █▒▒▒▒▒▒▒▒▒ █▒▒▒▒▒▒▒▒▒ ██▒▒▒▒▒▒▒▒ █▒▒▒▒▒▒▒▒▒

██▒▒▒▒▒▒▒▒ █▒▒▒▒▒▒▒▒▒ ▒▒▒▒▒▒▒▒▒▒ █▒▒▒▒▒▒▒▒▒ ▒▒▒▒▒▒▒▒▒▒

██▒▒▒▒▒▒▒▒ █▒▒▒▒▒▒▒▒▒ ▒▒▒▒▒▒▒▒▒▒ █▒▒▒▒▒▒▒▒▒ █▒▒▒▒▒▒▒▒▒

█▒▒▒▒▒▒▒▒▒ █▒▒▒▒▒▒▒▒▒ █▒▒▒▒▒▒▒▒▒ ▒▒▒▒▒▒▒▒▒▒ ▒▒▒▒▒▒▒▒▒▒

▒▒▒▒▒▒▒▒▒▒ ▒▒▒▒▒▒▒▒▒▒ ▒▒▒▒▒▒▒▒▒▒ █▒▒▒▒▒▒▒▒▒ ▒▒▒▒▒▒▒▒▒▒

▒▒▒▒▒▒▒▒▒▒ █▒▒▒▒▒▒▒▒▒ █▒▒▒▒▒▒▒▒▒ ▒▒▒▒▒▒▒▒▒▒ ▒▒▒▒▒▒▒▒▒▒

█▒▒▒▒▒▒▒▒▒ █▒▒▒▒▒▒▒▒▒ ▒▒▒▒▒▒▒▒▒▒ ▒▒▒▒▒▒▒▒▒▒ ██▒▒▒▒▒▒▒▒

▒▒▒▒▒▒▒▒▒▒ ██▒▒▒▒▒▒▒▒ █▒▒▒▒▒▒▒▒▒ ▒▒▒▒▒▒▒▒▒▒ █▒▒▒▒▒▒▒▒▒

██▒▒▒▒▒▒▒▒ ██▒▒▒▒▒▒▒▒ █▒▒▒▒▒▒▒▒▒ ▒▒▒▒▒▒▒▒▒▒ ██▒▒▒▒▒▒▒▒

██▒▒▒▒▒▒▒▒ ████▒▒▒▒▒▒ ██▒▒▒▒▒▒▒▒ ▒▒▒▒▒▒▒▒▒▒ ▒▒▒▒▒▒▒▒▒▒

▒▒▒▒▒▒▒▒▒▒ ██▒▒▒▒▒▒▒▒ ▒▒▒▒▒▒▒▒▒▒ █▒▒▒▒▒▒▒▒▒ █▒▒▒▒▒▒▒▒▒

▒▒▒▒▒▒▒▒▒▒ █▒▒▒▒▒▒▒▒▒ █▒▒▒▒▒▒▒▒▒ ▒▒▒▒▒▒▒▒▒▒ ▒▒▒▒▒▒▒▒▒▒

▒▒▒▒▒▒▒▒▒▒ █▒▒▒▒▒▒▒▒▒ █▒▒▒▒▒▒▒▒▒ ██▒▒▒▒▒▒▒▒ ██▒▒▒▒▒▒▒▒

▒▒▒▒▒▒▒▒▒▒ █▒▒▒▒▒▒▒▒▒ ▒▒▒▒▒▒▒▒▒▒ ▒▒▒▒▒▒▒▒▒▒ ▒▒▒▒▒▒▒▒▒▒

▒▒▒▒▒▒▒▒▒▒ ▒▒▒▒▒▒▒▒▒▒ █▒▒▒▒▒▒▒▒▒ ▒▒▒▒▒▒▒▒▒▒ ▒▒▒▒▒▒▒▒▒▒

▒▒▒▒▒▒▒▒▒▒ ██▒▒▒▒▒▒▒▒ █▒▒▒▒▒▒▒▒▒ ▒▒▒▒▒▒▒▒▒▒ ██▒▒▒▒▒▒▒▒

█▒▒▒▒▒▒▒▒▒ █▒▒▒▒▒▒▒▒▒ █▒▒▒▒▒▒▒▒▒ ██▒▒▒▒▒▒▒▒ █▒▒▒▒▒▒▒▒▒

█▒▒▒▒▒▒▒▒▒ ▒▒▒▒▒▒▒▒▒▒ ▒▒▒▒▒▒▒▒▒▒ ▒▒▒▒▒▒▒▒▒▒ █▒▒▒▒▒▒▒▒▒

▒▒▒▒▒▒▒▒▒▒ ▒▒▒▒▒▒▒▒▒▒ ▒▒▒▒▒▒▒▒▒▒ ▒▒▒▒▒▒▒▒▒▒ ▒▒▒▒▒▒▒▒▒▒

█▒▒▒▒▒▒▒▒▒ ▒▒▒▒▒▒▒▒▒▒ ▒▒▒▒▒▒▒▒▒▒ ▒▒▒▒▒▒▒▒▒▒ █▒▒▒▒▒▒▒▒▒

█▒▒▒▒▒▒▒▒▒ ██▒▒▒▒▒▒▒▒ ▒▒▒▒▒▒▒▒▒▒ ▒▒▒▒▒▒▒▒▒▒ ▒▒▒▒▒▒▒▒▒▒

█▒▒▒▒▒▒▒▒▒ █▒▒▒▒▒▒▒▒▒ █▒▒▒▒▒▒▒▒▒ █▒▒▒▒▒▒▒▒▒ █▒▒▒▒▒▒▒▒▒

▒▒▒▒▒▒▒▒▒▒ ▒▒▒▒▒▒▒▒▒▒ ▒▒▒▒▒▒▒▒▒▒ █▒▒▒▒▒▒▒▒▒ ▒▒▒▒▒▒▒▒▒▒

█▒▒▒▒▒▒▒▒▒ ▒▒▒▒▒▒▒▒▒▒ ▒▒▒▒▒▒▒▒▒▒ █▒▒▒▒▒▒▒▒▒ ███▒▒▒▒▒▒▒

▒▒▒▒▒▒▒▒▒▒ ▒▒▒▒▒▒▒▒▒▒ ▒▒▒▒▒▒▒▒▒▒ ▒▒▒▒▒▒▒▒▒▒ █▒▒▒▒▒▒▒▒▒

▒▒▒▒▒▒▒▒▒▒ █▒▒▒▒▒▒▒▒▒ ▒▒▒▒▒▒▒▒▒▒ ██▒▒▒▒▒▒▒▒ █▒▒▒▒▒▒▒▒▒

█▒▒▒▒▒▒▒▒▒ █▒▒▒▒▒▒▒▒▒ ▒▒▒▒▒▒▒▒▒▒ ▒▒▒▒▒▒▒▒▒▒ ▒▒▒▒▒▒▒▒▒▒

█▒▒▒▒▒▒▒▒▒ ▒▒▒▒▒▒▒▒▒▒ ███▒▒▒▒▒▒▒ ▒▒▒▒▒▒▒▒▒▒ ▒▒▒▒▒▒▒▒▒▒

█▒▒▒▒▒▒▒▒▒ ▒▒▒▒▒▒▒▒▒▒ █▒▒▒▒▒▒▒▒▒ ██▒▒▒▒▒▒▒▒ █▒▒▒▒▒▒▒▒▒

▒▒▒▒▒▒▒▒▒▒ ▒▒▒▒▒▒▒▒▒▒ ███▒▒▒▒▒▒▒ ███▒▒▒▒▒▒▒ ██▒▒▒▒▒▒▒▒

▒▒▒▒▒▒▒▒▒▒ ██▒▒▒▒▒▒▒▒ █▒▒▒▒▒▒▒▒▒ ▒▒▒▒▒▒▒▒▒▒ █▒▒▒▒▒▒▒▒▒

▒▒▒▒▒▒▒▒▒▒ ▒▒▒▒▒▒▒▒▒▒ ▒▒▒▒▒▒▒▒▒▒ ▒▒▒▒▒▒▒▒▒▒ █▒▒▒▒▒▒▒▒▒

███▒▒▒▒▒▒▒ ▒▒▒▒▒▒▒▒▒▒ █▒▒▒▒▒▒▒▒▒ ▒▒▒▒▒▒▒▒▒▒ ▒▒▒▒▒▒▒▒▒▒

█▒▒▒▒▒▒▒▒▒ ██▒▒▒▒▒▒▒▒ ▒▒▒▒▒▒▒▒▒▒ █▒▒▒▒▒▒▒▒▒ ▒▒▒▒▒▒▒▒▒▒

▒▒▒▒▒▒▒▒▒▒ █▒▒▒▒▒▒▒▒▒ ▒▒▒▒▒▒▒▒▒▒ █▒▒▒▒▒▒▒▒▒ ▒▒▒▒▒▒▒▒▒▒

▒▒▒▒▒▒▒▒▒▒ ▒▒▒▒▒▒▒▒▒▒ ▒▒▒▒▒▒▒▒▒▒ █▒▒▒▒▒▒▒▒▒ ▒▒▒▒▒▒▒▒▒▒

█▒▒▒▒▒▒▒▒▒ ██▒▒▒▒▒▒▒▒ ▒▒▒▒▒▒▒▒▒▒ █▒▒▒▒▒▒▒▒▒ ███▒▒▒▒▒▒▒

█▒▒▒▒▒▒▒▒▒ ███▒▒▒▒▒▒▒ ▒▒▒▒▒▒▒▒▒▒ █▒▒▒▒▒▒▒▒▒ ▒▒▒▒▒▒▒▒▒▒

▒▒▒▒▒▒▒▒▒▒ █▒▒▒▒▒▒▒▒▒ ██▒▒▒▒▒▒▒▒ █▒▒▒▒▒▒▒▒▒ ▒▒▒▒▒▒▒▒▒▒

▒▒▒▒▒▒▒▒▒▒ ██▒▒▒▒▒▒▒▒ ▒▒▒▒▒▒▒▒▒▒ ▒▒▒▒▒▒▒▒▒▒ ▒▒▒▒▒▒▒▒▒▒

▒▒▒▒▒▒▒▒▒▒ █▒▒▒▒▒▒▒▒▒ █▒▒▒▒▒▒▒▒▒ █▒▒▒▒▒▒▒▒▒ █▒▒▒▒▒▒▒▒▒

█▒▒▒▒▒▒▒▒▒ ▒▒▒▒▒▒▒▒▒▒ █▒▒▒▒▒▒▒▒▒ ██▒▒▒▒▒▒▒▒ ▒▒▒▒▒▒▒▒▒▒

██▒▒▒▒▒▒▒▒ ██▒▒▒▒▒▒▒▒ ▒▒▒▒▒▒▒▒▒▒ ▒▒▒▒▒▒▒▒▒▒ ▒▒▒▒▒▒▒▒▒▒

█▒▒▒▒▒▒▒▒▒ █▒▒▒▒▒▒▒▒▒ █▒▒▒▒▒▒▒▒▒ ▒▒▒▒▒▒▒▒▒▒ ▒▒▒▒▒▒▒▒▒▒

████▒▒▒▒▒▒ ▒▒▒▒▒▒▒▒▒▒ ▒▒▒▒▒▒▒▒▒▒ ▒▒▒▒▒▒▒▒▒▒ █▒▒▒▒▒▒▒▒▒

▒▒▒▒▒▒▒▒▒▒ ██▒▒▒▒▒▒▒▒ ▒▒▒▒▒▒▒▒▒▒ █▒▒▒▒▒▒▒▒▒ █▒▒▒▒▒▒▒▒▒

██▒▒▒▒▒▒▒▒ ██▒▒▒▒▒▒▒▒ ██▒▒▒▒▒▒▒▒ ███▒▒▒▒▒▒▒ █▒▒▒▒▒▒▒▒▒

▒▒▒▒▒▒▒▒▒▒ ███▒▒▒▒▒▒▒ ▒▒▒▒▒▒▒▒▒▒ █▒▒▒▒▒▒▒▒▒ █▒▒▒▒▒▒▒▒▒

▒▒▒▒▒▒▒▒▒▒ █▒▒▒▒▒▒▒▒▒ ▒▒▒▒▒▒▒▒▒▒ ▒▒▒▒▒▒▒▒▒▒ █▒▒▒▒▒▒▒▒▒

▒▒▒▒▒▒▒▒▒▒ █▒▒▒▒▒▒▒▒▒ ▒▒▒▒▒▒▒▒▒▒ ▒▒▒▒▒▒▒▒▒▒ ▒▒▒▒▒▒▒▒▒▒

▒▒▒▒▒▒▒▒▒▒ █▒▒▒▒▒▒▒▒▒ ▒▒▒▒▒▒▒▒▒▒ █▒▒▒▒▒▒▒▒▒ ▒▒▒▒▒▒▒▒▒▒

▒▒▒▒▒▒▒▒▒▒ ▒▒▒▒▒▒▒▒▒▒ ██▒▒▒▒▒▒▒▒ ▒▒▒▒▒▒▒▒▒▒ █▒▒▒▒▒▒▒▒▒

▒▒▒▒▒▒▒▒▒▒ ██▒▒▒▒▒▒▒▒ ██▒▒▒▒▒▒▒▒ ▒▒▒▒▒▒▒▒▒▒ ▒▒▒▒▒▒▒▒▒▒

██▒▒▒▒▒▒▒▒ ▒▒▒▒▒▒▒▒▒▒ ██▒▒▒▒▒▒▒▒ █▒▒▒▒▒▒▒▒▒ █▒▒▒▒▒▒▒▒▒

██▒▒▒▒▒▒▒▒ ▒▒▒▒▒▒▒▒▒▒ ▒▒▒▒▒▒▒▒▒▒ ██▒▒▒▒▒▒▒▒ █▒▒▒▒▒▒▒▒▒

▒▒▒▒▒▒▒▒▒▒ █▒▒▒▒▒▒▒▒▒ █▒▒▒▒▒▒▒▒▒ ▒▒▒▒▒▒▒▒▒▒ ▒▒▒▒▒▒▒▒▒▒

▒▒▒▒▒▒▒▒▒▒ ██▒▒▒▒▒▒▒▒ ▒▒▒▒▒▒▒▒▒▒ ▒▒▒▒▒▒▒▒▒▒ █▒▒▒▒▒▒▒▒▒

█▒▒▒▒▒▒▒▒▒ ▒▒▒▒▒▒▒▒▒▒ ▒▒▒▒▒▒▒▒▒▒ ▒▒▒▒▒▒▒▒▒▒ █▒▒▒▒▒▒▒▒▒

█▒▒▒▒▒▒▒▒▒ ▒▒▒▒▒▒▒▒▒▒ ▒▒▒▒▒▒▒▒▒▒ ▒▒▒▒▒▒▒▒▒▒ █▒▒▒▒▒▒▒▒▒

█▒▒▒▒▒▒▒▒▒ ▒▒▒▒▒▒▒▒▒▒ █▒▒▒▒▒▒▒▒▒ ▒▒▒▒▒▒▒▒▒▒ ▒▒▒▒▒▒▒▒▒▒

▒▒▒▒▒▒▒▒▒▒ █▒▒▒▒▒▒▒▒▒ ██▒▒▒▒▒▒▒▒ ██▒▒▒▒▒▒▒▒ ██▒▒▒▒▒▒▒▒

██▒▒▒▒▒▒▒▒ █▒▒▒▒▒▒▒▒▒ █▒▒▒▒▒▒▒▒▒ ██▒▒▒▒▒▒▒▒ █▒▒▒▒▒▒▒▒▒

██▒▒▒▒▒▒▒▒ █▒▒▒▒▒▒▒▒▒ ▒▒▒▒▒▒▒▒▒▒ █▒▒▒▒▒▒▒▒▒ █▒▒▒▒▒▒▒▒▒

█▒▒▒▒▒▒▒▒▒ ██▒▒▒▒▒▒▒▒ ██▒▒▒▒▒▒▒▒ ▒▒▒▒▒▒▒▒▒▒ █▒▒▒▒▒▒▒▒▒

▒▒▒▒▒▒▒▒▒▒ ▒▒▒▒▒▒▒▒▒▒ █▒▒▒▒▒▒▒▒▒ ██▒▒▒▒▒▒▒▒ ██▒▒▒▒▒▒▒▒

█▒▒▒▒▒▒▒▒▒ █▒▒▒▒▒▒▒▒▒ ██▒▒▒▒▒▒▒▒ ▒▒▒▒▒▒▒▒▒▒ ██▒▒▒▒▒▒▒▒

▒▒▒▒▒▒▒▒▒▒ ▒▒▒▒▒▒▒▒▒▒ █▒▒▒▒▒▒▒▒▒ ▒▒▒▒▒▒▒▒▒▒ ██▒▒▒▒▒▒▒▒

▒▒▒▒▒▒▒▒▒▒ █▒▒▒▒▒▒▒▒▒ ▒▒▒▒▒▒▒▒▒▒ █▒▒▒▒▒▒▒▒▒ ▒▒▒▒▒▒▒▒▒▒

▒▒▒▒▒▒▒▒▒▒ █▒▒▒▒▒▒▒▒▒ ██▒▒▒▒▒▒▒▒ ▒▒▒▒▒▒▒▒▒▒ ██▒▒▒▒▒▒▒▒

█▒▒▒▒▒▒▒▒▒ █▒▒▒▒▒▒▒▒▒ █▒▒▒▒▒▒▒▒▒ ▒▒▒▒▒▒▒▒▒▒ █▒▒▒▒▒▒▒▒▒

▒▒▒▒▒▒▒▒▒▒ ▒▒▒▒▒▒▒▒▒▒ █▒▒▒▒▒▒▒▒▒ ███▒▒▒▒▒▒▒ ▒▒▒▒▒▒▒▒▒▒

▒▒▒▒▒▒▒▒▒▒ █▒▒▒▒▒▒▒▒▒ █▒▒▒▒▒▒▒▒▒ █▒▒▒▒▒▒▒▒▒ ██▒▒▒▒▒▒▒▒

▒▒▒▒▒▒▒▒▒▒ ██▒▒▒▒▒▒▒▒ ▒▒▒▒▒▒▒▒▒▒ ▒▒▒▒▒▒▒▒▒▒ █▒▒▒▒▒▒▒▒▒

▒▒▒▒▒▒▒▒▒▒ ▒▒▒▒▒▒▒▒▒▒ ▒▒▒▒▒▒▒▒▒▒ █▒▒▒▒▒▒▒▒▒ █▒▒▒▒▒▒▒▒▒

█▒▒▒▒▒▒▒▒▒ ██▒▒▒▒▒▒▒▒ █▒▒▒▒▒▒▒▒▒ ▒▒▒▒▒▒▒▒▒▒ █▒▒▒▒▒▒▒▒▒

█▒▒▒▒▒▒▒▒▒ ▒▒▒▒▒▒▒▒▒▒ ▒▒▒▒▒▒▒▒▒▒ █▒▒▒▒▒▒▒▒▒ █▒▒▒▒▒▒▒▒▒

▒▒▒▒▒▒▒▒▒▒ ██▒▒▒▒▒▒▒▒ ▒▒▒▒▒▒▒▒▒▒ █▒▒▒▒▒▒▒▒▒ █▒▒▒▒▒▒▒▒▒

██▒▒▒▒▒▒▒▒ █▒▒▒▒▒▒▒▒▒ █▒▒▒▒▒▒▒▒▒ ▒▒▒▒▒▒▒▒▒▒ █▒▒▒▒▒▒▒▒▒

▒▒▒▒▒▒▒▒▒▒ ▒▒▒▒▒▒▒▒▒▒ ▒▒▒▒▒▒▒▒▒▒ █▒▒▒▒▒▒▒▒▒ █▒▒▒▒▒▒▒▒▒

▒▒▒▒▒▒▒▒▒▒ ▒▒▒▒▒▒▒▒▒▒ ▒▒▒▒▒▒▒▒▒▒ ▒▒▒▒▒▒▒▒▒▒ ▒▒▒▒▒▒▒▒▒▒

▒▒▒▒▒▒▒▒▒▒ ██▒▒▒▒▒▒▒▒ ▒▒▒▒▒▒▒▒▒▒ ▒▒▒▒▒▒▒▒▒▒ ▒▒▒▒▒▒▒▒▒▒

█▒▒▒▒▒▒▒▒▒ ████▒▒▒▒▒▒ ▒▒▒▒▒▒▒▒▒▒ █▒▒▒▒▒▒▒▒▒ ▒▒▒▒▒▒▒▒▒▒

▒▒▒▒▒▒▒▒▒▒ ▒▒▒▒▒▒▒▒▒▒ ▒▒▒▒▒▒▒▒▒▒ ▒▒▒▒▒▒▒▒▒▒ █▒▒▒▒▒▒▒▒▒

▒▒▒▒▒▒▒▒▒▒ ▒▒▒▒▒▒▒▒▒▒ █▒▒▒▒▒▒▒▒▒ ▒▒▒▒▒▒▒▒▒▒ █▒▒▒▒▒▒▒▒▒

▒▒▒▒▒▒▒▒▒▒ █▒▒▒▒▒▒▒▒▒ ▒▒▒▒▒▒▒▒▒▒ ▒▒▒▒▒▒▒▒▒▒ █▒▒▒▒▒▒▒▒▒

███▒▒▒▒▒▒▒ ██▒▒▒▒▒▒▒▒ █▒▒▒▒▒▒▒▒▒ █▒▒▒▒▒▒▒▒▒ █▒▒▒▒▒▒▒▒▒

▒▒▒▒▒▒▒▒▒▒ █▒▒▒▒▒▒▒▒▒ ▒▒▒▒▒▒▒▒▒▒ █▒▒▒▒▒▒▒▒▒ ▒▒▒▒▒▒▒▒▒▒

▒▒▒▒▒▒▒▒▒▒ █▒▒▒▒▒▒▒▒▒ ▒▒▒▒▒▒▒▒▒▒ █▒▒▒▒▒▒▒▒▒ ▒▒▒▒▒▒▒▒▒▒

█▒▒▒▒▒▒▒▒▒ ▒▒▒▒▒▒▒▒▒▒ ▒▒▒▒▒▒▒▒▒▒ █▒▒▒▒▒▒▒▒▒ ██▒▒▒▒▒▒▒▒

▒▒▒▒▒▒▒▒▒▒ ▒▒▒▒▒▒▒▒▒▒ █▒▒▒▒▒▒▒▒▒ ▒▒▒▒▒▒▒▒▒▒ █▒▒▒▒▒▒▒▒▒

██▒▒▒▒▒▒▒▒ ▒▒▒▒▒▒▒▒▒▒ ██▒▒▒▒▒▒▒▒ █▒▒▒▒▒▒▒▒▒ ██▒▒▒▒▒▒▒▒

██▒▒▒▒▒▒▒▒ █▒▒▒▒▒▒▒▒▒ █▒▒▒▒▒▒▒▒▒ ▒▒▒▒▒▒▒▒▒▒ █▒▒▒▒▒▒▒▒▒

██▒▒▒▒▒▒▒▒ ▒▒▒▒▒▒▒▒▒▒ █▒▒▒▒▒▒▒▒▒ ▒▒▒▒▒▒▒▒▒▒ █▒▒▒▒▒▒▒▒▒

█▒▒▒▒▒▒▒▒▒ ▒▒▒▒▒▒▒▒▒▒ ██▒▒▒▒▒▒▒▒ █▒▒▒▒▒▒▒▒▒ ▒▒▒▒▒▒▒▒▒▒

▒▒▒▒▒▒▒▒▒▒ ▒▒▒▒▒▒▒▒▒▒ █▒▒▒▒▒▒▒▒▒ █▒▒▒▒▒▒▒▒▒ ▒▒▒▒▒▒▒▒▒▒

█▒▒▒▒▒▒▒▒▒ ▒▒▒▒▒▒▒▒▒▒ █▒▒▒▒▒▒▒▒▒ ██▒▒▒▒▒▒▒▒ ██▒▒▒▒▒▒▒▒

█▒▒▒▒▒▒▒▒▒ ██▒▒▒▒▒▒▒▒ ▒▒▒▒▒▒▒▒▒▒ ▒▒▒▒▒▒▒▒▒▒ █▒▒▒▒▒▒▒▒▒

▒▒▒▒▒▒▒▒▒▒ ▒▒▒▒▒▒▒▒▒▒ ▒▒▒▒▒▒▒▒▒▒ ▒▒▒▒▒▒▒▒▒▒ ██▒▒▒▒▒▒▒▒

█▒▒▒▒▒▒▒▒▒ ▒▒▒▒▒▒▒▒▒▒ ███▒▒▒▒▒▒▒ █▒▒▒▒▒▒▒▒▒ █▒▒▒▒▒▒▒▒▒

▒▒▒▒▒▒▒▒▒▒ ▒▒▒▒▒▒▒▒▒▒ █▒▒▒▒▒▒▒▒▒ ▒▒▒▒▒▒▒▒▒▒ ▒▒▒▒▒▒▒▒▒▒

██▒▒▒▒▒▒▒▒ ▒▒▒▒▒▒▒▒▒▒ █▒▒▒▒▒▒▒▒▒ ▒▒▒▒▒▒▒▒▒▒ ▒▒▒▒▒▒▒▒▒▒

▒▒▒▒▒▒▒▒▒▒ ▒▒▒▒▒▒▒▒▒▒ ▒▒▒▒▒▒▒▒▒▒ █▒▒▒▒▒▒▒▒▒ ▒▒▒▒▒▒▒▒▒▒

██▒▒▒▒▒▒▒▒ ▒▒▒▒▒▒▒▒▒▒ ▒▒▒▒▒▒▒▒▒▒ █▒▒▒▒▒▒▒▒▒ ▒▒▒▒▒▒▒▒▒▒

▒▒▒▒▒▒▒▒▒▒ ▒▒▒▒▒▒▒▒▒▒ ████▒▒▒▒▒▒ ███▒▒▒▒▒▒▒ █▒▒▒▒▒▒▒▒▒

█▒▒▒▒▒▒▒▒▒ ▒▒▒▒▒▒▒▒▒▒ ▒▒▒▒▒▒▒▒▒▒ █▒▒▒▒▒▒▒▒▒ ▒▒▒▒▒▒▒▒▒▒

█▒▒▒▒▒▒▒▒▒ ▒▒▒▒▒▒▒▒▒▒ ▒▒▒▒▒▒▒▒▒▒ ▒▒▒▒▒▒▒▒▒▒ ▒▒▒▒▒▒▒▒▒▒

█▒▒▒▒▒▒▒▒▒ ▒▒▒▒▒▒▒▒▒▒ ▒▒▒▒▒▒▒▒▒▒ █▒▒▒▒▒▒▒▒▒ █▒▒▒▒▒▒▒▒▒

▒▒▒▒▒▒▒▒▒▒ █▒▒▒▒▒▒▒▒▒ ▒▒▒▒▒▒▒▒▒▒ █▒▒▒▒▒▒▒▒▒ █▒▒▒▒▒▒▒▒▒

██▒▒▒▒▒▒▒▒ ███▒▒▒▒▒▒▒ ▒▒▒▒▒▒▒▒▒▒ █▒▒▒▒▒▒▒▒▒ █▒▒▒▒▒▒▒▒▒

▒▒▒▒▒▒▒▒▒▒ █▒▒▒▒▒▒▒▒▒ ██▒▒▒▒▒▒▒▒ ▒▒▒▒▒▒▒▒▒▒ ▒▒▒▒▒▒▒▒▒▒

██▒▒▒▒▒▒▒▒ █▒▒▒▒▒▒▒▒▒ █▒▒▒▒▒▒▒▒▒ █▒▒▒▒▒▒▒▒▒ █▒▒▒▒▒▒▒▒▒

▒▒▒▒▒▒▒▒▒▒ ▒▒▒▒▒▒▒▒▒▒ ▒▒▒▒▒▒▒▒▒▒ ▒▒▒▒▒▒▒▒▒▒ ▒▒▒▒▒▒▒▒▒▒

█▒▒▒▒▒▒▒▒▒ █▒▒▒▒▒▒▒▒▒ ██▒▒▒▒▒▒▒▒ █▒▒▒▒▒▒▒▒▒ █▒▒▒▒▒▒▒▒▒

▒▒▒▒▒▒▒▒▒▒ █▒▒▒▒▒▒▒▒▒ █▒▒▒▒▒▒▒▒▒ █▒▒▒▒▒▒▒▒▒ █▒▒▒▒▒▒▒▒▒

▒▒▒▒▒▒▒▒▒▒ ██▒▒▒▒▒▒▒▒ █▒▒▒▒▒▒▒▒▒ ██▒▒▒▒▒▒▒▒ █▒▒▒▒▒▒▒▒▒

▒▒▒▒▒▒▒▒▒▒ ▒▒▒▒▒▒▒▒▒▒ ▒▒▒▒▒▒▒▒▒▒ ▒▒▒▒▒▒▒▒▒▒ ▒▒▒▒▒▒▒▒▒▒

▒▒▒▒▒▒▒▒▒▒ █▒▒▒▒▒▒▒▒▒ ▒▒▒▒▒▒▒▒▒▒ █▒▒▒▒▒▒▒▒▒ ▒▒▒▒▒▒▒▒▒▒

█▒▒▒▒▒▒▒▒▒ █▒▒▒▒▒▒▒▒▒ ███▒▒▒▒▒▒▒ ██▒▒▒▒▒▒▒▒ ██▒▒▒▒▒▒▒▒

█▒▒▒▒▒▒▒▒▒ ██▒▒▒▒▒▒▒▒ ▒▒▒▒▒▒▒▒▒▒ ▒▒▒▒▒▒▒▒▒▒ ▒▒▒▒▒▒▒▒▒▒

█▒▒▒▒▒▒▒▒▒ ▒▒▒▒▒▒▒▒▒▒ █▒▒▒▒▒▒▒▒▒ █▒▒▒▒▒▒▒▒▒ █▒▒▒▒▒▒▒▒▒

██▒▒▒▒▒▒▒▒ ▒▒▒▒▒▒▒▒▒▒ █▒▒▒▒▒▒▒▒▒ █▒▒▒▒▒▒▒▒▒ ▒▒▒▒▒▒▒▒▒▒

█▒▒▒▒▒▒▒▒▒ █▒▒▒▒▒▒▒▒▒ ▒▒▒▒▒▒▒▒▒▒ ▒▒▒▒▒▒▒▒▒▒ █▒▒▒▒▒▒▒▒▒

███▒▒▒▒▒▒▒ █▒▒▒▒▒▒▒▒▒ █▒▒▒▒▒▒▒▒▒ ▒▒▒▒▒▒▒▒▒▒ ▒▒▒▒▒▒▒▒▒▒

▒▒▒▒▒▒▒▒▒▒ █████▒▒▒▒▒ █▒▒▒▒▒▒▒▒▒ ███▒▒▒▒▒▒▒ ██▒▒▒▒▒▒▒▒

▒▒▒▒▒▒▒▒▒▒ ▒▒▒▒▒▒▒▒▒▒ ▒▒▒▒▒▒▒▒▒▒ █▒▒▒▒▒▒▒▒▒ ██▒▒▒▒▒▒▒▒

█▒▒▒▒▒▒▒▒▒ █▒▒▒▒▒▒▒▒▒ ▒▒▒▒▒▒▒▒▒▒ ██▒▒▒▒▒▒▒▒ ▒▒▒▒▒▒▒▒▒▒

▒▒▒▒▒▒▒▒▒▒ ▒▒▒▒▒▒▒▒▒▒ █▒▒▒▒▒▒▒▒▒ ██▒▒▒▒▒▒▒▒ █▒▒▒▒▒▒▒▒▒

█▒▒▒▒▒▒▒▒▒ ▒▒▒▒▒▒▒▒▒▒ █▒▒▒▒▒▒▒▒▒ ▒▒▒▒▒▒▒▒▒▒ █▒▒▒▒▒▒▒▒▒

█▒▒▒▒▒▒▒▒▒ ██▒▒▒▒▒▒▒▒ █▒▒▒▒▒▒▒▒▒ ███▒▒▒▒▒▒▒ ▒▒▒▒▒▒▒▒▒▒

███▒▒▒▒▒▒▒ █▒▒▒▒▒▒▒▒▒ ▒▒▒▒▒▒▒▒▒▒ █▒▒▒▒▒▒▒▒▒ ▒▒▒▒▒▒▒▒▒▒

▒▒▒▒▒▒▒▒▒▒ ▒▒▒▒▒▒▒▒▒▒ ██▒▒▒▒▒▒▒▒ ██▒▒▒▒▒▒▒▒ ▒▒▒▒▒▒▒▒▒▒

▒▒▒▒▒▒▒▒▒▒ ▒▒▒▒▒▒▒▒▒▒ ▒▒▒▒▒▒▒▒▒▒ ▒▒▒▒▒▒▒▒▒▒ █▒▒▒▒▒▒▒▒▒

▒▒▒▒▒▒▒▒▒▒ ██▒▒▒▒▒▒▒▒ █▒▒▒▒▒▒▒▒▒ █▒▒▒▒▒▒▒▒▒ ▒▒▒▒▒▒▒▒▒▒

██▒▒▒▒▒▒▒▒ █▒▒▒▒▒▒▒▒▒ ██▒▒▒▒▒▒▒▒ ▒▒▒▒▒▒▒▒▒▒ ▒▒▒▒▒▒▒▒▒▒

█▒▒▒▒▒▒▒▒▒ █▒▒▒▒▒▒▒▒▒ ▒▒▒▒▒▒▒▒▒▒ █▒▒▒▒▒▒▒▒▒ █▒▒▒▒▒▒▒▒▒

███▒▒▒▒▒▒▒ █▒▒▒▒▒▒▒▒▒ ██▒▒▒▒▒▒▒▒ ██▒▒▒▒▒▒▒▒ █▒▒▒▒▒▒▒▒▒

█▒▒▒▒▒▒▒▒▒ █▒▒▒▒▒▒▒▒▒ ▒▒▒▒▒▒▒▒▒▒ █▒▒▒▒▒▒▒▒▒ ▒▒▒▒▒▒▒▒▒▒

▒▒▒▒▒▒▒▒▒▒ ██▒▒▒▒▒▒▒▒ ▒▒▒▒▒▒▒▒▒▒ ▒▒▒▒▒▒▒▒▒▒ █▒▒▒▒▒▒▒▒▒

▒▒▒▒▒▒▒▒▒▒ ▒▒▒▒▒▒▒▒▒▒ █▒▒▒▒▒▒▒▒▒ █▒▒▒▒▒▒▒▒▒ █▒▒▒▒▒▒▒▒▒

▒▒▒▒▒▒▒▒▒▒ ▒▒▒▒▒▒▒▒▒▒ ▒▒▒▒▒▒▒▒▒▒ ▒▒▒▒▒▒▒▒▒▒ █▒▒▒▒▒▒▒▒▒

███▒▒▒▒▒▒▒ ███▒▒▒▒▒▒▒ ██▒▒▒▒▒▒▒▒ ██▒▒▒▒▒▒▒▒ █▒▒▒▒▒▒▒▒▒

█▒▒▒▒▒▒▒▒▒ █▒▒▒▒▒▒▒▒▒ █▒▒▒▒▒▒▒▒▒ █▒▒▒▒▒▒▒▒▒ ▒▒▒▒▒▒▒▒▒▒

▒▒▒▒▒▒▒▒▒▒ █▒▒▒▒▒▒▒▒▒ ▒▒▒▒▒▒▒▒▒▒ ██▒▒▒▒▒▒▒▒ ▒▒▒▒▒▒▒▒▒▒

▒▒▒▒▒▒▒▒▒▒ ██▒▒▒▒▒▒▒▒ ███▒▒▒▒▒▒▒ ▒▒▒▒▒▒▒▒▒▒ ▒▒▒▒▒▒▒▒▒▒

▒▒▒▒▒▒▒▒▒▒ ██▒▒▒▒▒▒▒▒ ▒▒▒▒▒▒▒▒▒▒ █▒▒▒▒▒▒▒▒▒ ▒▒▒▒▒▒▒▒▒▒

█▒▒▒▒▒▒▒▒▒ █▒▒▒▒▒▒▒▒▒ █▒▒▒▒▒▒▒▒▒ █▒▒▒▒▒▒▒▒▒ ▒▒▒▒▒▒▒▒▒▒

███▒▒▒▒▒▒▒ █▒▒▒▒▒▒▒▒▒ █▒▒▒▒▒▒▒▒▒ ███▒▒▒▒▒▒▒ ██▒▒▒▒▒▒▒▒

█▒▒▒▒▒▒▒▒▒ █▒▒▒▒▒▒▒▒▒ █▒▒▒▒▒▒▒▒▒ █▒▒▒▒▒▒▒▒▒ ▒▒▒▒▒▒▒▒▒▒

▒▒▒▒▒▒▒▒▒▒ █▒▒▒▒▒▒▒▒▒ ██▒▒▒▒▒▒▒▒ █▒▒▒▒▒▒▒▒▒ ▒▒▒▒▒▒▒▒▒▒

██▒▒▒▒▒▒▒▒ ▒▒▒▒▒▒▒▒▒▒ ▒▒▒▒▒▒▒▒▒▒ ▒▒▒▒▒▒▒▒▒▒ █▒▒▒▒▒▒▒▒▒

█▒▒▒▒▒▒▒▒▒ ▒▒▒▒▒▒▒▒▒▒ █▒▒▒▒▒▒▒▒▒ █▒▒▒▒▒▒▒▒▒ ▒▒▒▒▒▒▒▒▒▒

▒▒▒▒▒▒▒▒▒▒ █▒▒▒▒▒▒▒▒▒ █▒▒▒▒▒▒▒▒▒ ▒▒▒▒▒▒▒▒▒▒ ▒▒▒▒▒▒▒▒▒▒

█▒▒▒▒▒▒▒▒▒ ███▒▒▒▒▒▒▒ ▒▒▒▒▒▒▒▒▒▒ ██▒▒▒▒▒▒▒▒ █▒▒▒▒▒▒▒▒▒

█▒▒▒▒▒▒▒▒▒ █▒▒▒▒▒▒▒▒▒ █▒▒▒▒▒▒▒▒▒ █▒▒▒▒▒▒▒▒▒ █▒▒▒▒▒▒▒▒▒

▒▒▒▒▒▒▒▒▒▒ █▒▒▒▒▒▒▒▒▒ ██▒▒▒▒▒▒▒▒ █▒▒▒▒▒▒▒▒▒ ▒▒▒▒▒▒▒▒▒▒

▒▒▒▒▒▒▒▒▒▒ ▒▒▒▒▒▒▒▒▒▒ ▒▒▒▒▒▒▒▒▒▒ █▒▒▒▒▒▒▒▒▒ ██▒▒▒▒▒▒▒▒

▒▒▒▒▒▒▒▒▒▒ █▒▒▒▒▒▒▒▒▒ ▒▒▒▒▒▒▒▒▒▒ █▒▒▒▒▒▒▒▒▒ █▒▒▒▒▒▒▒▒▒

▒▒▒▒▒▒▒▒▒▒ ▒▒▒▒▒▒▒▒▒▒ ▒▒▒▒▒▒▒▒▒▒ ███▒▒▒▒▒▒▒ ██▒▒▒▒▒▒▒▒

██▒▒▒▒▒▒▒▒ █▒▒▒▒▒▒▒▒▒ ▒▒▒▒▒▒▒▒▒▒ █▒▒▒▒▒▒▒▒▒ ▒▒▒▒▒▒▒▒▒▒

▒▒▒▒▒▒▒▒▒▒ █▒▒▒▒▒▒▒▒▒ █▒▒▒▒▒▒▒▒▒ ▒▒▒▒▒▒▒▒▒▒ █▒▒▒▒▒▒▒▒▒

▒▒▒▒▒▒▒▒▒▒ █▒▒▒▒▒▒▒▒▒ ▒▒▒▒▒▒▒▒▒▒ █▒▒▒▒▒▒▒▒▒ ▒▒▒▒▒▒▒▒▒▒

█▒▒▒▒▒▒▒▒▒ ██▒▒▒▒▒▒▒▒ █▒▒▒▒▒▒▒▒▒ ███▒▒▒▒▒▒▒ █▒▒▒▒▒▒▒▒▒

▒▒▒▒▒▒▒▒▒▒ █▒▒▒▒▒▒▒▒▒ █▒▒▒▒▒▒▒▒▒ ▒▒▒▒▒▒▒▒▒▒ ▒▒▒▒▒▒▒▒▒▒

█▒▒▒▒▒▒▒▒▒ ██▒▒▒▒▒▒▒▒ ▒▒▒▒▒▒▒▒▒▒ ▒▒▒▒▒▒▒▒▒▒ ██▒▒▒▒▒▒▒▒

▒▒▒▒▒▒▒▒▒▒ ███▒▒▒▒▒▒▒ ▒▒▒▒▒▒▒▒▒▒ ▒▒▒▒▒▒▒▒▒▒ █▒▒▒▒▒▒▒▒▒

▒▒▒▒▒▒▒▒▒▒ ▒▒▒▒▒▒▒▒▒▒ █▒▒▒▒▒▒▒▒▒ ▒▒▒▒▒▒▒▒▒▒ █▒▒▒▒▒▒▒▒▒

▒▒▒▒▒▒▒▒▒▒ █▒▒▒▒▒▒▒▒▒ ▒▒▒▒▒▒▒▒▒▒ ██▒▒▒▒▒▒▒▒ ▒▒▒▒▒▒▒▒▒▒

▒▒▒▒▒▒▒▒▒▒ ▒▒▒▒▒▒▒▒▒▒ ▒▒▒▒▒▒▒▒▒▒ ▒▒▒▒▒▒▒▒▒▒ ▒▒▒▒▒▒▒▒▒▒

▒▒▒▒▒▒▒▒▒▒ █▒▒▒▒▒▒▒▒▒ ███▒▒▒▒▒▒▒ █▒▒▒▒▒▒▒▒▒ ▒▒▒▒▒▒▒▒▒▒

██▒▒▒▒▒▒▒▒ █▒▒▒▒▒▒▒▒▒ █▒▒▒▒▒▒▒▒▒ ▒▒▒▒▒▒▒▒▒▒ ▒▒▒▒▒▒▒▒▒▒

█▒▒▒▒▒▒▒▒▒ ▒▒▒▒▒▒▒▒▒▒ █▒▒▒▒▒▒▒▒▒ █▒▒▒▒▒▒▒▒▒ ▒▒▒▒▒▒▒▒▒▒

▒▒▒▒▒▒▒▒▒▒ ▒▒▒▒▒▒▒▒▒▒ █▒▒▒▒▒▒▒▒▒ ▒▒▒▒▒▒▒▒▒▒ ██▒▒▒▒▒▒▒▒

▒▒▒▒▒▒▒▒▒▒ █▒▒▒▒▒▒▒▒▒ ▒▒▒▒▒▒▒▒▒▒ ██▒▒▒▒▒▒▒▒ ▒▒▒▒▒▒▒▒▒▒

▒▒▒▒▒▒▒▒▒▒ █▒▒▒▒▒▒▒▒▒ █▒▒▒▒▒▒▒▒▒ █▒▒▒▒▒▒▒▒▒ █▒▒▒▒▒▒▒▒▒

▒▒▒▒▒▒▒▒▒▒ ▒▒▒▒▒▒▒▒▒▒ ▒▒▒▒▒▒▒▒▒▒ ██▒▒▒▒▒▒▒▒ █▒▒▒▒▒▒▒▒▒

█▒▒▒▒▒▒▒▒▒ ██▒▒▒▒▒▒▒▒ ▒▒▒▒▒▒▒▒▒▒ ▒▒▒▒▒▒▒▒▒▒ ██▒▒▒▒▒▒▒▒

█▒▒▒▒▒▒▒▒▒ ▒▒▒▒▒▒▒▒▒▒ █▒▒▒▒▒▒▒▒▒ █▒▒▒▒▒▒▒▒▒ █▒▒▒▒▒▒▒▒▒

█▒▒▒▒▒▒▒▒▒ █▒▒▒▒▒▒▒▒▒ ███▒▒▒▒▒▒▒ █▒▒▒▒▒▒▒▒▒ ▒▒▒▒▒▒▒▒▒▒

▒▒▒▒▒▒▒▒▒▒ ▒▒▒▒▒▒▒▒▒▒ ▒▒▒▒▒▒▒▒▒▒ █▒▒▒▒▒▒▒▒▒ ▒▒▒▒▒▒▒▒▒▒

█▒▒▒▒▒▒▒▒▒ █▒▒▒▒▒▒▒▒▒ ██▒▒▒▒▒▒▒▒ ▒▒▒▒▒▒▒▒▒▒ ▒▒▒▒▒▒▒▒▒▒

▒▒▒▒▒▒▒▒▒▒ ▒▒▒▒▒▒▒▒▒▒ ▒▒▒▒▒▒▒▒▒▒ █▒▒▒▒▒▒▒▒▒ ▒▒▒▒▒▒▒▒▒▒

███▒▒▒▒▒▒▒ ▒▒▒▒▒▒▒▒▒▒ ▒▒▒▒▒▒▒▒▒▒ ▒▒▒▒▒▒▒▒▒▒ █▒▒▒▒▒▒▒▒▒

█▒▒▒▒▒▒▒▒▒ ▒▒▒▒▒▒▒▒▒▒ █▒▒▒▒▒▒▒▒▒ ▒▒▒▒▒▒▒▒▒▒ █▒▒▒▒▒▒▒▒▒

▒▒▒▒▒▒▒▒▒▒ ▒▒▒▒▒▒▒▒▒▒ █▒▒▒▒▒▒▒▒▒ ███▒▒▒▒▒▒▒ ▒▒▒▒▒▒▒▒▒▒

█▒▒▒▒▒▒▒▒▒ █▒▒▒▒▒▒▒▒▒ █▒▒▒▒▒▒▒▒▒ █▒▒▒▒▒▒▒▒▒ ▒▒▒▒▒▒▒▒▒▒

██▒▒▒▒▒▒▒▒ ▒▒▒▒▒▒▒▒▒▒ ▒▒▒▒▒▒▒▒▒▒ ▒▒▒▒▒▒▒▒▒▒ █▒▒▒▒▒▒▒▒▒

█▒▒▒▒▒▒▒▒▒ █▒▒▒▒▒▒▒▒▒ █▒▒▒▒▒▒▒▒▒ ████▒▒▒▒▒▒ ▒▒▒▒▒▒▒▒▒▒

▒▒▒▒▒▒▒▒▒▒ █▒▒▒▒▒▒▒▒▒ █▒▒▒▒▒▒▒▒▒ █▒▒▒▒▒▒▒▒▒ ▒▒▒▒▒▒▒▒▒▒

█▒▒▒▒▒▒▒▒▒ ██▒▒▒▒▒▒▒▒ ▒▒▒▒▒▒▒▒▒▒ ▒▒▒▒▒▒▒▒▒▒ █▒▒▒▒▒▒▒▒▒

█▒▒▒▒▒▒▒▒▒ ██▒▒▒▒▒▒▒▒ ▒▒▒▒▒▒▒▒▒▒ █▒▒▒▒▒▒▒▒▒ ▒▒▒▒▒▒▒▒▒▒

█▒▒▒▒▒▒▒▒▒ ██▒▒▒▒▒▒▒▒ █▒▒▒▒▒▒▒▒▒ █▒▒▒▒▒▒▒▒▒ █▒▒▒▒▒▒▒▒▒

██▒▒▒▒▒▒▒▒ ▒▒▒▒▒▒▒▒▒▒ █▒▒▒▒▒▒▒▒▒ █▒▒▒▒▒▒▒▒▒ ▒▒▒▒▒▒▒▒▒▒
-------------------------------------------------

With most commons english passwords
-------------------------------------------------

████▒▒▒▒▒▒ ▒▒▒▒▒▒▒▒▒▒ █▒▒▒▒▒▒▒▒▒ ▒▒▒▒▒▒▒▒▒▒ ▒▒▒▒▒▒▒▒▒▒

▒▒▒▒▒▒▒▒▒▒ █▒▒▒▒▒▒▒▒▒ ▒▒▒▒▒▒▒▒▒▒ ▒▒▒▒▒▒▒▒▒▒ ▒▒▒▒▒▒▒▒▒▒

▒▒▒▒▒▒▒▒▒▒ ▒▒▒▒▒▒▒▒▒▒ █▒▒▒▒▒▒▒▒▒ ▒▒▒▒▒▒▒▒▒▒ ▒▒▒▒▒▒▒▒▒▒

▒▒▒▒▒▒▒▒▒▒ ▒▒▒▒▒▒▒▒▒▒ ▒▒▒▒▒▒▒▒▒▒ ▒▒▒▒▒▒▒▒▒▒ ▒▒▒▒▒▒▒▒▒▒

▒▒▒▒▒▒▒▒▒▒ ▒▒▒▒▒▒▒▒▒▒ ▒▒▒▒▒▒▒▒▒▒ █▒▒▒▒▒▒▒▒▒ ▒▒▒▒▒▒▒▒▒▒

▒▒▒▒▒▒▒▒▒▒ █▒▒▒▒▒▒▒▒▒ ▒▒▒▒▒▒▒▒▒▒ ▒▒▒▒▒▒▒▒▒▒ ▒▒▒▒▒▒▒▒▒▒

▒▒▒▒▒▒▒▒▒▒ ▒▒▒▒▒▒▒▒▒▒ █▒▒▒▒▒▒▒▒▒ ▒▒▒▒▒▒▒▒▒▒ █▒▒▒▒▒▒▒▒▒

▒▒▒▒▒▒▒▒▒▒ ▒▒▒▒▒▒▒▒▒▒ ▒▒▒▒▒▒▒▒▒▒ ▒▒▒▒▒▒▒▒▒▒ ▒▒▒▒▒▒▒▒▒▒

▒▒▒▒▒▒▒▒▒▒ ▒▒▒▒▒▒▒▒▒▒ ▒▒▒▒▒▒▒▒▒▒ ▒▒▒▒▒▒▒▒▒▒ ██▒▒▒▒▒▒▒▒

█▒▒▒▒▒▒▒▒▒ ▒▒▒▒▒▒▒▒▒▒ ▒▒▒▒▒▒▒▒▒▒ ▒▒▒▒▒▒▒▒▒▒ ▒▒▒▒▒▒▒▒▒▒

▒▒▒▒▒▒▒▒▒▒ ▒▒▒▒▒▒▒▒▒▒ ▒▒▒▒▒▒▒▒▒▒ ▒▒▒▒▒▒▒▒▒▒ ▒▒▒▒▒▒▒▒▒▒

█▒▒▒▒▒▒▒▒▒ ▒▒▒▒▒▒▒▒▒▒ ▒▒▒▒▒▒▒▒▒▒ ▒▒▒▒▒▒▒▒▒▒ ▒▒▒▒▒▒▒▒▒▒

▒▒▒▒▒▒▒▒▒▒ █▒▒▒▒▒▒▒▒▒ █▒▒▒▒▒▒▒▒▒ █▒▒▒▒▒▒▒▒▒ ███▒▒▒▒▒▒▒

▒▒▒▒▒▒▒▒▒▒ █▒▒▒▒▒▒▒▒▒ ▒▒▒▒▒▒▒▒▒▒ ▒▒▒▒▒▒▒▒▒▒ █▒▒▒▒▒▒▒▒▒

█▒▒▒▒▒▒▒▒▒ ▒▒▒▒▒▒▒▒▒▒ ▒▒▒▒▒▒▒▒▒▒ █▒▒▒▒▒▒▒▒▒ ▒▒▒▒▒▒▒▒▒▒

█▒▒▒▒▒▒▒▒▒ ▒▒▒▒▒▒▒▒▒▒ ▒▒▒▒▒▒▒▒▒▒ █▒▒▒▒▒▒▒▒▒ ▒▒▒▒▒▒▒▒▒▒

▒▒▒▒▒▒▒▒▒▒ ▒▒▒▒▒▒▒▒▒▒ ▒▒▒▒▒▒▒▒▒▒ █▒▒▒▒▒▒▒▒▒ █▒▒▒▒▒▒▒▒▒

▒▒▒▒▒▒▒▒▒▒ ▒▒▒▒▒▒▒▒▒▒ ▒▒▒▒▒▒▒▒▒▒ ▒▒▒▒▒▒▒▒▒▒ ▒▒▒▒▒▒▒▒▒▒

▒▒▒▒▒▒▒▒▒▒ ▒▒▒▒▒▒▒▒▒▒ ▒▒▒▒▒▒▒▒▒▒ █▒▒▒▒▒▒▒▒▒ ▒▒▒▒▒▒▒▒▒▒

▒▒▒▒▒▒▒▒▒▒ ▒▒▒▒▒▒▒▒▒▒ █▒▒▒▒▒▒▒▒▒ ▒▒▒▒▒▒▒▒▒▒ ▒▒▒▒▒▒▒▒▒▒

█▒▒▒▒▒▒▒▒▒ ▒▒▒▒▒▒▒▒▒▒ ▒▒▒▒▒▒▒▒▒▒ ▒▒▒▒▒▒▒▒▒▒ █▒▒▒▒▒▒▒▒▒

▒▒▒▒▒▒▒▒▒▒ ▒▒▒▒▒▒▒▒▒▒ ▒▒▒▒▒▒▒▒▒▒ ▒▒▒▒▒▒▒▒▒▒ ▒▒▒▒▒▒▒▒▒▒

▒▒▒▒▒▒▒▒▒▒ ▒▒▒▒▒▒▒▒▒▒ ▒▒▒▒▒▒▒▒▒▒ ▒▒▒▒▒▒▒▒▒▒ ▒▒▒▒▒▒▒▒▒▒

▒▒▒▒▒▒▒▒▒▒ █▒▒▒▒▒▒▒▒▒ █▒▒▒▒▒▒▒▒▒ ▒▒▒▒▒▒▒▒▒▒ █▒▒▒▒▒▒▒▒▒

▒▒▒▒▒▒▒▒▒▒ ▒▒▒▒▒▒▒▒▒▒ █▒▒▒▒▒▒▒▒▒ ▒▒▒▒▒▒▒▒▒▒ ▒▒▒▒▒▒▒▒▒▒

█▒▒▒▒▒▒▒▒▒ ▒▒▒▒▒▒▒▒▒▒ ▒▒▒▒▒▒▒▒▒▒ ▒▒▒▒▒▒▒▒▒▒ █▒▒▒▒▒▒▒▒▒

▒▒▒▒▒▒▒▒▒▒ ▒▒▒▒▒▒▒▒▒▒ ▒▒▒▒▒▒▒▒▒▒ ▒▒▒▒▒▒▒▒▒▒ ▒▒▒▒▒▒▒▒▒▒

▒▒▒▒▒▒▒▒▒▒ ▒▒▒▒▒▒▒▒▒▒ ▒▒▒▒▒▒▒▒▒▒ ▒▒▒▒▒▒▒▒▒▒ ▒▒▒▒▒▒▒▒▒▒

█▒▒▒▒▒▒▒▒▒ ▒▒▒▒▒▒▒▒▒▒ █▒▒▒▒▒▒▒▒▒ ▒▒▒▒▒▒▒▒▒▒ ▒▒▒▒▒▒▒▒▒▒

▒▒▒▒▒▒▒▒▒▒ ▒▒▒▒▒▒▒▒▒▒ ▒▒▒▒▒▒▒▒▒▒ █▒▒▒▒▒▒▒▒▒ █▒▒▒▒▒▒▒▒▒

▒▒▒▒▒▒▒▒▒▒ ▒▒▒▒▒▒▒▒▒▒ ██▒▒▒▒▒▒▒▒ █▒▒▒▒▒▒▒▒▒ █▒▒▒▒▒▒▒▒▒

▒▒▒▒▒▒▒▒▒▒ ▒▒▒▒▒▒▒▒▒▒ ▒▒▒▒▒▒▒▒▒▒ ▒▒▒▒▒▒▒▒▒▒ ▒▒▒▒▒▒▒▒▒▒

▒▒▒▒▒▒▒▒▒▒ ▒▒▒▒▒▒▒▒▒▒ ▒▒▒▒▒▒▒▒▒▒ ▒▒▒▒▒▒▒▒▒▒ ▒▒▒▒▒▒▒▒▒▒

▒▒▒▒▒▒▒▒▒▒ ▒▒▒▒▒▒▒▒▒▒ ▒▒▒▒▒▒▒▒▒▒ ▒▒▒▒▒▒▒▒▒▒ ▒▒▒▒▒▒▒▒▒▒

▒▒▒▒▒▒▒▒▒▒ █▒▒▒▒▒▒▒▒▒ ▒▒▒▒▒▒▒▒▒▒ █▒▒▒▒▒▒▒▒▒ ▒▒▒▒▒▒▒▒▒▒

▒▒▒▒▒▒▒▒▒▒ ▒▒▒▒▒▒▒▒▒▒ ▒▒▒▒▒▒▒▒▒▒ ▒▒▒▒▒▒▒▒▒▒ ▒▒▒▒▒▒▒▒▒▒

█▒▒▒▒▒▒▒▒▒ ▒▒▒▒▒▒▒▒▒▒ ▒▒▒▒▒▒▒▒▒▒ ▒▒▒▒▒▒▒▒▒▒ ██▒▒▒▒▒▒▒▒

█▒▒▒▒▒▒▒▒▒ █▒▒▒▒▒▒▒▒▒ █▒▒▒▒▒▒▒▒▒ ▒▒▒▒▒▒▒▒▒▒ ▒▒▒▒▒▒▒▒▒▒

▒▒▒▒▒▒▒▒▒▒ ▒▒▒▒▒▒▒▒▒▒ ▒▒▒▒▒▒▒▒▒▒ ▒▒▒▒▒▒▒▒▒▒ █▒▒▒▒▒▒▒▒▒

▒▒▒▒▒▒▒▒▒▒ █▒▒▒▒▒▒▒▒▒ █▒▒▒▒▒▒▒▒▒ ▒▒▒▒▒▒▒▒▒▒ ███▒▒▒▒▒▒▒

▒▒▒▒▒▒▒▒▒▒ ▒▒▒▒▒▒▒▒▒▒ █▒▒▒▒▒▒▒▒▒ ▒▒▒▒▒▒▒▒▒▒ █▒▒▒▒▒▒▒▒▒

▒▒▒▒▒▒▒▒▒▒ ▒▒▒▒▒▒▒▒▒▒ ▒▒▒▒▒▒▒▒▒▒ ▒▒▒▒▒▒▒▒▒▒ ▒▒▒▒▒▒▒▒▒▒

▒▒▒▒▒▒▒▒▒▒ ▒▒▒▒▒▒▒▒▒▒ █▒▒▒▒▒▒▒▒▒ ▒▒▒▒▒▒▒▒▒▒ ▒▒▒▒▒▒▒▒▒▒

▒▒▒▒▒▒▒▒▒▒ ▒▒▒▒▒▒▒▒▒▒ ▒▒▒▒▒▒▒▒▒▒ ▒▒▒▒▒▒▒▒▒▒ █▒▒▒▒▒▒▒▒▒

█▒▒▒▒▒▒▒▒▒ ▒▒▒▒▒▒▒▒▒▒ ▒▒▒▒▒▒▒▒▒▒ ▒▒▒▒▒▒▒▒▒▒ ▒▒▒▒▒▒▒▒▒▒

▒▒▒▒▒▒▒▒▒▒ █▒▒▒▒▒▒▒▒▒ ▒▒▒▒▒▒▒▒▒▒ ▒▒▒▒▒▒▒▒▒▒ ▒▒▒▒▒▒▒▒▒▒

▒▒▒▒▒▒▒▒▒▒ ▒▒▒▒▒▒▒▒▒▒ ▒▒▒▒▒▒▒▒▒▒ █▒▒▒▒▒▒▒▒▒ ▒▒▒▒▒▒▒▒▒▒

▒▒▒▒▒▒▒▒▒▒ ▒▒▒▒▒▒▒▒▒▒ ▒▒▒▒▒▒▒▒▒▒ ▒▒▒▒▒▒▒▒▒▒ ▒▒▒▒▒▒▒▒▒▒

▒▒▒▒▒▒▒▒▒▒ ▒▒▒▒▒▒▒▒▒▒ ▒▒▒▒▒▒▒▒▒▒ ▒▒▒▒▒▒▒▒▒▒ ▒▒▒▒▒▒▒▒▒▒

▒▒▒▒▒▒▒▒▒▒ ▒▒▒▒▒▒▒▒▒▒ ▒▒▒▒▒▒▒▒▒▒ ▒▒▒▒▒▒▒▒▒▒ ▒▒▒▒▒▒▒▒▒▒

▒▒▒▒▒▒▒▒▒▒ █▒▒▒▒▒▒▒▒▒ █▒▒▒▒▒▒▒▒▒ ▒▒▒▒▒▒▒▒▒▒ ▒▒▒▒▒▒▒▒▒▒

▒▒▒▒▒▒▒▒▒▒ ██▒▒▒▒▒▒▒▒ ▒▒▒▒▒▒▒▒▒▒ █▒▒▒▒▒▒▒▒▒ ▒▒▒▒▒▒▒▒▒▒

▒▒▒▒▒▒▒▒▒▒ ▒▒▒▒▒▒▒▒▒▒ ▒▒▒▒▒▒▒▒▒▒ ▒▒▒▒▒▒▒▒▒▒ ▒▒▒▒▒▒▒▒▒▒

█▒▒▒▒▒▒▒▒▒ ▒▒▒▒▒▒▒▒▒▒ ▒▒▒▒▒▒▒▒▒▒ ▒▒▒▒▒▒▒▒▒▒ █▒▒▒▒▒▒▒▒▒

▒▒▒▒▒▒▒▒▒▒ █▒▒▒▒▒▒▒▒▒ █▒▒▒▒▒▒▒▒▒ ▒▒▒▒▒▒▒▒▒▒ █▒▒▒▒▒▒▒▒▒

▒▒▒▒▒▒▒▒▒▒ ▒▒▒▒▒▒▒▒▒▒ ▒▒▒▒▒▒▒▒▒▒ ▒▒▒▒▒▒▒▒▒▒ █▒▒▒▒▒▒▒▒▒

▒▒▒▒▒▒▒▒▒▒ █▒▒▒▒▒▒▒▒▒ ▒▒▒▒▒▒▒▒▒▒ ▒▒▒▒▒▒▒▒▒▒ █▒▒▒▒▒▒▒▒▒

█▒▒▒▒▒▒▒▒▒ ▒▒▒▒▒▒▒▒▒▒ ▒▒▒▒▒▒▒▒▒▒ ██▒▒▒▒▒▒▒▒ █▒▒▒▒▒▒▒▒▒

▒▒▒▒▒▒▒▒▒▒ ▒▒▒▒▒▒▒▒▒▒ █▒▒▒▒▒▒▒▒▒ █▒▒▒▒▒▒▒▒▒ ▒▒▒▒▒▒▒▒▒▒

█▒▒▒▒▒▒▒▒▒ ▒▒▒▒▒▒▒▒▒▒ ▒▒▒▒▒▒▒▒▒▒ ▒▒▒▒▒▒▒▒▒▒ ▒▒▒▒▒▒▒▒▒▒

▒▒▒▒▒▒▒▒▒▒ ██▒▒▒▒▒▒▒▒ ▒▒▒▒▒▒▒▒▒▒ ▒▒▒▒▒▒▒▒▒▒ ███▒▒▒▒▒▒▒

▒▒▒▒▒▒▒▒▒▒ ▒▒▒▒▒▒▒▒▒▒ █▒▒▒▒▒▒▒▒▒ ▒▒▒▒▒▒▒▒▒▒ ▒▒▒▒▒▒▒▒▒▒

▒▒▒▒▒▒▒▒▒▒ ▒▒▒▒▒▒▒▒▒▒ ▒▒▒▒▒▒▒▒▒▒ █▒▒▒▒▒▒▒▒▒ ▒▒▒▒▒▒▒▒▒▒

█▒▒▒▒▒▒▒▒▒ █▒▒▒▒▒▒▒▒▒ ▒▒▒▒▒▒▒▒▒▒ ▒▒▒▒▒▒▒▒▒▒ █▒▒▒▒▒▒▒▒▒

████████▒▒ ▒▒▒▒▒▒▒▒▒▒ ▒▒▒▒▒▒▒▒▒▒ █▒▒▒▒▒▒▒▒▒ █▒▒▒▒▒▒▒▒▒

█▒▒▒▒▒▒▒▒▒ █▒▒▒▒▒▒▒▒▒ ▒▒▒▒▒▒▒▒▒▒ ▒▒▒▒▒▒▒▒▒▒ ███▒▒▒▒▒▒▒

▒▒▒▒▒▒▒▒▒▒ ▒▒▒▒▒▒▒▒▒▒ █▒▒▒▒▒▒▒▒▒ █▒▒▒▒▒▒▒▒▒ ▒▒▒▒▒▒▒▒▒▒

█▒▒▒▒▒▒▒▒▒ ██▒▒▒▒▒▒▒▒ ▒▒▒▒▒▒▒▒▒▒ █▒▒▒▒▒▒▒▒▒ ▒▒▒▒▒▒▒▒▒▒

▒▒▒▒▒▒▒▒▒▒ ▒▒▒▒▒▒▒▒▒▒ ▒▒▒▒▒▒▒▒▒▒ ▒▒▒▒▒▒▒▒▒▒ ▒▒▒▒▒▒▒▒▒▒

█▒▒▒▒▒▒▒▒▒ █▒▒▒▒▒▒▒▒▒ ▒▒▒▒▒▒▒▒▒▒ ▒▒▒▒▒▒▒▒▒▒ ▒▒▒▒▒▒▒▒▒▒

▒▒▒▒▒▒▒▒▒▒ █▒▒▒▒▒▒▒▒▒ ███▒▒▒▒▒▒▒ ▒▒▒▒▒▒▒▒▒▒ █▒▒▒▒▒▒▒▒▒

█▒▒▒▒▒▒▒▒▒ ▒▒▒▒▒▒▒▒▒▒ ██▒▒▒▒▒▒▒▒ ▒▒▒▒▒▒▒▒▒▒ ▒▒▒▒▒▒▒▒▒▒

█▒▒▒▒▒▒▒▒▒ ▒▒▒▒▒▒▒▒▒▒ ▒▒▒▒▒▒▒▒▒▒ ██▒▒▒▒▒▒▒▒ ▒▒▒▒▒▒▒▒▒▒

█▒▒▒▒▒▒▒▒▒ ▒▒▒▒▒▒▒▒▒▒ █▒▒▒▒▒▒▒▒▒ ███▒▒▒▒▒▒▒ █▒▒▒▒▒▒▒▒▒

▒▒▒▒▒▒▒▒▒▒ ▒▒▒▒▒▒▒▒▒▒ ▒▒▒▒▒▒▒▒▒▒ ▒▒▒▒▒▒▒▒▒▒ █▒▒▒▒▒▒▒▒▒

▒▒▒▒▒▒▒▒▒▒ ▒▒▒▒▒▒▒▒▒▒ ██▒▒▒▒▒▒▒▒ ▒▒▒▒▒▒▒▒▒▒ ███▒▒▒▒▒▒▒

█▒▒▒▒▒▒▒▒▒ ▒▒▒▒▒▒▒▒▒▒ ▒▒▒▒▒▒▒▒▒▒ ▒▒▒▒▒▒▒▒▒▒ █████▒▒▒▒▒

█▒▒▒▒▒▒▒▒▒ ██▒▒▒▒▒▒▒▒ ██▒▒▒▒▒▒▒▒ █▒▒▒▒▒▒▒▒▒ █▒▒▒▒▒▒▒▒▒

██▒▒▒▒▒▒▒▒ █▒▒▒▒▒▒▒▒▒ ███▒▒▒▒▒▒▒ ▒▒▒▒▒▒▒▒▒▒ ██▒▒▒▒▒▒▒▒

█▒▒▒▒▒▒▒▒▒ █▒▒▒▒▒▒▒▒▒ █▒▒▒▒▒▒▒▒▒ ▒▒▒▒▒▒▒▒▒▒ ████▒▒▒▒▒▒

███▒▒▒▒▒▒▒ ▒▒▒▒▒▒▒▒▒▒ █▒▒▒▒▒▒▒▒▒ ▒▒▒▒▒▒▒▒▒▒ ████▒▒▒▒▒▒

██▒▒▒▒▒▒▒▒ ▒▒▒▒▒▒▒▒▒▒ ███▒▒▒▒▒▒▒ ██▒▒▒▒▒▒▒▒ █▒▒▒▒▒▒▒▒▒

██▒▒▒▒▒▒▒▒ █▒▒▒▒▒▒▒▒▒ █▒▒▒▒▒▒▒▒▒ █▒▒▒▒▒▒▒▒▒ ███▒▒▒▒▒▒▒

▒▒▒▒▒▒▒▒▒▒ ████▒▒▒▒▒▒ ▒▒▒▒▒▒▒▒▒▒ ██▒▒▒▒▒▒▒▒ █▒▒▒▒▒▒▒▒▒

███▒▒▒▒▒▒▒ ██▒▒▒▒▒▒▒▒ █▒▒▒▒▒▒▒▒▒ █▒▒▒▒▒▒▒▒▒ ██▒▒▒▒▒▒▒▒

█▒▒▒▒▒▒▒▒▒ █▒▒▒▒▒▒▒▒▒ █▒▒▒▒▒▒▒▒▒ ▒▒▒▒▒▒▒▒▒▒ ▒▒▒▒▒▒▒▒▒▒

▒▒▒▒▒▒▒▒▒▒ █▒▒▒▒▒▒▒▒▒ ███▒▒▒▒▒▒▒ ▒▒▒▒▒▒▒▒▒▒ █████▒▒▒▒▒

█▒▒▒▒▒▒▒▒▒ █████▒▒▒▒▒ ███▒▒▒▒▒▒▒ ██▒▒▒▒▒▒▒▒ ████▒▒▒▒▒▒

█████▒▒▒▒▒ ██████▒▒▒▒ ████▒▒▒▒▒▒ ██▒▒▒▒▒▒▒▒ ██▒▒▒▒▒▒▒▒

█▒▒▒▒▒▒▒▒▒ ▒▒▒▒▒▒▒▒▒▒ ▒▒▒▒▒▒▒▒▒▒ ████▒▒▒▒▒▒ ██▒▒▒▒▒▒▒▒

█▒▒▒▒▒▒▒▒▒ ▒▒▒▒▒▒▒▒▒▒ ▒▒▒▒▒▒▒▒▒▒ ██▒▒▒▒▒▒▒▒ ██▒▒▒▒▒▒▒▒

█▒▒▒▒▒▒▒▒▒ █▒▒▒▒▒▒▒▒▒ █▒▒▒▒▒▒▒▒▒ ██▒▒▒▒▒▒▒▒ ▒▒▒▒▒▒▒▒▒▒

▒▒▒▒▒▒▒▒▒▒ ▒▒▒▒▒▒▒▒▒▒ ▒▒▒▒▒▒▒▒▒▒ █▒▒▒▒▒▒▒▒▒ ███▒▒▒▒▒▒▒

▒▒▒▒▒▒▒▒▒▒ ██▒▒▒▒▒▒▒▒ ▒▒▒▒▒▒▒▒▒▒ ▒▒▒▒▒▒▒▒▒▒ ██▒▒▒▒▒▒▒▒

██▒▒▒▒▒▒▒▒ ▒▒▒▒▒▒▒▒▒▒ █▒▒▒▒▒▒▒▒▒ ▒▒▒▒▒▒▒▒▒▒ ██▒▒▒▒▒▒▒▒

██▒▒▒▒▒▒▒▒ █▒▒▒▒▒▒▒▒▒ █▒▒▒▒▒▒▒▒▒ █▒▒▒▒▒▒▒▒▒ ▒▒▒▒▒▒▒▒▒▒

█▒▒▒▒▒▒▒▒▒ ▒▒▒▒▒▒▒▒▒▒ █▒▒▒▒▒▒▒▒▒ ▒▒▒▒▒▒▒▒▒▒ █▒▒▒▒▒▒▒▒▒

▒▒▒▒▒▒▒▒▒▒ ██▒▒▒▒▒▒▒▒ █▒▒▒▒▒▒▒▒▒ █▒▒▒▒▒▒▒▒▒ █▒▒▒▒▒▒▒▒▒

▒▒▒▒▒▒▒▒▒▒ ██▒▒▒▒▒▒▒▒ █▒▒▒▒▒▒▒▒▒ ██▒▒▒▒▒▒▒▒ ▒▒▒▒▒▒▒▒▒▒

▒▒▒▒▒▒▒▒▒▒ ██▒▒▒▒▒▒▒▒ █▒▒▒▒▒▒▒▒▒ ██▒▒▒▒▒▒▒▒ ▒▒▒▒▒▒▒▒▒▒

▒▒▒▒▒▒▒▒▒▒ █▒▒▒▒▒▒▒▒▒ ████▒▒▒▒▒▒ █▒▒▒▒▒▒▒▒▒ █▒▒▒▒▒▒▒▒▒

▒▒▒▒▒▒▒▒▒▒ ██▒▒▒▒▒▒▒▒ ▒▒▒▒▒▒▒▒▒▒ █▒▒▒▒▒▒▒▒▒ ▒▒▒▒▒▒▒▒▒▒

▒▒▒▒▒▒▒▒▒▒ █▒▒▒▒▒▒▒▒▒ ██▒▒▒▒▒▒▒▒ ███▒▒▒▒▒▒▒ ▒▒▒▒▒▒▒▒▒▒

█▒▒▒▒▒▒▒▒▒ ▒▒▒▒▒▒▒▒▒▒ ▒▒▒▒▒▒▒▒▒▒ ▒▒▒▒▒▒▒▒▒▒ ▒▒▒▒▒▒▒▒▒▒

█▒▒▒▒▒▒▒▒▒ ▒▒▒▒▒▒▒▒▒▒ ▒▒▒▒▒▒▒▒▒▒ █▒▒▒▒▒▒▒▒▒ ▒▒▒▒▒▒▒▒▒▒

▒▒▒▒▒▒▒▒▒▒ ████▒▒▒▒▒▒ ▒▒▒▒▒▒▒▒▒▒ █▒▒▒▒▒▒▒▒▒ █▒▒▒▒▒▒▒▒▒

▒▒▒▒▒▒▒▒▒▒ █▒▒▒▒▒▒▒▒▒ ▒▒▒▒▒▒▒▒▒▒ █▒▒▒▒▒▒▒▒▒ ██▒▒▒▒▒▒▒▒

█▒▒▒▒▒▒▒▒▒ ▒▒▒▒▒▒▒▒▒▒ ▒▒▒▒▒▒▒▒▒▒ ▒▒▒▒▒▒▒▒▒▒ ▒▒▒▒▒▒▒▒▒▒

▒▒▒▒▒▒▒▒▒▒ ▒▒▒▒▒▒▒▒▒▒ █▒▒▒▒▒▒▒▒▒ ▒▒▒▒▒▒▒▒▒▒ ███▒▒▒▒▒▒▒

██▒▒▒▒▒▒▒▒ ▒▒▒▒▒▒▒▒▒▒ █▒▒▒▒▒▒▒▒▒ ▒▒▒▒▒▒▒▒▒▒ ▒▒▒▒▒▒▒▒▒▒

▒▒▒▒▒▒▒▒▒▒ █▒▒▒▒▒▒▒▒▒ ▒▒▒▒▒▒▒▒▒▒ ▒▒▒▒▒▒▒▒▒▒ █▒▒▒▒▒▒▒▒▒

▒▒▒▒▒▒▒▒▒▒ █▒▒▒▒▒▒▒▒▒ █▒▒▒▒▒▒▒▒▒ ▒▒▒▒▒▒▒▒▒▒ ▒▒▒▒▒▒▒▒▒▒

██▒▒▒▒▒▒▒▒ ▒▒▒▒▒▒▒▒▒▒ ▒▒▒▒▒▒▒▒▒▒ ▒▒▒▒▒▒▒▒▒▒ █▒▒▒▒▒▒▒▒▒

██▒▒▒▒▒▒▒▒ █▒▒▒▒▒▒▒▒▒ ████▒▒▒▒▒▒ ▒▒▒▒▒▒▒▒▒▒ ▒▒▒▒▒▒▒▒▒▒

███▒▒▒▒▒▒▒ █▒▒▒▒▒▒▒▒▒ ██▒▒▒▒▒▒▒▒ ▒▒▒▒▒▒▒▒▒▒ ▒▒▒▒▒▒▒▒▒▒

▒▒▒▒▒▒▒▒▒▒ ██▒▒▒▒▒▒▒▒ ▒▒▒▒▒▒▒▒▒▒ ▒▒▒▒▒▒▒▒▒▒ █▒▒▒▒▒▒▒▒▒

▒▒▒▒▒▒▒▒▒▒ █▒▒▒▒▒▒▒▒▒ ▒▒▒▒▒▒▒▒▒▒ █▒▒▒▒▒▒▒▒▒ ▒▒▒▒▒▒▒▒▒▒

▒▒▒▒▒▒▒▒▒▒ ▒▒▒▒▒▒▒▒▒▒ ▒▒▒▒▒▒▒▒▒▒ █▒▒▒▒▒▒▒▒▒ ▒▒▒▒▒▒▒▒▒▒

█▒▒▒▒▒▒▒▒▒ ▒▒▒▒▒▒▒▒▒▒ ▒▒▒▒▒▒▒▒▒▒ █▒▒▒▒▒▒▒▒▒ ▒▒▒▒▒▒▒▒▒▒

▒▒▒▒▒▒▒▒▒▒ ▒▒▒▒▒▒▒▒▒▒ █▒▒▒▒▒▒▒▒▒ ███▒▒▒▒▒▒▒ ▒▒▒▒▒▒▒▒▒▒

▒▒▒▒▒▒▒▒▒▒ ▒▒▒▒▒▒▒▒▒▒ ▒▒▒▒▒▒▒▒▒▒ █▒▒▒▒▒▒▒▒▒ ▒▒▒▒▒▒▒▒▒▒

█▒▒▒▒▒▒▒▒▒ █▒▒▒▒▒▒▒▒▒ ▒▒▒▒▒▒▒▒▒▒ ▒▒▒▒▒▒▒▒▒▒ ▒▒▒▒▒▒▒▒▒▒

█▒▒▒▒▒▒▒▒▒ ▒▒▒▒▒▒▒▒▒▒ ▒▒▒▒▒▒▒▒▒▒ ▒▒▒▒▒▒▒▒▒▒ ▒▒▒▒▒▒▒▒▒▒

▒▒▒▒▒▒▒▒▒▒ █▒▒▒▒▒▒▒▒▒ ▒▒▒▒▒▒▒▒▒▒ ▒▒▒▒▒▒▒▒▒▒ ▒▒▒▒▒▒▒▒▒▒

▒▒▒▒▒▒▒▒▒▒ ▒▒▒▒▒▒▒▒▒▒ █▒▒▒▒▒▒▒▒▒ ██▒▒▒▒▒▒▒▒ ███▒▒▒▒▒▒▒

█▒▒▒▒▒▒▒▒▒ ▒▒▒▒▒▒▒▒▒▒ █▒▒▒▒▒▒▒▒▒ █▒▒▒▒▒▒▒▒▒ ▒▒▒▒▒▒▒▒▒▒

▒▒▒▒▒▒▒▒▒▒ █▒▒▒▒▒▒▒▒▒ ▒▒▒▒▒▒▒▒▒▒ ██▒▒▒▒▒▒▒▒ █▒▒▒▒▒▒▒▒▒

▒▒▒▒▒▒▒▒▒▒ █▒▒▒▒▒▒▒▒▒ ▒▒▒▒▒▒▒▒▒▒ █▒▒▒▒▒▒▒▒▒ ▒▒▒▒▒▒▒▒▒▒

██▒▒▒▒▒▒▒▒ ▒▒▒▒▒▒▒▒▒▒ ▒▒▒▒▒▒▒▒▒▒ █▒▒▒▒▒▒▒▒▒ █▒▒▒▒▒▒▒▒▒

▒▒▒▒▒▒▒▒▒▒ ██▒▒▒▒▒▒▒▒ ▒▒▒▒▒▒▒▒▒▒ █▒▒▒▒▒▒▒▒▒ ▒▒▒▒▒▒▒▒▒▒

▒▒▒▒▒▒▒▒▒▒ ▒▒▒▒▒▒▒▒▒▒ ▒▒▒▒▒▒▒▒▒▒ ▒▒▒▒▒▒▒▒▒▒ ██▒▒▒▒▒▒▒▒

▒▒▒▒▒▒▒▒▒▒ █▒▒▒▒▒▒▒▒▒ ▒▒▒▒▒▒▒▒▒▒ ▒▒▒▒▒▒▒▒▒▒ ▒▒▒▒▒▒▒▒▒▒

▒▒▒▒▒▒▒▒▒▒ █▒▒▒▒▒▒▒▒▒ ▒▒▒▒▒▒▒▒▒▒ ▒▒▒▒▒▒▒▒▒▒ ▒▒▒▒▒▒▒▒▒▒

▒▒▒▒▒▒▒▒▒▒ █▒▒▒▒▒▒▒▒▒ ▒▒▒▒▒▒▒▒▒▒ █▒▒▒▒▒▒▒▒▒ █▒▒▒▒▒▒▒▒▒

█▒▒▒▒▒▒▒▒▒ █▒▒▒▒▒▒▒▒▒ █▒▒▒▒▒▒▒▒▒ ▒▒▒▒▒▒▒▒▒▒ ██▒▒▒▒▒▒▒▒

██▒▒▒▒▒▒▒▒ █▒▒▒▒▒▒▒▒▒ ▒▒▒▒▒▒▒▒▒▒ █▒▒▒▒▒▒▒▒▒ ███▒▒▒▒▒▒▒

▒▒▒▒▒▒▒▒▒▒ ▒▒▒▒▒▒▒▒▒▒ █▒▒▒▒▒▒▒▒▒ █▒▒▒▒▒▒▒▒▒ ▒▒▒▒▒▒▒▒▒▒

▒▒▒▒▒▒▒▒▒▒ █▒▒▒▒▒▒▒▒▒ ███▒▒▒▒▒▒▒ ▒▒▒▒▒▒▒▒▒▒ ▒▒▒▒▒▒▒▒▒▒

█▒▒▒▒▒▒▒▒▒ ██▒▒▒▒▒▒▒▒ ██▒▒▒▒▒▒▒▒ ▒▒▒▒▒▒▒▒▒▒ ▒▒▒▒▒▒▒▒▒▒

▒▒▒▒▒▒▒▒▒▒ ▒▒▒▒▒▒▒▒▒▒ ▒▒▒▒▒▒▒▒▒▒ ▒▒▒▒▒▒▒▒▒▒ ▒▒▒▒▒▒▒▒▒▒

▒▒▒▒▒▒▒▒▒▒ ▒▒▒▒▒▒▒▒▒▒ ▒▒▒▒▒▒▒▒▒▒ ▒▒▒▒▒▒▒▒▒▒ ██▒▒▒▒▒▒▒▒

█▒▒▒▒▒▒▒▒▒ ▒▒▒▒▒▒▒▒▒▒ ██▒▒▒▒▒▒▒▒ ███▒▒▒▒▒▒▒ ██▒▒▒▒▒▒▒▒

▒▒▒▒▒▒▒▒▒▒ ██▒▒▒▒▒▒▒▒ █▒▒▒▒▒▒▒▒▒ ▒▒▒▒▒▒▒▒▒▒ ██▒▒▒▒▒▒▒▒

▒▒▒▒▒▒▒▒▒▒ ▒▒▒▒▒▒▒▒▒▒ ██▒▒▒▒▒▒▒▒ ▒▒▒▒▒▒▒▒▒▒ █▒▒▒▒▒▒▒▒▒

███▒▒▒▒▒▒▒ █▒▒▒▒▒▒▒▒▒ █▒▒▒▒▒▒▒▒▒ ██▒▒▒▒▒▒▒▒ ▒▒▒▒▒▒▒▒▒▒

█▒▒▒▒▒▒▒▒▒ ▒▒▒▒▒▒▒▒▒▒ ▒▒▒▒▒▒▒▒▒▒ ▒▒▒▒▒▒▒▒▒▒ ██▒▒▒▒▒▒▒▒

▒▒▒▒▒▒▒▒▒▒ ▒▒▒▒▒▒▒▒▒▒ █▒▒▒▒▒▒▒▒▒ ██▒▒▒▒▒▒▒▒ █▒▒▒▒▒▒▒▒▒

█▒▒▒▒▒▒▒▒▒ ▒▒▒▒▒▒▒▒▒▒ █▒▒▒▒▒▒▒▒▒ ▒▒▒▒▒▒▒▒▒▒ █▒▒▒▒▒▒▒▒▒

████▒▒▒▒▒▒ ▒▒▒▒▒▒▒▒▒▒ █▒▒▒▒▒▒▒▒▒ ███▒▒▒▒▒▒▒ █▒▒▒▒▒▒▒▒▒

██▒▒▒▒▒▒▒▒ ▒▒▒▒▒▒▒▒▒▒ ▒▒▒▒▒▒▒▒▒▒ █▒▒▒▒▒▒▒▒▒ ██▒▒▒▒▒▒▒▒

██▒▒▒▒▒▒▒▒ ██▒▒▒▒▒▒▒▒ ▒▒▒▒▒▒▒▒▒▒ ██▒▒▒▒▒▒▒▒ █▒▒▒▒▒▒▒▒▒

█▒▒▒▒▒▒▒▒▒ ██▒▒▒▒▒▒▒▒ █▒▒▒▒▒▒▒▒▒ ▒▒▒▒▒▒▒▒▒▒ ▒▒▒▒▒▒▒▒▒▒

██▒▒▒▒▒▒▒▒ ▒▒▒▒▒▒▒▒▒▒ ██▒▒▒▒▒▒▒▒ ▒▒▒▒▒▒▒▒▒▒ ██▒▒▒▒▒▒▒▒

█▒▒▒▒▒▒▒▒▒ █▒▒▒▒▒▒▒▒▒ ▒▒▒▒▒▒▒▒▒▒ █████████████▒ ▒▒▒▒▒▒▒▒▒▒

██▒▒▒▒▒▒▒▒ █▒▒▒▒▒▒▒▒▒ █▒▒▒▒▒▒▒▒▒ ▒▒▒▒▒▒▒▒▒▒ ███▒▒▒▒▒▒▒

█▒▒▒▒▒▒▒▒▒ ██▒▒▒▒▒▒▒▒ █▒▒▒▒▒▒▒▒▒ ▒▒▒▒▒▒▒▒▒▒ █▒▒▒▒▒▒▒▒▒

█▒▒▒▒▒▒▒▒▒ █▒▒▒▒▒▒▒▒▒ █▒▒▒▒▒▒▒▒▒ ▒▒▒▒▒▒▒▒▒▒ ██▒▒▒▒▒▒▒▒

█████▒▒▒▒▒ █▒▒▒▒▒▒▒▒▒ ▒▒▒▒▒▒▒▒▒▒ ██▒▒▒▒▒▒▒▒ █▒▒▒▒▒▒▒▒▒

█▒▒▒▒▒▒▒▒▒ ▒▒▒▒▒▒▒▒▒▒ █▒▒▒▒▒▒▒▒▒ █▒▒▒▒▒▒▒▒▒ █▒▒▒▒▒▒▒▒▒

█▒▒▒▒▒▒▒▒▒ █▒▒▒▒▒▒▒▒▒ █▒▒▒▒▒▒▒▒▒ █▒▒▒▒▒▒▒▒▒ █▒▒▒▒▒▒▒▒▒

▒▒▒▒▒▒▒▒▒▒ ████▒▒▒▒▒▒ █▒▒▒▒▒▒▒▒▒ █▒▒▒▒▒▒▒▒▒ █▒▒▒▒▒▒▒▒▒

█████▒▒▒▒▒ █████▒▒▒▒▒ ███▒▒▒▒▒▒▒ █▒▒▒▒▒▒▒▒▒ ██▒▒▒▒▒▒▒▒

███▒▒▒▒▒▒▒ ██▒▒▒▒▒▒▒▒ █▒▒▒▒▒▒▒▒▒ █████▒▒▒▒▒ █▒▒▒▒▒▒▒▒▒

███▒▒▒▒▒▒▒ ███▒▒▒▒▒▒▒ ███▒▒▒▒▒▒▒ ████▒▒▒▒▒▒ ████▒▒▒▒▒▒

██▒▒▒▒▒▒▒▒ █▒▒▒▒▒▒▒▒▒ ████▒▒▒▒▒▒ ▒▒▒▒▒▒▒▒▒▒ ▒▒▒▒▒▒▒▒▒▒

▒▒▒▒▒▒▒▒▒▒ █▒▒▒▒▒▒▒▒▒ ▒▒▒▒▒▒▒▒▒▒ ███▒▒▒▒▒▒▒ ███▒▒▒▒▒▒▒

██▒▒▒▒▒▒▒▒ ▒▒▒▒▒▒▒▒▒▒ ██▒▒▒▒▒▒▒▒ █████▒▒▒▒▒ ▒▒▒▒▒▒▒▒▒▒

▒▒▒▒▒▒▒▒▒▒ ██▒▒▒▒▒▒▒▒ █▒▒▒▒▒▒▒▒▒ ██▒▒▒▒▒▒▒▒ ▒▒▒▒▒▒▒▒▒▒

█▒▒▒▒▒▒▒▒▒ ██▒▒▒▒▒▒▒▒ █▒▒▒▒▒▒▒▒▒ █▒▒▒▒▒▒▒▒▒ ███▒▒▒▒▒▒▒

██▒▒▒▒▒▒▒▒ ████▒▒▒▒▒▒ ██▒▒▒▒▒▒▒▒ ███▒▒▒▒▒▒▒ ██▒▒▒▒▒▒▒▒

██▒▒▒▒▒▒▒▒ ███▒▒▒▒▒▒▒ █▒▒▒▒▒▒▒▒▒ ███▒▒▒▒▒▒▒ ▒▒▒▒▒▒▒▒▒▒

██▒▒▒▒▒▒▒▒ ███▒▒▒▒▒▒▒ ██▒▒▒▒▒▒▒▒ ███▒▒▒▒▒▒▒ █▒▒▒▒▒▒▒▒▒

█▒▒▒▒▒▒▒▒▒ █▒▒▒▒▒▒▒▒▒ ███▒▒▒▒▒▒▒ ███▒▒▒▒▒▒▒ ██▒▒▒▒▒▒▒▒

▒▒▒▒▒▒▒▒▒▒ ██▒▒▒▒▒▒▒▒ █▒▒▒▒▒▒▒▒▒ ██████▒▒▒▒ ████▒▒▒▒▒▒

██▒▒▒▒▒▒▒▒ ███▒▒▒▒▒▒▒ ██▒▒▒▒▒▒▒▒ █▒▒▒▒▒▒▒▒▒ █▒▒▒▒▒▒▒▒▒

██▒▒▒▒▒▒▒▒ █▒▒▒▒▒▒▒▒▒ █▒▒▒▒▒▒▒▒▒ ██▒▒▒▒▒▒▒▒ ██▒▒▒▒▒▒▒▒

████▒▒▒▒▒▒ ██▒▒▒▒▒▒▒▒ ██▒▒▒▒▒▒▒▒ █▒▒▒▒▒▒▒▒▒ ██▒▒▒▒▒▒▒▒

██▒▒▒▒▒▒▒▒ █▒▒▒▒▒▒▒▒▒ █▒▒▒▒▒▒▒▒▒ █▒▒▒▒▒▒▒▒▒ ███▒▒▒▒▒▒▒

█▒▒▒▒▒▒▒▒▒ ███▒▒▒▒▒▒▒ ▒▒▒▒▒▒▒▒▒▒ ████▒▒▒▒▒▒ ████▒▒▒▒▒▒

██▒▒▒▒▒▒▒▒ ██████▒▒▒▒ ██▒▒▒▒▒▒▒▒ █▒▒▒▒▒▒▒▒▒ ██▒▒▒▒▒▒▒▒

████▒▒▒▒▒▒ ██▒▒▒▒▒▒▒▒ ██▒▒▒▒▒▒▒▒ ████▒▒▒▒▒▒ █▒▒▒▒▒▒▒▒▒

▒▒▒▒▒▒▒▒▒▒ ██▒▒▒▒▒▒▒▒ ██▒▒▒▒▒▒▒▒ █▒▒▒▒▒▒▒▒▒ ██▒▒▒▒▒▒▒▒

███▒▒▒▒▒▒▒ ▒▒▒▒▒▒▒▒▒▒ ███▒▒▒▒▒▒▒ ███▒▒▒▒▒▒▒ ████▒▒▒▒▒▒

▒▒▒▒▒▒▒▒▒▒ ██▒▒▒▒▒▒▒▒ ██▒▒▒▒▒▒▒▒ █▒▒▒▒▒▒▒▒▒ ███▒▒▒▒▒▒▒

██▒▒▒▒▒▒▒▒ █▒▒▒▒▒▒▒▒▒ ██▒▒▒▒▒▒▒▒ ███▒▒▒▒▒▒▒ █▒▒▒▒▒▒▒▒▒

█▒▒▒▒▒▒▒▒▒ ▒▒▒▒▒▒▒▒▒▒ ██▒▒▒▒▒▒▒▒ ████▒▒▒▒▒▒ █▒▒▒▒▒▒▒▒▒

█▒▒▒▒▒▒▒▒▒ ████▒▒▒▒▒▒ █▒▒▒▒▒▒▒▒▒ █▒▒▒▒▒▒▒▒▒ ▒▒▒▒▒▒▒▒▒▒

▒▒▒▒▒▒▒▒▒▒ ▒▒▒▒▒▒▒▒▒▒ █▒▒▒▒▒▒▒▒▒ ███▒▒▒▒▒▒▒ ██▒▒▒▒▒▒▒▒

████▒▒▒▒▒▒ ████▒▒▒▒▒▒ █▒▒▒▒▒▒▒▒▒ ███▒▒▒▒▒▒▒ ██▒▒▒▒▒▒▒▒

█▒▒▒▒▒▒▒▒▒ █▒▒▒▒▒▒▒▒▒ ██▒▒▒▒▒▒▒▒ ██▒▒▒▒▒▒▒▒ ▒▒▒▒▒▒▒▒▒▒

███▒▒▒▒▒▒▒ █▒▒▒▒▒▒▒▒▒ ▒▒▒▒▒▒▒▒▒▒ █▒▒▒▒▒▒▒▒▒ █▒▒▒▒▒▒▒▒▒

▒▒▒▒▒▒▒▒▒▒ █▒▒▒▒▒▒▒▒▒ █▒▒▒▒▒▒▒▒▒ ████▒▒▒▒▒▒ ██▒▒▒▒▒▒▒▒

███▒▒▒▒▒▒▒ █▒▒▒▒▒▒▒▒▒ ▒▒▒▒▒▒▒▒▒▒ ███▒▒▒▒▒▒▒ ██▒▒▒▒▒▒▒▒

█▒▒▒▒▒▒▒▒▒ ▒▒▒▒▒▒▒▒▒▒ ▒▒▒▒▒▒▒▒▒▒ ▒▒▒▒▒▒▒▒▒▒ █▒▒▒▒▒▒▒▒▒

█▒▒▒▒▒▒▒▒▒ ▒▒▒▒▒▒▒▒▒▒ ▒▒▒▒▒▒▒▒▒▒ █▒▒▒▒▒▒▒▒▒ ▒▒▒▒▒▒▒▒▒▒

█▒▒▒▒▒▒▒▒▒ ▒▒▒▒▒▒▒▒▒▒ ███▒▒▒▒▒▒▒ ██▒▒▒▒▒▒▒▒ ███▒▒▒▒▒▒▒

██▒▒▒▒▒▒▒▒ █▒▒▒▒▒▒▒▒▒ ▒▒▒▒▒▒▒▒▒▒ █▒▒▒▒▒▒▒▒▒ ██▒▒▒▒▒▒▒▒

▒▒▒▒▒▒▒▒▒▒ █▒▒▒▒▒▒▒▒▒ █▒▒▒▒▒▒▒▒▒ █▒▒▒▒▒▒▒▒▒ █▒▒▒▒▒▒▒▒▒

█▒▒▒▒▒▒▒▒▒ █▒▒▒▒▒▒▒▒▒ ▒▒▒▒▒▒▒▒▒▒ ▒▒▒▒▒▒▒▒▒▒ █▒▒▒▒▒▒▒▒▒

█▒▒▒▒▒▒▒▒▒ █▒▒▒▒▒▒▒▒▒ ▒▒▒▒▒▒▒▒▒▒ ██▒▒▒▒▒▒▒▒ ██▒▒▒▒▒▒▒▒

█▒▒▒▒▒▒▒▒▒ █▒▒▒▒▒▒▒▒▒ █▒▒▒▒▒▒▒▒▒ ██▒▒▒▒▒▒▒▒ █▒▒▒▒▒▒▒▒▒

▒▒▒▒▒▒▒▒▒▒ ████▒▒▒▒▒▒ █▒▒▒▒▒▒▒▒▒ █▒▒▒▒▒▒▒▒▒ ██▒▒▒▒▒▒▒▒

▒▒▒▒▒▒▒▒▒▒ ▒▒▒▒▒▒▒▒▒▒ ▒▒▒▒▒▒▒▒▒▒ █▒▒▒▒▒▒▒▒▒ ▒▒▒▒▒▒▒▒▒▒

█▒▒▒▒▒▒▒▒▒ ▒▒▒▒▒▒▒▒▒▒ ▒▒▒▒▒▒▒▒▒▒ ▒▒▒▒▒▒▒▒▒▒ ▒▒▒▒▒▒▒▒▒▒

▒▒▒▒▒▒▒▒▒▒ █▒▒▒▒▒▒▒▒▒ ▒▒▒▒▒▒▒▒▒▒ ▒▒▒▒▒▒▒▒▒▒ ████▒▒▒▒▒▒

▒▒▒▒▒▒▒▒▒▒ █▒▒▒▒▒▒▒▒▒ ▒▒▒▒▒▒▒▒▒▒ ▒▒▒▒▒▒▒▒▒▒ ▒▒▒▒▒▒▒▒▒▒

▒▒▒▒▒▒▒▒▒▒ ▒▒▒▒▒▒▒▒▒▒ ▒▒▒▒▒▒▒▒▒▒ ▒▒▒▒▒▒▒▒▒▒ █▒▒▒▒▒▒▒▒▒

███▒▒▒▒▒▒▒ █▒▒▒▒▒▒▒▒▒ ▒▒▒▒▒▒▒▒▒▒ ██▒▒▒▒▒▒▒▒ ▒▒▒▒▒▒▒▒▒▒

▒▒▒▒▒▒▒▒▒▒ ▒▒▒▒▒▒▒▒▒▒ ▒▒▒▒▒▒▒▒▒▒ ▒▒▒▒▒▒▒▒▒▒ █▒▒▒▒▒▒▒▒▒

▒▒▒▒▒▒▒▒▒▒ ▒▒▒▒▒▒▒▒▒▒ █▒▒▒▒▒▒▒▒▒ ▒▒▒▒▒▒▒▒▒▒ ▒▒▒▒▒▒▒▒▒▒

██▒▒▒▒▒▒▒▒ ▒▒▒▒▒▒▒▒▒▒ █▒▒▒▒▒▒▒▒▒ ▒▒▒▒▒▒▒▒▒▒ █▒▒▒▒▒▒▒▒▒

█▒▒▒▒▒▒▒▒▒ █▒▒▒▒▒▒▒▒▒ ▒▒▒▒▒▒▒▒▒▒ ▒▒▒▒▒▒▒▒▒▒ ▒▒▒▒▒▒▒▒▒▒

▒▒▒▒▒▒▒▒▒▒ █▒▒▒▒▒▒▒▒▒ █▒▒▒▒▒▒▒▒▒ ▒▒▒▒▒▒▒▒▒▒ ▒▒▒▒▒▒▒▒▒▒

▒▒▒▒▒▒▒▒▒▒ ▒▒▒▒▒▒▒▒▒▒ ██▒▒▒▒▒▒▒▒ ██▒▒▒▒▒▒▒▒ ▒▒▒▒▒▒▒▒▒▒

▒▒▒▒▒▒▒▒▒▒ █▒▒▒▒▒▒▒▒▒ ▒▒▒▒▒▒▒▒▒▒ ▒▒▒▒▒▒▒▒▒▒ ▒▒▒▒▒▒▒▒▒▒

▒▒▒▒▒▒▒▒▒▒ █▒▒▒▒▒▒▒▒▒ ▒▒▒▒▒▒▒▒▒▒ ██▒▒▒▒▒▒▒▒ ▒▒▒▒▒▒▒▒▒▒

▒▒▒▒▒▒▒▒▒▒ ▒▒▒▒▒▒▒▒▒▒ █▒▒▒▒▒▒▒▒▒ ▒▒▒▒▒▒▒▒▒▒ █▒▒▒▒▒▒▒▒▒

▒▒▒▒▒▒▒▒▒▒ █▒▒▒▒▒▒▒▒▒ █▒▒▒▒▒▒▒▒▒ ████▒▒▒▒▒▒ █▒▒▒▒▒▒▒▒▒

▒▒▒▒▒▒▒▒▒▒ ▒▒▒▒▒▒▒▒▒▒ ▒▒▒▒▒▒▒▒▒▒ ▒▒▒▒▒▒▒▒▒▒ ▒▒▒▒▒▒▒▒▒▒

▒▒▒▒▒▒▒▒▒▒ ▒▒▒▒▒▒▒▒▒▒ ▒▒▒▒▒▒▒▒▒▒ ▒▒▒▒▒▒▒▒▒▒ ▒▒▒▒▒▒▒▒▒▒

▒▒▒▒▒▒▒▒▒▒ ▒▒▒▒▒▒▒▒▒▒ ▒▒▒▒▒▒▒▒▒▒ █▒▒▒▒▒▒▒▒▒ ▒▒▒▒▒▒▒▒▒▒

▒▒▒▒▒▒▒▒▒▒ ▒▒▒▒▒▒▒▒▒▒ █▒▒▒▒▒▒▒▒▒ █▒▒▒▒▒▒▒▒▒ ██▒▒▒▒▒▒▒▒

▒▒▒▒▒▒▒▒▒▒ ▒▒▒▒▒▒▒▒▒▒ ▒▒▒▒▒▒▒▒▒▒ █▒▒▒▒▒▒▒▒▒ ▒▒▒▒▒▒▒▒▒▒

▒▒▒▒▒▒▒▒▒▒ ▒▒▒▒▒▒▒▒▒▒ ▒▒▒▒▒▒▒▒▒▒ ▒▒▒▒▒▒▒▒▒▒ ▒▒▒▒▒▒▒▒▒▒

▒▒▒▒▒▒▒▒▒▒ ▒▒▒▒▒▒▒▒▒▒ ▒▒▒▒▒▒▒▒▒▒ ▒▒▒▒▒▒▒▒▒▒ ▒▒▒▒▒▒▒▒▒▒

▒▒▒▒▒▒▒▒▒▒ ▒▒▒▒▒▒▒▒▒▒ ▒▒▒▒▒▒▒▒▒▒ ▒▒▒▒▒▒▒▒▒▒ ▒▒▒▒▒▒▒▒▒▒

█▒▒▒▒▒▒▒▒▒ ▒▒▒▒▒▒▒▒▒▒ ▒▒▒▒▒▒▒▒▒▒ ▒▒▒▒▒▒▒▒▒▒ ▒▒▒▒▒▒▒▒▒▒

▒▒▒▒▒▒▒▒▒▒ █▒▒▒▒▒▒▒▒▒ ▒▒▒▒▒▒▒▒▒▒ █▒▒▒▒▒▒▒▒▒ ▒▒▒▒▒▒▒▒▒▒

▒▒▒▒▒▒▒▒▒▒ ▒▒▒▒▒▒▒▒▒▒ ▒▒▒▒▒▒▒▒▒▒ █▒▒▒▒▒▒▒▒▒ ██▒▒▒▒▒▒▒▒

▒▒▒▒▒▒▒▒▒▒ ▒▒▒▒▒▒▒▒▒▒ ▒▒▒▒▒▒▒▒▒▒ ▒▒▒▒▒▒▒▒▒▒ ██▒▒▒▒▒▒▒▒

▒▒▒▒▒▒▒▒▒▒ ▒▒▒▒▒▒▒▒▒▒ ██▒▒▒▒▒▒▒▒ █▒▒▒▒▒▒▒▒▒ ▒▒▒▒▒▒▒▒▒▒

▒▒▒▒▒▒▒▒▒▒ ▒▒▒▒▒▒▒▒▒▒ ▒▒▒▒▒▒▒▒▒▒ ▒▒▒▒▒▒▒▒▒▒ ▒▒▒▒▒▒▒▒▒▒

▒▒▒▒▒▒▒▒▒▒ █▒▒▒▒▒▒▒▒▒ █▒▒▒▒▒▒▒▒▒ █▒▒▒▒▒▒▒▒▒ ▒▒▒▒▒▒▒▒▒▒

▒▒▒▒▒▒▒▒▒▒ ▒▒▒▒▒▒▒▒▒▒ ▒▒▒▒▒▒▒▒▒▒ ▒▒▒▒▒▒▒▒▒▒ █▒▒▒▒▒▒▒▒▒

█▒▒▒▒▒▒▒▒▒ ▒▒▒▒▒▒▒▒▒▒ ▒▒▒▒▒▒▒▒▒▒ ▒▒▒▒▒▒▒▒▒▒ ▒▒▒▒▒▒▒▒▒▒

▒▒▒▒▒▒▒▒▒▒ ▒▒▒▒▒▒▒▒▒▒ ▒▒▒▒▒▒▒▒▒▒ ▒▒▒▒▒▒▒▒▒▒ ▒▒▒▒▒▒▒▒▒▒

▒▒▒▒▒▒▒▒▒▒ ▒▒▒▒▒▒▒▒▒▒ ▒▒▒▒▒▒▒▒▒▒ █▒▒▒▒▒▒▒▒▒ ▒▒▒▒▒▒▒▒▒▒

█▒▒▒▒▒▒▒▒▒ ▒▒▒▒▒▒▒▒▒▒ ▒▒▒▒▒▒▒▒▒▒ ▒▒▒▒▒▒▒▒▒▒ ▒▒▒▒▒▒▒▒▒▒

▒▒▒▒▒▒▒▒▒▒ ▒▒▒▒▒▒▒▒▒▒ ▒▒▒▒▒▒▒▒▒▒ ▒▒▒▒▒▒▒▒▒▒ ▒▒▒▒▒▒▒▒▒▒

▒▒▒▒▒▒▒▒▒▒ ▒▒▒▒▒▒▒▒▒▒ ▒▒▒▒▒▒▒▒▒▒ ▒▒▒▒▒▒▒▒▒▒ ▒▒▒▒▒▒▒▒▒▒

█▒▒▒▒▒▒▒▒▒ █▒▒▒▒▒▒▒▒▒ ▒▒▒▒▒▒▒▒▒▒ ▒▒▒▒▒▒▒▒▒▒ ▒▒▒▒▒▒▒▒▒▒

█▒▒▒▒▒▒▒▒▒ ▒▒▒▒▒▒▒▒▒▒ ▒▒▒▒▒▒▒▒▒▒ ▒▒▒▒▒▒▒▒▒▒ ▒▒▒▒▒▒▒▒▒▒

▒▒▒▒▒▒▒▒▒▒ ▒▒▒▒▒▒▒▒▒▒ ▒▒▒▒▒▒▒▒▒▒ ▒▒▒▒▒▒▒▒▒▒ ▒▒▒▒▒▒▒▒▒▒

▒▒▒▒▒▒▒▒▒▒ █▒▒▒▒▒▒▒▒▒ ▒▒▒▒▒▒▒▒▒▒ ▒▒▒▒▒▒▒▒▒▒ ▒▒▒▒▒▒▒▒▒▒

▒▒▒▒▒▒▒▒▒▒ ▒▒▒▒▒▒▒▒▒▒ ▒▒▒▒▒▒▒▒▒▒ █▒▒▒▒▒▒▒▒▒ ▒▒▒▒▒▒▒▒▒▒

█▒▒▒▒▒▒▒▒▒ ▒▒▒▒▒▒▒▒▒▒ ▒▒▒▒▒▒▒▒▒▒ ▒▒▒▒▒▒▒▒▒▒ █▒▒▒▒▒▒▒▒▒

▒▒▒▒▒▒▒▒▒▒ ▒▒▒▒▒▒▒▒▒▒ ▒▒▒▒▒▒▒▒▒▒ ▒▒▒▒▒▒▒▒▒▒ ▒▒▒▒▒▒▒▒▒▒

█▒▒▒▒▒▒▒▒▒ ▒▒▒▒▒▒▒▒▒▒ ▒▒▒▒▒▒▒▒▒▒ ▒▒▒▒▒▒▒▒▒▒ ▒▒▒▒▒▒▒▒▒▒

▒▒▒▒▒▒▒▒▒▒ ▒▒▒▒▒▒▒▒▒▒ ▒▒▒▒▒▒▒▒▒▒ ▒▒▒▒▒▒▒▒▒▒ ▒▒▒▒▒▒▒▒▒▒

▒▒▒▒▒▒▒▒▒▒ █▒▒▒▒▒▒▒▒▒ ▒▒▒▒▒▒▒▒▒▒ ▒▒▒▒▒▒▒▒▒▒ ▒▒▒▒▒▒▒▒▒▒

▒▒▒▒▒▒▒▒▒▒ █▒▒▒▒▒▒▒▒▒ ▒▒▒▒▒▒▒▒▒▒ ▒▒▒▒▒▒▒▒▒▒ █▒▒▒▒▒▒▒▒▒

▒▒▒▒▒▒▒▒▒▒ ▒▒▒▒▒▒▒▒▒▒ ▒▒▒▒▒▒▒▒▒▒ ▒▒▒▒▒▒▒▒▒▒ ▒▒▒▒▒▒▒▒▒▒

▒▒▒▒▒▒▒▒▒▒ ▒▒▒▒▒▒▒▒▒▒ █▒▒▒▒▒▒▒▒▒ ▒▒▒▒▒▒▒▒▒▒ ▒▒▒▒▒▒▒▒▒▒

▒▒▒▒▒▒▒▒▒▒ █▒▒▒▒▒▒▒▒▒ ▒▒▒▒▒▒▒▒▒▒ █▒▒▒▒▒▒▒▒▒ █▒▒▒▒▒▒▒▒▒

▒▒▒▒▒▒▒▒▒▒ █▒▒▒▒▒▒▒▒▒ ▒▒▒▒▒▒▒▒▒▒ ▒▒▒▒▒▒▒▒▒▒ ▒▒▒▒▒▒▒▒▒▒

▒▒▒▒▒▒▒▒▒▒ ▒▒▒▒▒▒▒▒▒▒ ▒▒▒▒▒▒▒▒▒▒ ▒▒▒▒▒▒▒▒▒▒ ▒▒▒▒▒▒▒▒▒▒
-------------------------------------------------

SHA256 HASHING

====================================================================

With random data
-------------------------------------------------

█▒▒▒▒▒▒▒▒▒ ██▒▒▒▒▒▒▒▒ ▒▒▒▒▒▒▒▒▒▒ ▒▒▒▒▒▒▒▒▒▒ ██▒▒▒▒▒▒▒▒

▒▒▒▒▒▒▒▒▒▒ ▒▒▒▒▒▒▒▒▒▒ █▒▒▒▒▒▒▒▒▒ ▒▒▒▒▒▒▒▒▒▒ ▒▒▒▒▒▒▒▒▒▒

▒▒▒▒▒▒▒▒▒▒ ▒▒▒▒▒▒▒▒▒▒ ▒▒▒▒▒▒▒▒▒▒ ▒▒▒▒▒▒▒▒▒▒ ██▒▒▒▒▒▒▒▒

▒▒▒▒▒▒▒▒▒▒ █▒▒▒▒▒▒▒▒▒ █▒▒▒▒▒▒▒▒▒ ▒▒▒▒▒▒▒▒▒▒ ▒▒▒▒▒▒▒▒▒▒

▒▒▒▒▒▒▒▒▒▒ ███▒▒▒▒▒▒▒ ▒▒▒▒▒▒▒▒▒▒ ▒▒▒▒▒▒▒▒▒▒ ▒▒▒▒▒▒▒▒▒▒

▒▒▒▒▒▒▒▒▒▒ █▒▒▒▒▒▒▒▒▒ █▒▒▒▒▒▒▒▒▒ █▒▒▒▒▒▒▒▒▒ █▒▒▒▒▒▒▒▒▒

████▒▒▒▒▒▒ ▒▒▒▒▒▒▒▒▒▒ ▒▒▒▒▒▒▒▒▒▒ ▒▒▒▒▒▒▒▒▒▒ ▒▒▒▒▒▒▒▒▒▒

██▒▒▒▒▒▒▒▒ █▒▒▒▒▒▒▒▒▒ ▒▒▒▒▒▒▒▒▒▒ ▒▒▒▒▒▒▒▒▒▒ █▒▒▒▒▒▒▒▒▒

▒▒▒▒▒▒▒▒▒▒ ▒▒▒▒▒▒▒▒▒▒ ▒▒▒▒▒▒▒▒▒▒ ▒▒▒▒▒▒▒▒▒▒ ██▒▒▒▒▒▒▒▒

▒▒▒▒▒▒▒▒▒▒ ██▒▒▒▒▒▒▒▒ ▒▒▒▒▒▒▒▒▒▒ ▒▒▒▒▒▒▒▒▒▒ ▒▒▒▒▒▒▒▒▒▒

█▒▒▒▒▒▒▒▒▒ ██▒▒▒▒▒▒▒▒ ███▒▒▒▒▒▒▒ ▒▒▒▒▒▒▒▒▒▒ ▒▒▒▒▒▒▒▒▒▒

▒▒▒▒▒▒▒▒▒▒ █▒▒▒▒▒▒▒▒▒ ▒▒▒▒▒▒▒▒▒▒ ▒▒▒▒▒▒▒▒▒▒ ▒▒▒▒▒▒▒▒▒▒

▒▒▒▒▒▒▒▒▒▒ ██▒▒▒▒▒▒▒▒ ██▒▒▒▒▒▒▒▒ █▒▒▒▒▒▒▒▒▒ ▒▒▒▒▒▒▒▒▒▒

▒▒▒▒▒▒▒▒▒▒ ▒▒▒▒▒▒▒▒▒▒ █▒▒▒▒▒▒▒▒▒ ██▒▒▒▒▒▒▒▒ ▒▒▒▒▒▒▒▒▒▒

██▒▒▒▒▒▒▒▒ ▒▒▒▒▒▒▒▒▒▒ ▒▒▒▒▒▒▒▒▒▒ ▒▒▒▒▒▒▒▒▒▒ ▒▒▒▒▒▒▒▒▒▒

███▒▒▒▒▒▒▒ ▒▒▒▒▒▒▒▒▒▒ ███▒▒▒▒▒▒▒ ▒▒▒▒▒▒▒▒▒▒ █▒▒▒▒▒▒▒▒▒

▒▒▒▒▒▒▒▒▒▒ ▒▒▒▒▒▒▒▒▒▒ █▒▒▒▒▒▒▒▒▒ ▒▒▒▒▒▒▒▒▒▒ ██▒▒▒▒▒▒▒▒

██▒▒▒▒▒▒▒▒ █▒▒▒▒▒▒▒▒▒ ▒▒▒▒▒▒▒▒▒▒ █▒▒▒▒▒▒▒▒▒ ▒▒▒▒▒▒▒▒▒▒

▒▒▒▒▒▒▒▒▒▒ █▒▒▒▒▒▒▒▒▒ █▒▒▒▒▒▒▒▒▒ █▒▒▒▒▒▒▒▒▒ ██▒▒▒▒▒▒▒▒

███▒▒▒▒▒▒▒ ▒▒▒▒▒▒▒▒▒▒ █▒▒▒▒▒▒▒▒▒ ▒▒▒▒▒▒▒▒▒▒ █▒▒▒▒▒▒▒▒▒

██▒▒▒▒▒▒▒▒ █▒▒▒▒▒▒▒▒▒ █▒▒▒▒▒▒▒▒▒ ████▒▒▒▒▒▒ █▒▒▒▒▒▒▒▒▒

█▒▒▒▒▒▒▒▒▒ █▒▒▒▒▒▒▒▒▒ █▒▒▒▒▒▒▒▒▒ █▒▒▒▒▒▒▒▒▒ ▒▒▒▒▒▒▒▒▒▒

▒▒▒▒▒▒▒▒▒▒ █▒▒▒▒▒▒▒▒▒ █▒▒▒▒▒▒▒▒▒ ▒▒▒▒▒▒▒▒▒▒ ▒▒▒▒▒▒▒▒▒▒

██▒▒▒▒▒▒▒▒ ██▒▒▒▒▒▒▒▒ ▒▒▒▒▒▒▒▒▒▒ █▒▒▒▒▒▒▒▒▒ ▒▒▒▒▒▒▒▒▒▒

█▒▒▒▒▒▒▒▒▒ ▒▒▒▒▒▒▒▒▒▒ ▒▒▒▒▒▒▒▒▒▒ ▒▒▒▒▒▒▒▒▒▒ ██▒▒▒▒▒▒▒▒

█▒▒▒▒▒▒▒▒▒ █▒▒▒▒▒▒▒▒▒ █▒▒▒▒▒▒▒▒▒ ██▒▒▒▒▒▒▒▒ █▒▒▒▒▒▒▒▒▒

▒▒▒▒▒▒▒▒▒▒ █▒▒▒▒▒▒▒▒▒ ▒▒▒▒▒▒▒▒▒▒ ███▒▒▒▒▒▒▒ █▒▒▒▒▒▒▒▒▒

█▒▒▒▒▒▒▒▒▒ █▒▒▒▒▒▒▒▒▒ █▒▒▒▒▒▒▒▒▒ █▒▒▒▒▒▒▒▒▒ ▒▒▒▒▒▒▒▒▒▒

█▒▒▒▒▒▒▒▒▒ ▒▒▒▒▒▒▒▒▒▒ █▒▒▒▒▒▒▒▒▒ ▒▒▒▒▒▒▒▒▒▒ █▒▒▒▒▒▒▒▒▒

██▒▒▒▒▒▒▒▒ ██▒▒▒▒▒▒▒▒ ▒▒▒▒▒▒▒▒▒▒ █▒▒▒▒▒▒▒▒▒ ▒▒▒▒▒▒▒▒▒▒

▒▒▒▒▒▒▒▒▒▒ ██▒▒▒▒▒▒▒▒ ██▒▒▒▒▒▒▒▒ ▒▒▒▒▒▒▒▒▒▒ ▒▒▒▒▒▒▒▒▒▒

█▒▒▒▒▒▒▒▒▒ ▒▒▒▒▒▒▒▒▒▒ ▒▒▒▒▒▒▒▒▒▒ █▒▒▒▒▒▒▒▒▒ ▒▒▒▒▒▒▒▒▒▒

█▒▒▒▒▒▒▒▒▒ ▒▒▒▒▒▒▒▒▒▒ ▒▒▒▒▒▒▒▒▒▒ ▒▒▒▒▒▒▒▒▒▒ █▒▒▒▒▒▒▒▒▒

▒▒▒▒▒▒▒▒▒▒ █▒▒▒▒▒▒▒▒▒ █▒▒▒▒▒▒▒▒▒ █▒▒▒▒▒▒▒▒▒ ▒▒▒▒▒▒▒▒▒▒

▒▒▒▒▒▒▒▒▒▒ █▒▒▒▒▒▒▒▒▒ █▒▒▒▒▒▒▒▒▒ █▒▒▒▒▒▒▒▒▒ █▒▒▒▒▒▒▒▒▒

███▒▒▒▒▒▒▒ ▒▒▒▒▒▒▒▒▒▒ ▒▒▒▒▒▒▒▒▒▒ ██▒▒▒▒▒▒▒▒ ▒▒▒▒▒▒▒▒▒▒

▒▒▒▒▒▒▒▒▒▒ █▒▒▒▒▒▒▒▒▒ ▒▒▒▒▒▒▒▒▒▒ ██▒▒▒▒▒▒▒▒ █▒▒▒▒▒▒▒▒▒

▒▒▒▒▒▒▒▒▒▒ ▒▒▒▒▒▒▒▒▒▒ █▒▒▒▒▒▒▒▒▒ ██▒▒▒▒▒▒▒▒ ██▒▒▒▒▒▒▒▒

██▒▒▒▒▒▒▒▒ █▒▒▒▒▒▒▒▒▒ █▒▒▒▒▒▒▒▒▒ ▒▒▒▒▒▒▒▒▒▒ ▒▒▒▒▒▒▒▒▒▒

█▒▒▒▒▒▒▒▒▒ █▒▒▒▒▒▒▒▒▒ ▒▒▒▒▒▒▒▒▒▒ █▒▒▒▒▒▒▒▒▒ █▒▒▒▒▒▒▒▒▒

▒▒▒▒▒▒▒▒▒▒ █▒▒▒▒▒▒▒▒▒ ██▒▒▒▒▒▒▒▒ ▒▒▒▒▒▒▒▒▒▒ ▒▒▒▒▒▒▒▒▒▒

█▒▒▒▒▒▒▒▒▒ █▒▒▒▒▒▒▒▒▒ █▒▒▒▒▒▒▒▒▒ █▒▒▒▒▒▒▒▒▒ ████▒▒▒▒▒▒

██▒▒▒▒▒▒▒▒ █▒▒▒▒▒▒▒▒▒ ██▒▒▒▒▒▒▒▒ ▒▒▒▒▒▒▒▒▒▒ ▒▒▒▒▒▒▒▒▒▒

▒▒▒▒▒▒▒▒▒▒ ▒▒▒▒▒▒▒▒▒▒ ▒▒▒▒▒▒▒▒▒▒ █▒▒▒▒▒▒▒▒▒ ▒▒▒▒▒▒▒▒▒▒

▒▒▒▒▒▒▒▒▒▒ █▒▒▒▒▒▒▒▒▒ ▒▒▒▒▒▒▒▒▒▒ ▒▒▒▒▒▒▒▒▒▒ ▒▒▒▒▒▒▒▒▒▒

▒▒▒▒▒▒▒▒▒▒ ▒▒▒▒▒▒▒▒▒▒ ▒▒▒▒▒▒▒▒▒▒ █▒▒▒▒▒▒▒▒▒ █▒▒▒▒▒▒▒▒▒

▒▒▒▒▒▒▒▒▒▒ █▒▒▒▒▒▒▒▒▒ ██▒▒▒▒▒▒▒▒ ▒▒▒▒▒▒▒▒▒▒ ██▒▒▒▒▒▒▒▒

▒▒▒▒▒▒▒▒▒▒ ▒▒▒▒▒▒▒▒▒▒ ▒▒▒▒▒▒▒▒▒▒ ▒▒▒▒▒▒▒▒▒▒ ▒▒▒▒▒▒▒▒▒▒

▒▒▒▒▒▒▒▒▒▒ ▒▒▒▒▒▒▒▒▒▒ █▒▒▒▒▒▒▒▒▒ ▒▒▒▒▒▒▒▒▒▒ ▒▒▒▒▒▒▒▒▒▒

▒▒▒▒▒▒▒▒▒▒ ▒▒▒▒▒▒▒▒▒▒ █▒▒▒▒▒▒▒▒▒ ▒▒▒▒▒▒▒▒▒▒ ▒▒▒▒▒▒▒▒▒▒

██▒▒▒▒▒▒▒▒ ███▒▒▒▒▒▒▒ ██▒▒▒▒▒▒▒▒ ▒▒▒▒▒▒▒▒▒▒ ██▒▒▒▒▒▒▒▒

█▒▒▒▒▒▒▒▒▒ █▒▒▒▒▒▒▒▒▒ █▒▒▒▒▒▒▒▒▒ █▒▒▒▒▒▒▒▒▒ █▒▒▒▒▒▒▒▒▒

▒▒▒▒▒▒▒▒▒▒ ██▒▒▒▒▒▒▒▒ ▒▒▒▒▒▒▒▒▒▒ ██▒▒▒▒▒▒▒▒ ▒▒▒▒▒▒▒▒▒▒

▒▒▒▒▒▒▒▒▒▒ █▒▒▒▒▒▒▒▒▒ ▒▒▒▒▒▒▒▒▒▒ ▒▒▒▒▒▒▒▒▒▒ █▒▒▒▒▒▒▒▒▒

▒▒▒▒▒▒▒▒▒▒ ██▒▒▒▒▒▒▒▒ ▒▒▒▒▒▒▒▒▒▒ █▒▒▒▒▒▒▒▒▒ ▒▒▒▒▒▒▒▒▒▒

█▒▒▒▒▒▒▒▒▒ █▒▒▒▒▒▒▒▒▒ █▒▒▒▒▒▒▒▒▒ ███▒▒▒▒▒▒▒ ▒▒▒▒▒▒▒▒▒▒

▒▒▒▒▒▒▒▒▒▒ █▒▒▒▒▒▒▒▒▒ ███▒▒▒▒▒▒▒ ██▒▒▒▒▒▒▒▒ ▒▒▒▒▒▒▒▒▒▒

▒▒▒▒▒▒▒▒▒▒ █▒▒▒▒▒▒▒▒▒ ▒▒▒▒▒▒▒▒▒▒ ▒▒▒▒▒▒▒▒▒▒ ██▒▒▒▒▒▒▒▒

█▒▒▒▒▒▒▒▒▒ ▒▒▒▒▒▒▒▒▒▒ █▒▒▒▒▒▒▒▒▒ ▒▒▒▒▒▒▒▒▒▒ █▒▒▒▒▒▒▒▒▒

██▒▒▒▒▒▒▒▒ ██▒▒▒▒▒▒▒▒ ▒▒▒▒▒▒▒▒▒▒ █▒▒▒▒▒▒▒▒▒ ▒▒▒▒▒▒▒▒▒▒

█▒▒▒▒▒▒▒▒▒ ▒▒▒▒▒▒▒▒▒▒ ▒▒▒▒▒▒▒▒▒▒ █▒▒▒▒▒▒▒▒▒ ▒▒▒▒▒▒▒▒▒▒

█▒▒▒▒▒▒▒▒▒ ▒▒▒▒▒▒▒▒▒▒ ▒▒▒▒▒▒▒▒▒▒ █▒▒▒▒▒▒▒▒▒ ██▒▒▒▒▒▒▒▒

▒▒▒▒▒▒▒▒▒▒ ▒▒▒▒▒▒▒▒▒▒ ▒▒▒▒▒▒▒▒▒▒ █▒▒▒▒▒▒▒▒▒ █▒▒▒▒▒▒▒▒▒

█▒▒▒▒▒▒▒▒▒ ▒▒▒▒▒▒▒▒▒▒ █▒▒▒▒▒▒▒▒▒ ▒▒▒▒▒▒▒▒▒▒ ▒▒▒▒▒▒▒▒▒▒

█▒▒▒▒▒▒▒▒▒ ▒▒▒▒▒▒▒▒▒▒ ▒▒▒▒▒▒▒▒▒▒ ▒▒▒▒▒▒▒▒▒▒ █▒▒▒▒▒▒▒▒▒

█▒▒▒▒▒▒▒▒▒ ▒▒▒▒▒▒▒▒▒▒ ▒▒▒▒▒▒▒▒▒▒ ▒▒▒▒▒▒▒▒▒▒ ▒▒▒▒▒▒▒▒▒▒

▒▒▒▒▒▒▒▒▒▒ ▒▒▒▒▒▒▒▒▒▒ ▒▒▒▒▒▒▒▒▒▒ ▒▒▒▒▒▒▒▒▒▒ ▒▒▒▒▒▒▒▒▒▒

█▒▒▒▒▒▒▒▒▒ ▒▒▒▒▒▒▒▒▒▒ █▒▒▒▒▒▒▒▒▒ ▒▒▒▒▒▒▒▒▒▒ ▒▒▒▒▒▒▒▒▒▒

▒▒▒▒▒▒▒▒▒▒ ▒▒▒▒▒▒▒▒▒▒ ▒▒▒▒▒▒▒▒▒▒ █▒▒▒▒▒▒▒▒▒ ███▒▒▒▒▒▒▒

█▒▒▒▒▒▒▒▒▒ ▒▒▒▒▒▒▒▒▒▒ ▒▒▒▒▒▒▒▒▒▒ █▒▒▒▒▒▒▒▒▒ █▒▒▒▒▒▒▒▒▒

█▒▒▒▒▒▒▒▒▒ █▒▒▒▒▒▒▒▒▒ █▒▒▒▒▒▒▒▒▒ ██▒▒▒▒▒▒▒▒ ▒▒▒▒▒▒▒▒▒▒

██▒▒▒▒▒▒▒▒ █▒▒▒▒▒▒▒▒▒ █▒▒▒▒▒▒▒▒▒ ▒▒▒▒▒▒▒▒▒▒ ▒▒▒▒▒▒▒▒▒▒

▒▒▒▒▒▒▒▒▒▒ ▒▒▒▒▒▒▒▒▒▒ ▒▒▒▒▒▒▒▒▒▒ █▒▒▒▒▒▒▒▒▒ ████▒▒▒▒▒▒

██▒▒▒▒▒▒▒▒ ██▒▒▒▒▒▒▒▒ █▒▒▒▒▒▒▒▒▒ ▒▒▒▒▒▒▒▒▒▒ ██▒▒▒▒▒▒▒▒

▒▒▒▒▒▒▒▒▒▒ ███▒▒▒▒▒▒▒ █▒▒▒▒▒▒▒▒▒ ▒▒▒▒▒▒▒▒▒▒ ▒▒▒▒▒▒▒▒▒▒

█▒▒▒▒▒▒▒▒▒ █▒▒▒▒▒▒▒▒▒ ▒▒▒▒▒▒▒▒▒▒ ██▒▒▒▒▒▒▒▒ ▒▒▒▒▒▒▒▒▒▒

▒▒▒▒▒▒▒▒▒▒ █▒▒▒▒▒▒▒▒▒ █▒▒▒▒▒▒▒▒▒ ▒▒▒▒▒▒▒▒▒▒ ▒▒▒▒▒▒▒▒▒▒

▒▒▒▒▒▒▒▒▒▒ █▒▒▒▒▒▒▒▒▒ █▒▒▒▒▒▒▒▒▒ ▒▒▒▒▒▒▒▒▒▒ ██▒▒▒▒▒▒▒▒

██▒▒▒▒▒▒▒▒ █▒▒▒▒▒▒▒▒▒ █▒▒▒▒▒▒▒▒▒ █▒▒▒▒▒▒▒▒▒ ██▒▒▒▒▒▒▒▒

███▒▒▒▒▒▒▒ ▒▒▒▒▒▒▒▒▒▒ ██▒▒▒▒▒▒▒▒ █▒▒▒▒▒▒▒▒▒ █▒▒▒▒▒▒▒▒▒

▒▒▒▒▒▒▒▒▒▒ ▒▒▒▒▒▒▒▒▒▒ ▒▒▒▒▒▒▒▒▒▒ ▒▒▒▒▒▒▒▒▒▒ ▒▒▒▒▒▒▒▒▒▒

▒▒▒▒▒▒▒▒▒▒ ███▒▒▒▒▒▒▒ ▒▒▒▒▒▒▒▒▒▒ █▒▒▒▒▒▒▒▒▒ █▒▒▒▒▒▒▒▒▒

▒▒▒▒▒▒▒▒▒▒ █▒▒▒▒▒▒▒▒▒ █▒▒▒▒▒▒▒▒▒ █▒▒▒▒▒▒▒▒▒ ▒▒▒▒▒▒▒▒▒▒

██▒▒▒▒▒▒▒▒ ▒▒▒▒▒▒▒▒▒▒ ▒▒▒▒▒▒▒▒▒▒ █▒▒▒▒▒▒▒▒▒ █▒▒▒▒▒▒▒▒▒

▒▒▒▒▒▒▒▒▒▒ ▒▒▒▒▒▒▒▒▒▒ █▒▒▒▒▒▒▒▒▒ █▒▒▒▒▒▒▒▒▒ ▒▒▒▒▒▒▒▒▒▒

█▒▒▒▒▒▒▒▒▒ █▒▒▒▒▒▒▒▒▒ █▒▒▒▒▒▒▒▒▒ █▒▒▒▒▒▒▒▒▒ ██▒▒▒▒▒▒▒▒

█▒▒▒▒▒▒▒▒▒ ▒▒▒▒▒▒▒▒▒▒ ▒▒▒▒▒▒▒▒▒▒ █▒▒▒▒▒▒▒▒▒ █▒▒▒▒▒▒▒▒▒

█▒▒▒▒▒▒▒▒▒ █▒▒▒▒▒▒▒▒▒ █▒▒▒▒▒▒▒▒▒ ▒▒▒▒▒▒▒▒▒▒ ▒▒▒▒▒▒▒▒▒▒

▒▒▒▒▒▒▒▒▒▒ █▒▒▒▒▒▒▒▒▒ ▒▒▒▒▒▒▒▒▒▒ ▒▒▒▒▒▒▒▒▒▒ ████▒▒▒▒▒▒

█▒▒▒▒▒▒▒▒▒ ▒▒▒▒▒▒▒▒▒▒ ▒▒▒▒▒▒▒▒▒▒ ██▒▒▒▒▒▒▒▒ █▒▒▒▒▒▒▒▒▒

█▒▒▒▒▒▒▒▒▒ █▒▒▒▒▒▒▒▒▒ ▒▒▒▒▒▒▒▒▒▒ █▒▒▒▒▒▒▒▒▒ ███▒▒▒▒▒▒▒

█▒▒▒▒▒▒▒▒▒ ▒▒▒▒▒▒▒▒▒▒ █▒▒▒▒▒▒▒▒▒ █▒▒▒▒▒▒▒▒▒ █▒▒▒▒▒▒▒▒▒

█▒▒▒▒▒▒▒▒▒ ██▒▒▒▒▒▒▒▒ ▒▒▒▒▒▒▒▒▒▒ ▒▒▒▒▒▒▒▒▒▒ █▒▒▒▒▒▒▒▒▒

█▒▒▒▒▒▒▒▒▒ █▒▒▒▒▒▒▒▒▒ ▒▒▒▒▒▒▒▒▒▒ ▒▒▒▒▒▒▒▒▒▒ ▒▒▒▒▒▒▒▒▒▒

▒▒▒▒▒▒▒▒▒▒ █▒▒▒▒▒▒▒▒▒ █▒▒▒▒▒▒▒▒▒ ██▒▒▒▒▒▒▒▒ ▒▒▒▒▒▒▒▒▒▒

▒▒▒▒▒▒▒▒▒▒ ███▒▒▒▒▒▒▒ █▒▒▒▒▒▒▒▒▒ ▒▒▒▒▒▒▒▒▒▒ █▒▒▒▒▒▒▒▒▒

█▒▒▒▒▒▒▒▒▒ █▒▒▒▒▒▒▒▒▒ █▒▒▒▒▒▒▒▒▒ ▒▒▒▒▒▒▒▒▒▒ ██▒▒▒▒▒▒▒▒

▒▒▒▒▒▒▒▒▒▒ ▒▒▒▒▒▒▒▒▒▒ ▒▒▒▒▒▒▒▒▒▒ ██▒▒▒▒▒▒▒▒ ██▒▒▒▒▒▒▒▒

██▒▒▒▒▒▒▒▒ █▒▒▒▒▒▒▒▒▒ █▒▒▒▒▒▒▒▒▒ ▒▒▒▒▒▒▒▒▒▒ ▒▒▒▒▒▒▒▒▒▒

▒▒▒▒▒▒▒▒▒▒ ▒▒▒▒▒▒▒▒▒▒ █▒▒▒▒▒▒▒▒▒ █▒▒▒▒▒▒▒▒▒ ▒▒▒▒▒▒▒▒▒▒

▒▒▒▒▒▒▒▒▒▒ ▒▒▒▒▒▒▒▒▒▒ ██▒▒▒▒▒▒▒▒ █▒▒▒▒▒▒▒▒▒ ▒▒▒▒▒▒▒▒▒▒

█▒▒▒▒▒▒▒▒▒ ██▒▒▒▒▒▒▒▒ ▒▒▒▒▒▒▒▒▒▒ ██▒▒▒▒▒▒▒▒ ▒▒▒▒▒▒▒▒▒▒

██▒▒▒▒▒▒▒▒ █▒▒▒▒▒▒▒▒▒ █▒▒▒▒▒▒▒▒▒ ▒▒▒▒▒▒▒▒▒▒ █▒▒▒▒▒▒▒▒▒

█▒▒▒▒▒▒▒▒▒ ██▒▒▒▒▒▒▒▒ ██▒▒▒▒▒▒▒▒ ▒▒▒▒▒▒▒▒▒▒ ██▒▒▒▒▒▒▒▒

█▒▒▒▒▒▒▒▒▒ ██▒▒▒▒▒▒▒▒ ▒▒▒▒▒▒▒▒▒▒ ██▒▒▒▒▒▒▒▒ █▒▒▒▒▒▒▒▒▒

█▒▒▒▒▒▒▒▒▒ █▒▒▒▒▒▒▒▒▒ ███▒▒▒▒▒▒▒ █▒▒▒▒▒▒▒▒▒ ▒▒▒▒▒▒▒▒▒▒

▒▒▒▒▒▒▒▒▒▒ ██▒▒▒▒▒▒▒▒ ██▒▒▒▒▒▒▒▒ ▒▒▒▒▒▒▒▒▒▒ ██▒▒▒▒▒▒▒▒

██▒▒▒▒▒▒▒▒ ▒▒▒▒▒▒▒▒▒▒ ▒▒▒▒▒▒▒▒▒▒ █▒▒▒▒▒▒▒▒▒ █▒▒▒▒▒▒▒▒▒

▒▒▒▒▒▒▒▒▒▒ ▒▒▒▒▒▒▒▒▒▒ ████▒▒▒▒▒▒ █▒▒▒▒▒▒▒▒▒ ▒▒▒▒▒▒▒▒▒▒

██▒▒▒▒▒▒▒▒ █▒▒▒▒▒▒▒▒▒ ▒▒▒▒▒▒▒▒▒▒ █▒▒▒▒▒▒▒▒▒ █▒▒▒▒▒▒▒▒▒

███▒▒▒▒▒▒▒ █▒▒▒▒▒▒▒▒▒ █▒▒▒▒▒▒▒▒▒ █▒▒▒▒▒▒▒▒▒ ▒▒▒▒▒▒▒▒▒▒

▒▒▒▒▒▒▒▒▒▒ ▒▒▒▒▒▒▒▒▒▒ █▒▒▒▒▒▒▒▒▒ ▒▒▒▒▒▒▒▒▒▒ █▒▒▒▒▒▒▒▒▒

▒▒▒▒▒▒▒▒▒▒ █▒▒▒▒▒▒▒▒▒ ▒▒▒▒▒▒▒▒▒▒ ▒▒▒▒▒▒▒▒▒▒ ▒▒▒▒▒▒▒▒▒▒

▒▒▒▒▒▒▒▒▒▒ ██▒▒▒▒▒▒▒▒ █▒▒▒▒▒▒▒▒▒ ▒▒▒▒▒▒▒▒▒▒ ▒▒▒▒▒▒▒▒▒▒

▒▒▒▒▒▒▒▒▒▒ █▒▒▒▒▒▒▒▒▒ ▒▒▒▒▒▒▒▒▒▒ ▒▒▒▒▒▒▒▒▒▒ █▒▒▒▒▒▒▒▒▒

█▒▒▒▒▒▒▒▒▒ █▒▒▒▒▒▒▒▒▒ █▒▒▒▒▒▒▒▒▒ █▒▒▒▒▒▒▒▒▒ ▒▒▒▒▒▒▒▒▒▒

██▒▒▒▒▒▒▒▒ █▒▒▒▒▒▒▒▒▒ ▒▒▒▒▒▒▒▒▒▒ ▒▒▒▒▒▒▒▒▒▒ ▒▒▒▒▒▒▒▒▒▒

▒▒▒▒▒▒▒▒▒▒ ▒▒▒▒▒▒▒▒▒▒ ██▒▒▒▒▒▒▒▒ ▒▒▒▒▒▒▒▒▒▒ ▒▒▒▒▒▒▒▒▒▒

██▒▒▒▒▒▒▒▒ ▒▒▒▒▒▒▒▒▒▒ █▒▒▒▒▒▒▒▒▒ ███▒▒▒▒▒▒▒ █▒▒▒▒▒▒▒▒▒

█▒▒▒▒▒▒▒▒▒ ██▒▒▒▒▒▒▒▒ █▒▒▒▒▒▒▒▒▒ █▒▒▒▒▒▒▒▒▒ ▒▒▒▒▒▒▒▒▒▒

▒▒▒▒▒▒▒▒▒▒ ██▒▒▒▒▒▒▒▒ ▒▒▒▒▒▒▒▒▒▒ █▒▒▒▒▒▒▒▒▒ █▒▒▒▒▒▒▒▒▒

█▒▒▒▒▒▒▒▒▒ █▒▒▒▒▒▒▒▒▒ ▒▒▒▒▒▒▒▒▒▒ ▒▒▒▒▒▒▒▒▒▒ █▒▒▒▒▒▒▒▒▒

▒▒▒▒▒▒▒▒▒▒ ███▒▒▒▒▒▒▒ █▒▒▒▒▒▒▒▒▒ ▒▒▒▒▒▒▒▒▒▒ ▒▒▒▒▒▒▒▒▒▒

▒▒▒▒▒▒▒▒▒▒ ██▒▒▒▒▒▒▒▒ █▒▒▒▒▒▒▒▒▒ █▒▒▒▒▒▒▒▒▒ ████▒▒▒▒▒▒

██▒▒▒▒▒▒▒▒ ▒▒▒▒▒▒▒▒▒▒ ▒▒▒▒▒▒▒▒▒▒ ██▒▒▒▒▒▒▒▒ █▒▒▒▒▒▒▒▒▒

█▒▒▒▒▒▒▒▒▒ █▒▒▒▒▒▒▒▒▒ █▒▒▒▒▒▒▒▒▒ █▒▒▒▒▒▒▒▒▒ █▒▒▒▒▒▒▒▒▒

▒▒▒▒▒▒▒▒▒▒ ▒▒▒▒▒▒▒▒▒▒ █▒▒▒▒▒▒▒▒▒ █▒▒▒▒▒▒▒▒▒ ███▒▒▒▒▒▒▒

▒▒▒▒▒▒▒▒▒▒ ▒▒▒▒▒▒▒▒▒▒ █▒▒▒▒▒▒▒▒▒ ███▒▒▒▒▒▒▒ █▒▒▒▒▒▒▒▒▒

█▒▒▒▒▒▒▒▒▒ ██▒▒▒▒▒▒▒▒ ▒▒▒▒▒▒▒▒▒▒ █▒▒▒▒▒▒▒▒▒ █▒▒▒▒▒▒▒▒▒

▒▒▒▒▒▒▒▒▒▒ ▒▒▒▒▒▒▒▒▒▒ █▒▒▒▒▒▒▒▒▒ ██▒▒▒▒▒▒▒▒ ▒▒▒▒▒▒▒▒▒▒

██▒▒▒▒▒▒▒▒ ▒▒▒▒▒▒▒▒▒▒ █▒▒▒▒▒▒▒▒▒ ▒▒▒▒▒▒▒▒▒▒ █▒▒▒▒▒▒▒▒▒

█▒▒▒▒▒▒▒▒▒ █▒▒▒▒▒▒▒▒▒ ▒▒▒▒▒▒▒▒▒▒ ▒▒▒▒▒▒▒▒▒▒ ▒▒▒▒▒▒▒▒▒▒

██▒▒▒▒▒▒▒▒ █▒▒▒▒▒▒▒▒▒ █▒▒▒▒▒▒▒▒▒ ███▒▒▒▒▒▒▒ ▒▒▒▒▒▒▒▒▒▒

█▒▒▒▒▒▒▒▒▒ ██▒▒▒▒▒▒▒▒ ▒▒▒▒▒▒▒▒▒▒ ▒▒▒▒▒▒▒▒▒▒ ▒▒▒▒▒▒▒▒▒▒

▒▒▒▒▒▒▒▒▒▒ █▒▒▒▒▒▒▒▒▒ █▒▒▒▒▒▒▒▒▒ ▒▒▒▒▒▒▒▒▒▒ ▒▒▒▒▒▒▒▒▒▒

▒▒▒▒▒▒▒▒▒▒ ▒▒▒▒▒▒▒▒▒▒ ▒▒▒▒▒▒▒▒▒▒ █▒▒▒▒▒▒▒▒▒ █▒▒▒▒▒▒▒▒▒

█▒▒▒▒▒▒▒▒▒ █▒▒▒▒▒▒▒▒▒ ▒▒▒▒▒▒▒▒▒▒ ██▒▒▒▒▒▒▒▒ ██▒▒▒▒▒▒▒▒

█▒▒▒▒▒▒▒▒▒ ██▒▒▒▒▒▒▒▒ █▒▒▒▒▒▒▒▒▒ ▒▒▒▒▒▒▒▒▒▒ ██▒▒▒▒▒▒▒▒

▒▒▒▒▒▒▒▒▒▒ █▒▒▒▒▒▒▒▒▒ ██▒▒▒▒▒▒▒▒ █▒▒▒▒▒▒▒▒▒ █▒▒▒▒▒▒▒▒▒

███▒▒▒▒▒▒▒ ██▒▒▒▒▒▒▒▒ ██▒▒▒▒▒▒▒▒ ▒▒▒▒▒▒▒▒▒▒ █▒▒▒▒▒▒▒▒▒

▒▒▒▒▒▒▒▒▒▒ ██▒▒▒▒▒▒▒▒ ██▒▒▒▒▒▒▒▒ ▒▒▒▒▒▒▒▒▒▒ ██▒▒▒▒▒▒▒▒

█▒▒▒▒▒▒▒▒▒ ██▒▒▒▒▒▒▒▒ █▒▒▒▒▒▒▒▒▒ █▒▒▒▒▒▒▒▒▒ ▒▒▒▒▒▒▒▒▒▒

████▒▒▒▒▒▒ ▒▒▒▒▒▒▒▒▒▒ ▒▒▒▒▒▒▒▒▒▒ █▒▒▒▒▒▒▒▒▒ ███▒▒▒▒▒▒▒

█▒▒▒▒▒▒▒▒▒ ▒▒▒▒▒▒▒▒▒▒ ██▒▒▒▒▒▒▒▒ ██▒▒▒▒▒▒▒▒ ▒▒▒▒▒▒▒▒▒▒

█▒▒▒▒▒▒▒▒▒ ▒▒▒▒▒▒▒▒▒▒ ▒▒▒▒▒▒▒▒▒▒ █▒▒▒▒▒▒▒▒▒ ▒▒▒▒▒▒▒▒▒▒

█▒▒▒▒▒▒▒▒▒ █▒▒▒▒▒▒▒▒▒ █▒▒▒▒▒▒▒▒▒ █▒▒▒▒▒▒▒▒▒ ██▒▒▒▒▒▒▒▒

▒▒▒▒▒▒▒▒▒▒ ██▒▒▒▒▒▒▒▒ ▒▒▒▒▒▒▒▒▒▒ ██▒▒▒▒▒▒▒▒ ██▒▒▒▒▒▒▒▒

▒▒▒▒▒▒▒▒▒▒ █▒▒▒▒▒▒▒▒▒ ▒▒▒▒▒▒▒▒▒▒ ███▒▒▒▒▒▒▒ █▒▒▒▒▒▒▒▒▒

▒▒▒▒▒▒▒▒▒▒ █▒▒▒▒▒▒▒▒▒ █▒▒▒▒▒▒▒▒▒ █▒▒▒▒▒▒▒▒▒ ███▒▒▒▒▒▒▒

▒▒▒▒▒▒▒▒▒▒ ▒▒▒▒▒▒▒▒▒▒ ▒▒▒▒▒▒▒▒▒▒ ██▒▒▒▒▒▒▒▒ █▒▒▒▒▒▒▒▒▒

▒▒▒▒▒▒▒▒▒▒ ▒▒▒▒▒▒▒▒▒▒ █▒▒▒▒▒▒▒▒▒ ▒▒▒▒▒▒▒▒▒▒ ▒▒▒▒▒▒▒▒▒▒

▒▒▒▒▒▒▒▒▒▒ ▒▒▒▒▒▒▒▒▒▒ █▒▒▒▒▒▒▒▒▒ █▒▒▒▒▒▒▒▒▒ ███▒▒▒▒▒▒▒

▒▒▒▒▒▒▒▒▒▒ ▒▒▒▒▒▒▒▒▒▒ ▒▒▒▒▒▒▒▒▒▒ █▒▒▒▒▒▒▒▒▒ █▒▒▒▒▒▒▒▒▒

▒▒▒▒▒▒▒▒▒▒ ▒▒▒▒▒▒▒▒▒▒ ▒▒▒▒▒▒▒▒▒▒ ▒▒▒▒▒▒▒▒▒▒ █▒▒▒▒▒▒▒▒▒

█▒▒▒▒▒▒▒▒▒ ▒▒▒▒▒▒▒▒▒▒ ▒▒▒▒▒▒▒▒▒▒ ▒▒▒▒▒▒▒▒▒▒ ▒▒▒▒▒▒▒▒▒▒

▒▒▒▒▒▒▒▒▒▒ ▒▒▒▒▒▒▒▒▒▒ █▒▒▒▒▒▒▒▒▒ ▒▒▒▒▒▒▒▒▒▒ ██▒▒▒▒▒▒▒▒

█▒▒▒▒▒▒▒▒▒ ██▒▒▒▒▒▒▒▒ ▒▒▒▒▒▒▒▒▒▒ █▒▒▒▒▒▒▒▒▒ █▒▒▒▒▒▒▒▒▒

▒▒▒▒▒▒▒▒▒▒ █▒▒▒▒▒▒▒▒▒ █▒▒▒▒▒▒▒▒▒ ▒▒▒▒▒▒▒▒▒▒ █▒▒▒▒▒▒▒▒▒

█▒▒▒▒▒▒▒▒▒ █▒▒▒▒▒▒▒▒▒ ▒▒▒▒▒▒▒▒▒▒ ▒▒▒▒▒▒▒▒▒▒ █▒▒▒▒▒▒▒▒▒

█▒▒▒▒▒▒▒▒▒ ▒▒▒▒▒▒▒▒▒▒ █▒▒▒▒▒▒▒▒▒ █▒▒▒▒▒▒▒▒▒ █▒▒▒▒▒▒▒▒▒

███▒▒▒▒▒▒▒ ▒▒▒▒▒▒▒▒▒▒ █▒▒▒▒▒▒▒▒▒ ██▒▒▒▒▒▒▒▒ ██▒▒▒▒▒▒▒▒

██▒▒▒▒▒▒▒▒ ▒▒▒▒▒▒▒▒▒▒ █▒▒▒▒▒▒▒▒▒ ▒▒▒▒▒▒▒▒▒▒ █▒▒▒▒▒▒▒▒▒

▒▒▒▒▒▒▒▒▒▒ █▒▒▒▒▒▒▒▒▒ ██▒▒▒▒▒▒▒▒ ▒▒▒▒▒▒▒▒▒▒ █▒▒▒▒▒▒▒▒▒

█▒▒▒▒▒▒▒▒▒ ▒▒▒▒▒▒▒▒▒▒ ▒▒▒▒▒▒▒▒▒▒ ▒▒▒▒▒▒▒▒▒▒ ▒▒▒▒▒▒▒▒▒▒

▒▒▒▒▒▒▒▒▒▒ ██▒▒▒▒▒▒▒▒ █▒▒▒▒▒▒▒▒▒ █▒▒▒▒▒▒▒▒▒ █▒▒▒▒▒▒▒▒▒

███▒▒▒▒▒▒▒ ▒▒▒▒▒▒▒▒▒▒ █▒▒▒▒▒▒▒▒▒ █▒▒▒▒▒▒▒▒▒ ▒▒▒▒▒▒▒▒▒▒

█▒▒▒▒▒▒▒▒▒ ▒▒▒▒▒▒▒▒▒▒ █▒▒▒▒▒▒▒▒▒ ▒▒▒▒▒▒▒▒▒▒ ▒▒▒▒▒▒▒▒▒▒

██▒▒▒▒▒▒▒▒ ▒▒▒▒▒▒▒▒▒▒ ▒▒▒▒▒▒▒▒▒▒ ▒▒▒▒▒▒▒▒▒▒ ▒▒▒▒▒▒▒▒▒▒

█▒▒▒▒▒▒▒▒▒ ██▒▒▒▒▒▒▒▒ ▒▒▒▒▒▒▒▒▒▒ █▒▒▒▒▒▒▒▒▒ ▒▒▒▒▒▒▒▒▒▒

███▒▒▒▒▒▒▒ ▒▒▒▒▒▒▒▒▒▒ ▒▒▒▒▒▒▒▒▒▒ ▒▒▒▒▒▒▒▒▒▒ █▒▒▒▒▒▒▒▒▒

▒▒▒▒▒▒▒▒▒▒ ██▒▒▒▒▒▒▒▒ ██▒▒▒▒▒▒▒▒ █▒▒▒▒▒▒▒▒▒ █▒▒▒▒▒▒▒▒▒

▒▒▒▒▒▒▒▒▒▒ █▒▒▒▒▒▒▒▒▒ █▒▒▒▒▒▒▒▒▒ ▒▒▒▒▒▒▒▒▒▒ ▒▒▒▒▒▒▒▒▒▒

▒▒▒▒▒▒▒▒▒▒ █▒▒▒▒▒▒▒▒▒ ██▒▒▒▒▒▒▒▒ █▒▒▒▒▒▒▒▒▒ ▒▒▒▒▒▒▒▒▒▒

█▒▒▒▒▒▒▒▒▒ █▒▒▒▒▒▒▒▒▒ ▒▒▒▒▒▒▒▒▒▒ ▒▒▒▒▒▒▒▒▒▒ ███▒▒▒▒▒▒▒

█▒▒▒▒▒▒▒▒▒ ██▒▒▒▒▒▒▒▒ ▒▒▒▒▒▒▒▒▒▒ █▒▒▒▒▒▒▒▒▒ █▒▒▒▒▒▒▒▒▒

██▒▒▒▒▒▒▒▒ ██▒▒▒▒▒▒▒▒ █▒▒▒▒▒▒▒▒▒ ██▒▒▒▒▒▒▒▒ ▒▒▒▒▒▒▒▒▒▒

█▒▒▒▒▒▒▒▒▒ ▒▒▒▒▒▒▒▒▒▒ ▒▒▒▒▒▒▒▒▒▒ ▒▒▒▒▒▒▒▒▒▒ ▒▒▒▒▒▒▒▒▒▒

██▒▒▒▒▒▒▒▒ ▒▒▒▒▒▒▒▒▒▒ █▒▒▒▒▒▒▒▒▒ ▒▒▒▒▒▒▒▒▒▒ ▒▒▒▒▒▒▒▒▒▒

█▒▒▒▒▒▒▒▒▒ █▒▒▒▒▒▒▒▒▒ ▒▒▒▒▒▒▒▒▒▒ ▒▒▒▒▒▒▒▒▒▒ ▒▒▒▒▒▒▒▒▒▒

▒▒▒▒▒▒▒▒▒▒ ▒▒▒▒▒▒▒▒▒▒ ▒▒▒▒▒▒▒▒▒▒ █▒▒▒▒▒▒▒▒▒ █▒▒▒▒▒▒▒▒▒

▒▒▒▒▒▒▒▒▒▒ ▒▒▒▒▒▒▒▒▒▒ ▒▒▒▒▒▒▒▒▒▒ █▒▒▒▒▒▒▒▒▒ ▒▒▒▒▒▒▒▒▒▒

█▒▒▒▒▒▒▒▒▒ █▒▒▒▒▒▒▒▒▒ █▒▒▒▒▒▒▒▒▒ █▒▒▒▒▒▒▒▒▒ █▒▒▒▒▒▒▒▒▒

▒▒▒▒▒▒▒▒▒▒ ▒▒▒▒▒▒▒▒▒▒ ▒▒▒▒▒▒▒▒▒▒ ▒▒▒▒▒▒▒▒▒▒ █▒▒▒▒▒▒▒▒▒

█▒▒▒▒▒▒▒▒▒ █▒▒▒▒▒▒▒▒▒ █▒▒▒▒▒▒▒▒▒ ▒▒▒▒▒▒▒▒▒▒ █▒▒▒▒▒▒▒▒▒

▒▒▒▒▒▒▒▒▒▒ ▒▒▒▒▒▒▒▒▒▒ ▒▒▒▒▒▒▒▒▒▒ ▒▒▒▒▒▒▒▒▒▒ ██▒▒▒▒▒▒▒▒

██▒▒▒▒▒▒▒▒ ▒▒▒▒▒▒▒▒▒▒ █▒▒▒▒▒▒▒▒▒ ██▒▒▒▒▒▒▒▒ █▒▒▒▒▒▒▒▒▒

█▒▒▒▒▒▒▒▒▒ ▒▒▒▒▒▒▒▒▒▒ █▒▒▒▒▒▒▒▒▒ ▒▒▒▒▒▒▒▒▒▒ ▒▒▒▒▒▒▒▒▒▒

▒▒▒▒▒▒▒▒▒▒ ▒▒▒▒▒▒▒▒▒▒ █▒▒▒▒▒▒▒▒▒ ██▒▒▒▒▒▒▒▒ ▒▒▒▒▒▒▒▒▒▒

█▒▒▒▒▒▒▒▒▒ █▒▒▒▒▒▒▒▒▒ █▒▒▒▒▒▒▒▒▒ ▒▒▒▒▒▒▒▒▒▒ ▒▒▒▒▒▒▒▒▒▒

██▒▒▒▒▒▒▒▒ █▒▒▒▒▒▒▒▒▒ ▒▒▒▒▒▒▒▒▒▒ █▒▒▒▒▒▒▒▒▒ ██▒▒▒▒▒▒▒▒

██▒▒▒▒▒▒▒▒ ████▒▒▒▒▒▒ ▒▒▒▒▒▒▒▒▒▒ ██▒▒▒▒▒▒▒▒ █▒▒▒▒▒▒▒▒▒

▒▒▒▒▒▒▒▒▒▒ ▒▒▒▒▒▒▒▒▒▒ █▒▒▒▒▒▒▒▒▒ ███▒▒▒▒▒▒▒ ▒▒▒▒▒▒▒▒▒▒

█▒▒▒▒▒▒▒▒▒ █▒▒▒▒▒▒▒▒▒ ▒▒▒▒▒▒▒▒▒▒ █▒▒▒▒▒▒▒▒▒ ██▒▒▒▒▒▒▒▒

▒▒▒▒▒▒▒▒▒▒ ▒▒▒▒▒▒▒▒▒▒ █▒▒▒▒▒▒▒▒▒ █▒▒▒▒▒▒▒▒▒ ▒▒▒▒▒▒▒▒▒▒

█▒▒▒▒▒▒▒▒▒ ▒▒▒▒▒▒▒▒▒▒ █▒▒▒▒▒▒▒▒▒ ██████▒▒▒▒ ███▒▒▒▒▒▒▒

▒▒▒▒▒▒▒▒▒▒ ▒▒▒▒▒▒▒▒▒▒ ▒▒▒▒▒▒▒▒▒▒ ▒▒▒▒▒▒▒▒▒▒ █▒▒▒▒▒▒▒▒▒

▒▒▒▒▒▒▒▒▒▒ █▒▒▒▒▒▒▒▒▒ ▒▒▒▒▒▒▒▒▒▒ ███▒▒▒▒▒▒▒ ▒▒▒▒▒▒▒▒▒▒

██▒▒▒▒▒▒▒▒ ▒▒▒▒▒▒▒▒▒▒ ▒▒▒▒▒▒▒▒▒▒ █▒▒▒▒▒▒▒▒▒ ▒▒▒▒▒▒▒▒▒▒

▒▒▒▒▒▒▒▒▒▒ ▒▒▒▒▒▒▒▒▒▒ ██▒▒▒▒▒▒▒▒ ██▒▒▒▒▒▒▒▒ █▒▒▒▒▒▒▒▒▒

█▒▒▒▒▒▒▒▒▒ █▒▒▒▒▒▒▒▒▒ ▒▒▒▒▒▒▒▒▒▒ ██▒▒▒▒▒▒▒▒ █▒▒▒▒▒▒▒▒▒

█▒▒▒▒▒▒▒▒▒ █▒▒▒▒▒▒▒▒▒ ▒▒▒▒▒▒▒▒▒▒ █▒▒▒▒▒▒▒▒▒ ▒▒▒▒▒▒▒▒▒▒

▒▒▒▒▒▒▒▒▒▒ ██▒▒▒▒▒▒▒▒ █▒▒▒▒▒▒▒▒▒ ▒▒▒▒▒▒▒▒▒▒ █▒▒▒▒▒▒▒▒▒

█▒▒▒▒▒▒▒▒▒ ██▒▒▒▒▒▒▒▒ ▒▒▒▒▒▒▒▒▒▒ █▒▒▒▒▒▒▒▒▒ █▒▒▒▒▒▒▒▒▒

▒▒▒▒▒▒▒▒▒▒ ▒▒▒▒▒▒▒▒▒▒ ▒▒▒▒▒▒▒▒▒▒ █▒▒▒▒▒▒▒▒▒ ▒▒▒▒▒▒▒▒▒▒

██▒▒▒▒▒▒▒▒ ▒▒▒▒▒▒▒▒▒▒ ▒▒▒▒▒▒▒▒▒▒ █▒▒▒▒▒▒▒▒▒ █▒▒▒▒▒▒▒▒▒

█▒▒▒▒▒▒▒▒▒ █▒▒▒▒▒▒▒▒▒ █▒▒▒▒▒▒▒▒▒ █▒▒▒▒▒▒▒▒▒ ▒▒▒▒▒▒▒▒▒▒

▒▒▒▒▒▒▒▒▒▒ ▒▒▒▒▒▒▒▒▒▒ ▒▒▒▒▒▒▒▒▒▒ █▒▒▒▒▒▒▒▒▒ ██▒▒▒▒▒▒▒▒

█▒▒▒▒▒▒▒▒▒ ▒▒▒▒▒▒▒▒▒▒ █▒▒▒▒▒▒▒▒▒ ██▒▒▒▒▒▒▒▒ ▒▒▒▒▒▒▒▒▒▒

█▒▒▒▒▒▒▒▒▒ ▒▒▒▒▒▒▒▒▒▒ █▒▒▒▒▒▒▒▒▒ █▒▒▒▒▒▒▒▒▒ █▒▒▒▒▒▒▒▒▒

█▒▒▒▒▒▒▒▒▒ ▒▒▒▒▒▒▒▒▒▒ ▒▒▒▒▒▒▒▒▒▒ ██▒▒▒▒▒▒▒▒ ██▒▒▒▒▒▒▒▒

██▒▒▒▒▒▒▒▒ ▒▒▒▒▒▒▒▒▒▒ ██▒▒▒▒▒▒▒▒ ▒▒▒▒▒▒▒▒▒▒ ██▒▒▒▒▒▒▒▒

█▒▒▒▒▒▒▒▒▒ ▒▒▒▒▒▒▒▒▒▒ █▒▒▒▒▒▒▒▒▒ █▒▒▒▒▒▒▒▒▒ ▒▒▒▒▒▒▒▒▒▒

▒▒▒▒▒▒▒▒▒▒ █▒▒▒▒▒▒▒▒▒ ██▒▒▒▒▒▒▒▒ ▒▒▒▒▒▒▒▒▒▒ █▒▒▒▒▒▒▒▒▒

██▒▒▒▒▒▒▒▒ █▒▒▒▒▒▒▒▒▒ █▒▒▒▒▒▒▒▒▒ ▒▒▒▒▒▒▒▒▒▒ ███▒▒▒▒▒▒▒

▒▒▒▒▒▒▒▒▒▒ ▒▒▒▒▒▒▒▒▒▒ ▒▒▒▒▒▒▒▒▒▒ █▒▒▒▒▒▒▒▒▒ ██▒▒▒▒▒▒▒▒

▒▒▒▒▒▒▒▒▒▒ █▒▒▒▒▒▒▒▒▒ █▒▒▒▒▒▒▒▒▒ █▒▒▒▒▒▒▒▒▒ █▒▒▒▒▒▒▒▒▒

█▒▒▒▒▒▒▒▒▒ ▒▒▒▒▒▒▒▒▒▒ ██▒▒▒▒▒▒▒▒ █▒▒▒▒▒▒▒▒▒ ▒▒▒▒▒▒▒▒▒▒

█▒▒▒▒▒▒▒▒▒ █▒▒▒▒▒▒▒▒▒ ▒▒▒▒▒▒▒▒▒▒ ▒▒▒▒▒▒▒▒▒▒ ▒▒▒▒▒▒▒▒▒▒

██▒▒▒▒▒▒▒▒ ██▒▒▒▒▒▒▒▒ ▒▒▒▒▒▒▒▒▒▒ ██▒▒▒▒▒▒▒▒ ▒▒▒▒▒▒▒▒▒▒

▒▒▒▒▒▒▒▒▒▒ █▒▒▒▒▒▒▒▒▒ ██▒▒▒▒▒▒▒▒ █▒▒▒▒▒▒▒▒▒ ▒▒▒▒▒▒▒▒▒▒

▒▒▒▒▒▒▒▒▒▒ ▒▒▒▒▒▒▒▒▒▒ ▒▒▒▒▒▒▒▒▒▒ ███▒▒▒▒▒▒▒ ███▒▒▒▒▒▒▒

███▒▒▒▒▒▒▒ ██▒▒▒▒▒▒▒▒ ▒▒▒▒▒▒▒▒▒▒ ███▒▒▒▒▒▒▒ ▒▒▒▒▒▒▒▒▒▒

▒▒▒▒▒▒▒▒▒▒ ██▒▒▒▒▒▒▒▒ ██▒▒▒▒▒▒▒▒ █▒▒▒▒▒▒▒▒▒ █▒▒▒▒▒▒▒▒▒

▒▒▒▒▒▒▒▒▒▒ ██▒▒▒▒▒▒▒▒ █▒▒▒▒▒▒▒▒▒ █▒▒▒▒▒▒▒▒▒ ██▒▒▒▒▒▒▒▒

▒▒▒▒▒▒▒▒▒▒ ▒▒▒▒▒▒▒▒▒▒ ▒▒▒▒▒▒▒▒▒▒ ▒▒▒▒▒▒▒▒▒▒ ▒▒▒▒▒▒▒▒▒▒

▒▒▒▒▒▒▒▒▒▒ ██▒▒▒▒▒▒▒▒ ▒▒▒▒▒▒▒▒▒▒ ▒▒▒▒▒▒▒▒▒▒ ▒▒▒▒▒▒▒▒▒▒

██▒▒▒▒▒▒▒▒ ▒▒▒▒▒▒▒▒▒▒ █▒▒▒▒▒▒▒▒▒ ▒▒▒▒▒▒▒▒▒▒ █▒▒▒▒▒▒▒▒▒

██▒▒▒▒▒▒▒▒ ▒▒▒▒▒▒▒▒▒▒ ▒▒▒▒▒▒▒▒▒▒ ▒▒▒▒▒▒▒▒▒▒ ▒▒▒▒▒▒▒▒▒▒

▒▒▒▒▒▒▒▒▒▒ ▒▒▒▒▒▒▒▒▒▒ ██▒▒▒▒▒▒▒▒ ██▒▒▒▒▒▒▒▒ ██▒▒▒▒▒▒▒▒

▒▒▒▒▒▒▒▒▒▒ █▒▒▒▒▒▒▒▒▒ █▒▒▒▒▒▒▒▒▒ ▒▒▒▒▒▒▒▒▒▒ ▒▒▒▒▒▒▒▒▒▒

█▒▒▒▒▒▒▒▒▒ ▒▒▒▒▒▒▒▒▒▒ █▒▒▒▒▒▒▒▒▒ ▒▒▒▒▒▒▒▒▒▒ ▒▒▒▒▒▒▒▒▒▒

███▒▒▒▒▒▒▒ █▒▒▒▒▒▒▒▒▒ ██▒▒▒▒▒▒▒▒ ▒▒▒▒▒▒▒▒▒▒ █▒▒▒▒▒▒▒▒▒

█▒▒▒▒▒▒▒▒▒ ▒▒▒▒▒▒▒▒▒▒ ▒▒▒▒▒▒▒▒▒▒ ▒▒▒▒▒▒▒▒▒▒ █▒▒▒▒▒▒▒▒▒

██▒▒▒▒▒▒▒▒ ██▒▒▒▒▒▒▒▒ ▒▒▒▒▒▒▒▒▒▒ ▒▒▒▒▒▒▒▒▒▒ █▒▒▒▒▒▒▒▒▒

█▒▒▒▒▒▒▒▒▒ ▒▒▒▒▒▒▒▒▒▒ ▒▒▒▒▒▒▒▒▒▒ ▒▒▒▒▒▒▒▒▒▒ ▒▒▒▒▒▒▒▒▒▒

██▒▒▒▒▒▒▒▒ ▒▒▒▒▒▒▒▒▒▒ ████▒▒▒▒▒▒ ▒▒▒▒▒▒▒▒▒▒ ▒▒▒▒▒▒▒▒▒▒

▒▒▒▒▒▒▒▒▒▒ ██▒▒▒▒▒▒▒▒ ██▒▒▒▒▒▒▒▒ ▒▒▒▒▒▒▒▒▒▒ █▒▒▒▒▒▒▒▒▒

▒▒▒▒▒▒▒▒▒▒ ▒▒▒▒▒▒▒▒▒▒ █▒▒▒▒▒▒▒▒▒ ▒▒▒▒▒▒▒▒▒▒ █▒▒▒▒▒▒▒▒▒

▒▒▒▒▒▒▒▒▒▒ ▒▒▒▒▒▒▒▒▒▒ ▒▒▒▒▒▒▒▒▒▒ ▒▒▒▒▒▒▒▒▒▒ ▒▒▒▒▒▒▒▒▒▒

▒▒▒▒▒▒▒▒▒▒ ▒▒▒▒▒▒▒▒▒▒ ▒▒▒▒▒▒▒▒▒▒ █▒▒▒▒▒▒▒▒▒ ▒▒▒▒▒▒▒▒▒▒

█▒▒▒▒▒▒▒▒▒ █▒▒▒▒▒▒▒▒▒ ▒▒▒▒▒▒▒▒▒▒ ▒▒▒▒▒▒▒▒▒▒ █▒▒▒▒▒▒▒▒▒

▒▒▒▒▒▒▒▒▒▒ █▒▒▒▒▒▒▒▒▒ ▒▒▒▒▒▒▒▒▒▒ █▒▒▒▒▒▒▒▒▒ █▒▒▒▒▒▒▒▒▒

▒▒▒▒▒▒▒▒▒▒ ▒▒▒▒▒▒▒▒▒▒ █▒▒▒▒▒▒▒▒▒ ▒▒▒▒▒▒▒▒▒▒ ███▒▒▒▒▒▒▒

█▒▒▒▒▒▒▒▒▒ █▒▒▒▒▒▒▒▒▒ ▒▒▒▒▒▒▒▒▒▒ █▒▒▒▒▒▒▒▒▒ █▒▒▒▒▒▒▒▒▒

██▒▒▒▒▒▒▒▒ ▒▒▒▒▒▒▒▒▒▒ █▒▒▒▒▒▒▒▒▒ ▒▒▒▒▒▒▒▒▒▒ ██▒▒▒▒▒▒▒▒

▒▒▒▒▒▒▒▒▒▒ █▒▒▒▒▒▒▒▒▒ █▒▒▒▒▒▒▒▒▒ █▒▒▒▒▒▒▒▒▒ █▒▒▒▒▒▒▒▒▒

▒▒▒▒▒▒▒▒▒▒ ▒▒▒▒▒▒▒▒▒▒ ██▒▒▒▒▒▒▒▒ ▒▒▒▒▒▒▒▒▒▒ ▒▒▒▒▒▒▒▒▒▒

▒▒▒▒▒▒▒▒▒▒ ██▒▒▒▒▒▒▒▒ ▒▒▒▒▒▒▒▒▒▒ █▒▒▒▒▒▒▒▒▒ ▒▒▒▒▒▒▒▒▒▒

▒▒▒▒▒▒▒▒▒▒ ▒▒▒▒▒▒▒▒▒▒ █▒▒▒▒▒▒▒▒▒ █▒▒▒▒▒▒▒▒▒ ██▒▒▒▒▒▒▒▒

█▒▒▒▒▒▒▒▒▒ █▒▒▒▒▒▒▒▒▒ █▒▒▒▒▒▒▒▒▒ ▒▒▒▒▒▒▒▒▒▒ █▒▒▒▒▒▒▒▒▒

█▒▒▒▒▒▒▒▒▒ █▒▒▒▒▒▒▒▒▒ ▒▒▒▒▒▒▒▒▒▒ ▒▒▒▒▒▒▒▒▒▒ ▒▒▒▒▒▒▒▒▒▒

▒▒▒▒▒▒▒▒▒▒ █▒▒▒▒▒▒▒▒▒ █▒▒▒▒▒▒▒▒▒ █▒▒▒▒▒▒▒▒▒ █▒▒▒▒▒▒▒▒▒

█▒▒▒▒▒▒▒▒▒ ▒▒▒▒▒▒▒▒▒▒ ██▒▒▒▒▒▒▒▒ █▒▒▒▒▒▒▒▒▒ ▒▒▒▒▒▒▒▒▒▒

█▒▒▒▒▒▒▒▒▒ █▒▒▒▒▒▒▒▒▒ ▒▒▒▒▒▒▒▒▒▒ ▒▒▒▒▒▒▒▒▒▒ █▒▒▒▒▒▒▒▒▒

█▒▒▒▒▒▒▒▒▒ ██▒▒▒▒▒▒▒▒ ██▒▒▒▒▒▒▒▒ ▒▒▒▒▒▒▒▒▒▒ ▒▒▒▒▒▒▒▒▒▒

█▒▒▒▒▒▒▒▒▒ ▒▒▒▒▒▒▒▒▒▒ ▒▒▒▒▒▒▒▒▒▒ ██▒▒▒▒▒▒▒▒ █▒▒▒▒▒▒▒▒▒
-------------------------------------------------

With most commons english passwords
-------------------------------------------------

██▒▒▒▒▒▒▒▒ █▒▒▒▒▒▒▒▒▒ █▒▒▒▒▒▒▒▒▒ █▒▒▒▒▒▒▒▒▒ ██▒▒▒▒▒▒▒▒

▒▒▒▒▒▒▒▒▒▒ █▒▒▒▒▒▒▒▒▒ █▒▒▒▒▒▒▒▒▒ █▒▒▒▒▒▒▒▒▒ █▒▒▒▒▒▒▒▒▒

█▒▒▒▒▒▒▒▒▒ █▒▒▒▒▒▒▒▒▒ ▒▒▒▒▒▒▒▒▒▒ ▒▒▒▒▒▒▒▒▒▒ █▒▒▒▒▒▒▒▒▒

███▒▒▒▒▒▒▒ ▒▒▒▒▒▒▒▒▒▒ █▒▒▒▒▒▒▒▒▒ ▒▒▒▒▒▒▒▒▒▒ █▒▒▒▒▒▒▒▒▒

██▒▒▒▒▒▒▒▒ ▒▒▒▒▒▒▒▒▒▒ █▒▒▒▒▒▒▒▒▒ █▒▒▒▒▒▒▒▒▒ █▒▒▒▒▒▒▒▒▒

█▒▒▒▒▒▒▒▒▒ ▒▒▒▒▒▒▒▒▒▒ ████▒▒▒▒▒▒ █▒▒▒▒▒▒▒▒▒ █▒▒▒▒▒▒▒▒▒

██▒▒▒▒▒▒▒▒ ██▒▒▒▒▒▒▒▒ ▒▒▒▒▒▒▒▒▒▒ █▒▒▒▒▒▒▒▒▒ ██▒▒▒▒▒▒▒▒

█▒▒▒▒▒▒▒▒▒ ██▒▒▒▒▒▒▒▒ ██▒▒▒▒▒▒▒▒ ▒▒▒▒▒▒▒▒▒▒ ▒▒▒▒▒▒▒▒▒▒

█▒▒▒▒▒▒▒▒▒ ▒▒▒▒▒▒▒▒▒▒ ▒▒▒▒▒▒▒▒▒▒ █▒▒▒▒▒▒▒▒▒ █▒▒▒▒▒▒▒▒▒

▒▒▒▒▒▒▒▒▒▒ ██▒▒▒▒▒▒▒▒ █▒▒▒▒▒▒▒▒▒ ██▒▒▒▒▒▒▒▒ ▒▒▒▒▒▒▒▒▒▒

█▒▒▒▒▒▒▒▒▒ ▒▒▒▒▒▒▒▒▒▒ ▒▒▒▒▒▒▒▒▒▒ █▒▒▒▒▒▒▒▒▒ █▒▒▒▒▒▒▒▒▒

█▒▒▒▒▒▒▒▒▒ ▒▒▒▒▒▒▒▒▒▒ █▒▒▒▒▒▒▒▒▒ █▒▒▒▒▒▒▒▒▒ ▒▒▒▒▒▒▒▒▒▒

█▒▒▒▒▒▒▒▒▒ ▒▒▒▒▒▒▒▒▒▒ ▒▒▒▒▒▒▒▒▒▒ ███▒▒▒▒▒▒▒ █▒▒▒▒▒▒▒▒▒

█▒▒▒▒▒▒▒▒▒ █▒▒▒▒▒▒▒▒▒ █▒▒▒▒▒▒▒▒▒ ▒▒▒▒▒▒▒▒▒▒ ██▒▒▒▒▒▒▒▒

█▒▒▒▒▒▒▒▒▒ ▒▒▒▒▒▒▒▒▒▒ ▒▒▒▒▒▒▒▒▒▒ █▒▒▒▒▒▒▒▒▒ █▒▒▒▒▒▒▒▒▒

▒▒▒▒▒▒▒▒▒▒ ██▒▒▒▒▒▒▒▒ ▒▒▒▒▒▒▒▒▒▒ █▒▒▒▒▒▒▒▒▒ █▒▒▒▒▒▒▒▒▒

▒▒▒▒▒▒▒▒▒▒ █▒▒▒▒▒▒▒▒▒ ▒▒▒▒▒▒▒▒▒▒ ██▒▒▒▒▒▒▒▒ ▒▒▒▒▒▒▒▒▒▒

█▒▒▒▒▒▒▒▒▒ ▒▒▒▒▒▒▒▒▒▒ █▒▒▒▒▒▒▒▒▒ █▒▒▒▒▒▒▒▒▒ █▒▒▒▒▒▒▒▒▒

▒▒▒▒▒▒▒▒▒▒ █▒▒▒▒▒▒▒▒▒ ▒▒▒▒▒▒▒▒▒▒ █▒▒▒▒▒▒▒▒▒ ▒▒▒▒▒▒▒▒▒▒

█▒▒▒▒▒▒▒▒▒ ▒▒▒▒▒▒▒▒▒▒ █▒▒▒▒▒▒▒▒▒ ▒▒▒▒▒▒▒▒▒▒ ▒▒▒▒▒▒▒▒▒▒

▒▒▒▒▒▒▒▒▒▒ ▒▒▒▒▒▒▒▒▒▒ ▒▒▒▒▒▒▒▒▒▒ ▒▒▒▒▒▒▒▒▒▒ █▒▒▒▒▒▒▒▒▒

█▒▒▒▒▒▒▒▒▒ ▒▒▒▒▒▒▒▒▒▒ ██▒▒▒▒▒▒▒▒ ▒▒▒▒▒▒▒▒▒▒ ▒▒▒▒▒▒▒▒▒▒

█▒▒▒▒▒▒▒▒▒ █▒▒▒▒▒▒▒▒▒ █▒▒▒▒▒▒▒▒▒ █▒▒▒▒▒▒▒▒▒ ██▒▒▒▒▒▒▒▒

▒▒▒▒▒▒▒▒▒▒ █▒▒▒▒▒▒▒▒▒ ███▒▒▒▒▒▒▒ ▒▒▒▒▒▒▒▒▒▒ ▒▒▒▒▒▒▒▒▒▒

▒▒▒▒▒▒▒▒▒▒ ███▒▒▒▒▒▒▒ ▒▒▒▒▒▒▒▒▒▒ █▒▒▒▒▒▒▒▒▒ ██▒▒▒▒▒▒▒▒

█▒▒▒▒▒▒▒▒▒ ▒▒▒▒▒▒▒▒▒▒ █▒▒▒▒▒▒▒▒▒ █▒▒▒▒▒▒▒▒▒ ▒▒▒▒▒▒▒▒▒▒

▒▒▒▒▒▒▒▒▒▒ ▒▒▒▒▒▒▒▒▒▒ █▒▒▒▒▒▒▒▒▒ █▒▒▒▒▒▒▒▒▒ ██▒▒▒▒▒▒▒▒

█▒▒▒▒▒▒▒▒▒ ▒▒▒▒▒▒▒▒▒▒ ▒▒▒▒▒▒▒▒▒▒ ██▒▒▒▒▒▒▒▒ ▒▒▒▒▒▒▒▒▒▒

█▒▒▒▒▒▒▒▒▒ ▒▒▒▒▒▒▒▒▒▒ ███▒▒▒▒▒▒▒ █▒▒▒▒▒▒▒▒▒ █▒▒▒▒▒▒▒▒▒

█▒▒▒▒▒▒▒▒▒ ▒▒▒▒▒▒▒▒▒▒ ▒▒▒▒▒▒▒▒▒▒ ▒▒▒▒▒▒▒▒▒▒ ██▒▒▒▒▒▒▒▒

▒▒▒▒▒▒▒▒▒▒ █▒▒▒▒▒▒▒▒▒ ▒▒▒▒▒▒▒▒▒▒ █▒▒▒▒▒▒▒▒▒ ██▒▒▒▒▒▒▒▒

▒▒▒▒▒▒▒▒▒▒ █▒▒▒▒▒▒▒▒▒ █▒▒▒▒▒▒▒▒▒ █▒▒▒▒▒▒▒▒▒ █▒▒▒▒▒▒▒▒▒

█▒▒▒▒▒▒▒▒▒ ▒▒▒▒▒▒▒▒▒▒ ▒▒▒▒▒▒▒▒▒▒ █▒▒▒▒▒▒▒▒▒ █▒▒▒▒▒▒▒▒▒

█▒▒▒▒▒▒▒▒▒ █▒▒▒▒▒▒▒▒▒ █▒▒▒▒▒▒▒▒▒ █▒▒▒▒▒▒▒▒▒ ███▒▒▒▒▒▒▒

▒▒▒▒▒▒▒▒▒▒ █▒▒▒▒▒▒▒▒▒ █▒▒▒▒▒▒▒▒▒ ▒▒▒▒▒▒▒▒▒▒ ██▒▒▒▒▒▒▒▒

██▒▒▒▒▒▒▒▒ █▒▒▒▒▒▒▒▒▒ ▒▒▒▒▒▒▒▒▒▒ ▒▒▒▒▒▒▒▒▒▒ ▒▒▒▒▒▒▒▒▒▒

▒▒▒▒▒▒▒▒▒▒ ▒▒▒▒▒▒▒▒▒▒ ██▒▒▒▒▒▒▒▒ ▒▒▒▒▒▒▒▒▒▒ █▒▒▒▒▒▒▒▒▒

███▒▒▒▒▒▒▒ ▒▒▒▒▒▒▒▒▒▒ ▒▒▒▒▒▒▒▒▒▒ █▒▒▒▒▒▒▒▒▒ ▒▒▒▒▒▒▒▒▒▒

▒▒▒▒▒▒▒▒▒▒ ▒▒▒▒▒▒▒▒▒▒ ▒▒▒▒▒▒▒▒▒▒ ██▒▒▒▒▒▒▒▒ ██▒▒▒▒▒▒▒▒

██▒▒▒▒▒▒▒▒ ▒▒▒▒▒▒▒▒▒▒ ██▒▒▒▒▒▒▒▒ ▒▒▒▒▒▒▒▒▒▒ █▒▒▒▒▒▒▒▒▒

█▒▒▒▒▒▒▒▒▒ ▒▒▒▒▒▒▒▒▒▒ █▒▒▒▒▒▒▒▒▒ █▒▒▒▒▒▒▒▒▒ █▒▒▒▒▒▒▒▒▒

█▒▒▒▒▒▒▒▒▒ ▒▒▒▒▒▒▒▒▒▒ ▒▒▒▒▒▒▒▒▒▒ █▒▒▒▒▒▒▒▒▒ ▒▒▒▒▒▒▒▒▒▒

▒▒▒▒▒▒▒▒▒▒ █▒▒▒▒▒▒▒▒▒ █▒▒▒▒▒▒▒▒▒ ▒▒▒▒▒▒▒▒▒▒ ▒▒▒▒▒▒▒▒▒▒

▒▒▒▒▒▒▒▒▒▒ ▒▒▒▒▒▒▒▒▒▒ ██▒▒▒▒▒▒▒▒ █▒▒▒▒▒▒▒▒▒ █▒▒▒▒▒▒▒▒▒

▒▒▒▒▒▒▒▒▒▒ ██▒▒▒▒▒▒▒▒ ▒▒▒▒▒▒▒▒▒▒ ▒▒▒▒▒▒▒▒▒▒ ▒▒▒▒▒▒▒▒▒▒

▒▒▒▒▒▒▒▒▒▒ █▒▒▒▒▒▒▒▒▒ ▒▒▒▒▒▒▒▒▒▒ ▒▒▒▒▒▒▒▒▒▒ ▒▒▒▒▒▒▒▒▒▒

▒▒▒▒▒▒▒▒▒▒ █▒▒▒▒▒▒▒▒▒ █▒▒▒▒▒▒▒▒▒ ██▒▒▒▒▒▒▒▒ ▒▒▒▒▒▒▒▒▒▒

▒▒▒▒▒▒▒▒▒▒ █▒▒▒▒▒▒▒▒▒ ██▒▒▒▒▒▒▒▒ ██▒▒▒▒▒▒▒▒ █▒▒▒▒▒▒▒▒▒

██▒▒▒▒▒▒▒▒ ▒▒▒▒▒▒▒▒▒▒ ▒▒▒▒▒▒▒▒▒▒ ▒▒▒▒▒▒▒▒▒▒ █▒▒▒▒▒▒▒▒▒

█▒▒▒▒▒▒▒▒▒ ███▒▒▒▒▒▒▒ █▒▒▒▒▒▒▒▒▒ ▒▒▒▒▒▒▒▒▒▒ █▒▒▒▒▒▒▒▒▒

▒▒▒▒▒▒▒▒▒▒ ▒▒▒▒▒▒▒▒▒▒ ▒▒▒▒▒▒▒▒▒▒ █▒▒▒▒▒▒▒▒▒ █▒▒▒▒▒▒▒▒▒

█▒▒▒▒▒▒▒▒▒ █▒▒▒▒▒▒▒▒▒ ▒▒▒▒▒▒▒▒▒▒ ██▒▒▒▒▒▒▒▒ ██▒▒▒▒▒▒▒▒

▒▒▒▒▒▒▒▒▒▒ ██▒▒▒▒▒▒▒▒ █▒▒▒▒▒▒▒▒▒ ▒▒▒▒▒▒▒▒▒▒ █▒▒▒▒▒▒▒▒▒

▒▒▒▒▒▒▒▒▒▒ ▒▒▒▒▒▒▒▒▒▒ ▒▒▒▒▒▒▒▒▒▒ █▒▒▒▒▒▒▒▒▒ ▒▒▒▒▒▒▒▒▒▒

███▒▒▒▒▒▒▒ █▒▒▒▒▒▒▒▒▒ █▒▒▒▒▒▒▒▒▒ █▒▒▒▒▒▒▒▒▒ █▒▒▒▒▒▒▒▒▒

█▒▒▒▒▒▒▒▒▒ █▒▒▒▒▒▒▒▒▒ █▒▒▒▒▒▒▒▒▒ ███▒▒▒▒▒▒▒ ██▒▒▒▒▒▒▒▒

▒▒▒▒▒▒▒▒▒▒ ██▒▒▒▒▒▒▒▒ ██▒▒▒▒▒▒▒▒ █▒▒▒▒▒▒▒▒▒ ▒▒▒▒▒▒▒▒▒▒

▒▒▒▒▒▒▒▒▒▒ █▒▒▒▒▒▒▒▒▒ █▒▒▒▒▒▒▒▒▒ ▒▒▒▒▒▒▒▒▒▒ █▒▒▒▒▒▒▒▒▒

▒▒▒▒▒▒▒▒▒▒ ▒▒▒▒▒▒▒▒▒▒ ▒▒▒▒▒▒▒▒▒▒ █▒▒▒▒▒▒▒▒▒ ▒▒▒▒▒▒▒▒▒▒

██▒▒▒▒▒▒▒▒ ▒▒▒▒▒▒▒▒▒▒ ▒▒▒▒▒▒▒▒▒▒ ▒▒▒▒▒▒▒▒▒▒ ▒▒▒▒▒▒▒▒▒▒

█▒▒▒▒▒▒▒▒▒ █▒▒▒▒▒▒▒▒▒ ██▒▒▒▒▒▒▒▒ ▒▒▒▒▒▒▒▒▒▒ █▒▒▒▒▒▒▒▒▒

█▒▒▒▒▒▒▒▒▒ ▒▒▒▒▒▒▒▒▒▒ ▒▒▒▒▒▒▒▒▒▒ ██▒▒▒▒▒▒▒▒ ███▒▒▒▒▒▒▒

█▒▒▒▒▒▒▒▒▒ █▒▒▒▒▒▒▒▒▒ ▒▒▒▒▒▒▒▒▒▒ ███▒▒▒▒▒▒▒ █▒▒▒▒▒▒▒▒▒

█▒▒▒▒▒▒▒▒▒ ▒▒▒▒▒▒▒▒▒▒ █▒▒▒▒▒▒▒▒▒ █▒▒▒▒▒▒▒▒▒ ▒▒▒▒▒▒▒▒▒▒

▒▒▒▒▒▒▒▒▒▒ ▒▒▒▒▒▒▒▒▒▒ ▒▒▒▒▒▒▒▒▒▒ █▒▒▒▒▒▒▒▒▒ ██▒▒▒▒▒▒▒▒

▒▒▒▒▒▒▒▒▒▒ ▒▒▒▒▒▒▒▒▒▒ ▒▒▒▒▒▒▒▒▒▒ ██▒▒▒▒▒▒▒▒ █▒▒▒▒▒▒▒▒▒

█▒▒▒▒▒▒▒▒▒ ▒▒▒▒▒▒▒▒▒▒ █▒▒▒▒▒▒▒▒▒ ▒▒▒▒▒▒▒▒▒▒ ▒▒▒▒▒▒▒▒▒▒

█▒▒▒▒▒▒▒▒▒ ██▒▒▒▒▒▒▒▒ ▒▒▒▒▒▒▒▒▒▒ █▒▒▒▒▒▒▒▒▒ █▒▒▒▒▒▒▒▒▒

▒▒▒▒▒▒▒▒▒▒ ▒▒▒▒▒▒▒▒▒▒ ▒▒▒▒▒▒▒▒▒▒ ▒▒▒▒▒▒▒▒▒▒ ██▒▒▒▒▒▒▒▒

▒▒▒▒▒▒▒▒▒▒ ▒▒▒▒▒▒▒▒▒▒ █▒▒▒▒▒▒▒▒▒ ████▒▒▒▒▒▒ █▒▒▒▒▒▒▒▒▒

█▒▒▒▒▒▒▒▒▒ ▒▒▒▒▒▒▒▒▒▒ █▒▒▒▒▒▒▒▒▒ ▒▒▒▒▒▒▒▒▒▒ ▒▒▒▒▒▒▒▒▒▒

█▒▒▒▒▒▒▒▒▒ ▒▒▒▒▒▒▒▒▒▒ █▒▒▒▒▒▒▒▒▒ ▒▒▒▒▒▒▒▒▒▒ ███▒▒▒▒▒▒▒

█▒▒▒▒▒▒▒▒▒ █▒▒▒▒▒▒▒▒▒ █▒▒▒▒▒▒▒▒▒ █▒▒▒▒▒▒▒▒▒ █▒▒▒▒▒▒▒▒▒

▒▒▒▒▒▒▒▒▒▒ ▒▒▒▒▒▒▒▒▒▒ ▒▒▒▒▒▒▒▒▒▒ ▒▒▒▒▒▒▒▒▒▒ █▒▒▒▒▒▒▒▒▒

██▒▒▒▒▒▒▒▒ ▒▒▒▒▒▒▒▒▒▒ ▒▒▒▒▒▒▒▒▒▒ █▒▒▒▒▒▒▒▒▒ ▒▒▒▒▒▒▒▒▒▒

█▒▒▒▒▒▒▒▒▒ ▒▒▒▒▒▒▒▒▒▒ ██▒▒▒▒▒▒▒▒ ▒▒▒▒▒▒▒▒▒▒ ▒▒▒▒▒▒▒▒▒▒

▒▒▒▒▒▒▒▒▒▒ █▒▒▒▒▒▒▒▒▒ ▒▒▒▒▒▒▒▒▒▒ ▒▒▒▒▒▒▒▒▒▒ ███▒▒▒▒▒▒▒

▒▒▒▒▒▒▒▒▒▒ ▒▒▒▒▒▒▒▒▒▒ █▒▒▒▒▒▒▒▒▒ ▒▒▒▒▒▒▒▒▒▒ █▒▒▒▒▒▒▒▒▒

█▒▒▒▒▒▒▒▒▒ ▒▒▒▒▒▒▒▒▒▒ █▒▒▒▒▒▒▒▒▒ ███▒▒▒▒▒▒▒ █▒▒▒▒▒▒▒▒▒

██▒▒▒▒▒▒▒▒ ▒▒▒▒▒▒▒▒▒▒ █▒▒▒▒▒▒▒▒▒ ▒▒▒▒▒▒▒▒▒▒ ██▒▒▒▒▒▒▒▒

███▒▒▒▒▒▒▒ ██▒▒▒▒▒▒▒▒ █▒▒▒▒▒▒▒▒▒ ███▒▒▒▒▒▒▒ █▒▒▒▒▒▒▒▒▒

█▒▒▒▒▒▒▒▒▒ █▒▒▒▒▒▒▒▒▒ ▒▒▒▒▒▒▒▒▒▒ ▒▒▒▒▒▒▒▒▒▒ █▒▒▒▒▒▒▒▒▒

█▒▒▒▒▒▒▒▒▒ ▒▒▒▒▒▒▒▒▒▒ ▒▒▒▒▒▒▒▒▒▒ █▒▒▒▒▒▒▒▒▒ ▒▒▒▒▒▒▒▒▒▒

▒▒▒▒▒▒▒▒▒▒ ▒▒▒▒▒▒▒▒▒▒ ██▒▒▒▒▒▒▒▒ █▒▒▒▒▒▒▒▒▒ █▒▒▒▒▒▒▒▒▒

▒▒▒▒▒▒▒▒▒▒ ▒▒▒▒▒▒▒▒▒▒ ██▒▒▒▒▒▒▒▒ ██▒▒▒▒▒▒▒▒ ▒▒▒▒▒▒▒▒▒▒

▒▒▒▒▒▒▒▒▒▒ ▒▒▒▒▒▒▒▒▒▒ ██▒▒▒▒▒▒▒▒ █▒▒▒▒▒▒▒▒▒ █▒▒▒▒▒▒▒▒▒

▒▒▒▒▒▒▒▒▒▒ ▒▒▒▒▒▒▒▒▒▒ ▒▒▒▒▒▒▒▒▒▒ █▒▒▒▒▒▒▒▒▒ █▒▒▒▒▒▒▒▒▒

█▒▒▒▒▒▒▒▒▒ ▒▒▒▒▒▒▒▒▒▒ █▒▒▒▒▒▒▒▒▒ ██▒▒▒▒▒▒▒▒ ██▒▒▒▒▒▒▒▒

█▒▒▒▒▒▒▒▒▒ ██▒▒▒▒▒▒▒▒ ▒▒▒▒▒▒▒▒▒▒ ▒▒▒▒▒▒▒▒▒▒ █▒▒▒▒▒▒▒▒▒

██▒▒▒▒▒▒▒▒ ▒▒▒▒▒▒▒▒▒▒ █▒▒▒▒▒▒▒▒▒ ▒▒▒▒▒▒▒▒▒▒ ▒▒▒▒▒▒▒▒▒▒

█▒▒▒▒▒▒▒▒▒ █▒▒▒▒▒▒▒▒▒ ▒▒▒▒▒▒▒▒▒▒ █▒▒▒▒▒▒▒▒▒ █▒▒▒▒▒▒▒▒▒

▒▒▒▒▒▒▒▒▒▒ ▒▒▒▒▒▒▒▒▒▒ ▒▒▒▒▒▒▒▒▒▒ █▒▒▒▒▒▒▒▒▒ ▒▒▒▒▒▒▒▒▒▒

██▒▒▒▒▒▒▒▒ ██▒▒▒▒▒▒▒▒ ▒▒▒▒▒▒▒▒▒▒ ██▒▒▒▒▒▒▒▒ █▒▒▒▒▒▒▒▒▒

█▒▒▒▒▒▒▒▒▒ █▒▒▒▒▒▒▒▒▒ █▒▒▒▒▒▒▒▒▒ █▒▒▒▒▒▒▒▒▒ █▒▒▒▒▒▒▒▒▒

██▒▒▒▒▒▒▒▒ ▒▒▒▒▒▒▒▒▒▒ ███▒▒▒▒▒▒▒ █▒▒▒▒▒▒▒▒▒ ▒▒▒▒▒▒▒▒▒▒

██▒▒▒▒▒▒▒▒ ▒▒▒▒▒▒▒▒▒▒ ▒▒▒▒▒▒▒▒▒▒ █▒▒▒▒▒▒▒▒▒ ▒▒▒▒▒▒▒▒▒▒

▒▒▒▒▒▒▒▒▒▒ █▒▒▒▒▒▒▒▒▒ █▒▒▒▒▒▒▒▒▒ ▒▒▒▒▒▒▒▒▒▒ ▒▒▒▒▒▒▒▒▒▒

▒▒▒▒▒▒▒▒▒▒ ▒▒▒▒▒▒▒▒▒▒ ▒▒▒▒▒▒▒▒▒▒ ▒▒▒▒▒▒▒▒▒▒ ▒▒▒▒▒▒▒▒▒▒

▒▒▒▒▒▒▒▒▒▒ ▒▒▒▒▒▒▒▒▒▒ ███▒▒▒▒▒▒▒ ▒▒▒▒▒▒▒▒▒▒ ▒▒▒▒▒▒▒▒▒▒

▒▒▒▒▒▒▒▒▒▒ ██▒▒▒▒▒▒▒▒ ▒▒▒▒▒▒▒▒▒▒ ██▒▒▒▒▒▒▒▒ ███▒▒▒▒▒▒▒

▒▒▒▒▒▒▒▒▒▒ ███▒▒▒▒▒▒▒ ▒▒▒▒▒▒▒▒▒▒ █▒▒▒▒▒▒▒▒▒ ▒▒▒▒▒▒▒▒▒▒

█▒▒▒▒▒▒▒▒▒ █▒▒▒▒▒▒▒▒▒ █▒▒▒▒▒▒▒▒▒ █▒▒▒▒▒▒▒▒▒ ▒▒▒▒▒▒▒▒▒▒

▒▒▒▒▒▒▒▒▒▒ ██▒▒▒▒▒▒▒▒ █▒▒▒▒▒▒▒▒▒ ▒▒▒▒▒▒▒▒▒▒ ██▒▒▒▒▒▒▒▒

█▒▒▒▒▒▒▒▒▒ ▒▒▒▒▒▒▒▒▒▒ ▒▒▒▒▒▒▒▒▒▒ ▒▒▒▒▒▒▒▒▒▒ ▒▒▒▒▒▒▒▒▒▒

▒▒▒▒▒▒▒▒▒▒ █▒▒▒▒▒▒▒▒▒ ██▒▒▒▒▒▒▒▒ ▒▒▒▒▒▒▒▒▒▒ ▒▒▒▒▒▒▒▒▒▒

▒▒▒▒▒▒▒▒▒▒ ▒▒▒▒▒▒▒▒▒▒ █▒▒▒▒▒▒▒▒▒ █▒▒▒▒▒▒▒▒▒ ▒▒▒▒▒▒▒▒▒▒

▒▒▒▒▒▒▒▒▒▒ ▒▒▒▒▒▒▒▒▒▒ █▒▒▒▒▒▒▒▒▒ ▒▒▒▒▒▒▒▒▒▒ ▒▒▒▒▒▒▒▒▒▒

▒▒▒▒▒▒▒▒▒▒ ███▒▒▒▒▒▒▒ ▒▒▒▒▒▒▒▒▒▒ █▒▒▒▒▒▒▒▒▒ ██▒▒▒▒▒▒▒▒

▒▒▒▒▒▒▒▒▒▒ █▒▒▒▒▒▒▒▒▒ █▒▒▒▒▒▒▒▒▒ █▒▒▒▒▒▒▒▒▒ ██▒▒▒▒▒▒▒▒

▒▒▒▒▒▒▒▒▒▒ ▒▒▒▒▒▒▒▒▒▒ ██▒▒▒▒▒▒▒▒ ▒▒▒▒▒▒▒▒▒▒ ▒▒▒▒▒▒▒▒▒▒

█▒▒▒▒▒▒▒▒▒ █▒▒▒▒▒▒▒▒▒ ███▒▒▒▒▒▒▒ ██▒▒▒▒▒▒▒▒ ███▒▒▒▒▒▒▒

▒▒▒▒▒▒▒▒▒▒ █▒▒▒▒▒▒▒▒▒ █▒▒▒▒▒▒▒▒▒ ██▒▒▒▒▒▒▒▒ ▒▒▒▒▒▒▒▒▒▒

▒▒▒▒▒▒▒▒▒▒ ██▒▒▒▒▒▒▒▒ ██▒▒▒▒▒▒▒▒ █▒▒▒▒▒▒▒▒▒ █▒▒▒▒▒▒▒▒▒

▒▒▒▒▒▒▒▒▒▒ ▒▒▒▒▒▒▒▒▒▒ ▒▒▒▒▒▒▒▒▒▒ █▒▒▒▒▒▒▒▒▒ █▒▒▒▒▒▒▒▒▒

▒▒▒▒▒▒▒▒▒▒ ▒▒▒▒▒▒▒▒▒▒ █▒▒▒▒▒▒▒▒▒ ▒▒▒▒▒▒▒▒▒▒ ▒▒▒▒▒▒▒▒▒▒

▒▒▒▒▒▒▒▒▒▒ █▒▒▒▒▒▒▒▒▒ █▒▒▒▒▒▒▒▒▒ █▒▒▒▒▒▒▒▒▒ ▒▒▒▒▒▒▒▒▒▒

▒▒▒▒▒▒▒▒▒▒ █▒▒▒▒▒▒▒▒▒ █▒▒▒▒▒▒▒▒▒ ▒▒▒▒▒▒▒▒▒▒ █▒▒▒▒▒▒▒▒▒

█▒▒▒▒▒▒▒▒▒ ▒▒▒▒▒▒▒▒▒▒ ███▒▒▒▒▒▒▒ ▒▒▒▒▒▒▒▒▒▒ ██▒▒▒▒▒▒▒▒

███▒▒▒▒▒▒▒ ▒▒▒▒▒▒▒▒▒▒ ▒▒▒▒▒▒▒▒▒▒ ▒▒▒▒▒▒▒▒▒▒ █▒▒▒▒▒▒▒▒▒

▒▒▒▒▒▒▒▒▒▒ █▒▒▒▒▒▒▒▒▒ ▒▒▒▒▒▒▒▒▒▒ ▒▒▒▒▒▒▒▒▒▒ ▒▒▒▒▒▒▒▒▒▒

▒▒▒▒▒▒▒▒▒▒ ▒▒▒▒▒▒▒▒▒▒ ▒▒▒▒▒▒▒▒▒▒ ▒▒▒▒▒▒▒▒▒▒ ▒▒▒▒▒▒▒▒▒▒

█▒▒▒▒▒▒▒▒▒ ███▒▒▒▒▒▒▒ █▒▒▒▒▒▒▒▒▒ ▒▒▒▒▒▒▒▒▒▒ █▒▒▒▒▒▒▒▒▒

▒▒▒▒▒▒▒▒▒▒ █▒▒▒▒▒▒▒▒▒ ▒▒▒▒▒▒▒▒▒▒ ▒▒▒▒▒▒▒▒▒▒ █▒▒▒▒▒▒▒▒▒

▒▒▒▒▒▒▒▒▒▒ █▒▒▒▒▒▒▒▒▒ ██▒▒▒▒▒▒▒▒ ██▒▒▒▒▒▒▒▒ ██▒▒▒▒▒▒▒▒

▒▒▒▒▒▒▒▒▒▒ █▒▒▒▒▒▒▒▒▒ ██▒▒▒▒▒▒▒▒ █▒▒▒▒▒▒▒▒▒ ▒▒▒▒▒▒▒▒▒▒

██▒▒▒▒▒▒▒▒ ▒▒▒▒▒▒▒▒▒▒ ▒▒▒▒▒▒▒▒▒▒ █▒▒▒▒▒▒▒▒▒ ▒▒▒▒▒▒▒▒▒▒

██▒▒▒▒▒▒▒▒ ▒▒▒▒▒▒▒▒▒▒ ▒▒▒▒▒▒▒▒▒▒ ██▒▒▒▒▒▒▒▒ ▒▒▒▒▒▒▒▒▒▒

█▒▒▒▒▒▒▒▒▒ ▒▒▒▒▒▒▒▒▒▒ ▒▒▒▒▒▒▒▒▒▒ █▒▒▒▒▒▒▒▒▒ ███▒▒▒▒▒▒▒

█▒▒▒▒▒▒▒▒▒ ▒▒▒▒▒▒▒▒▒▒ ▒▒▒▒▒▒▒▒▒▒ ▒▒▒▒▒▒▒▒▒▒ █▒▒▒▒▒▒▒▒▒

▒▒▒▒▒▒▒▒▒▒ █▒▒▒▒▒▒▒▒▒ ▒▒▒▒▒▒▒▒▒▒ ██▒▒▒▒▒▒▒▒ █▒▒▒▒▒▒▒▒▒

▒▒▒▒▒▒▒▒▒▒ ▒▒▒▒▒▒▒▒▒▒ █▒▒▒▒▒▒▒▒▒ █▒▒▒▒▒▒▒▒▒ █▒▒▒▒▒▒▒▒▒

▒▒▒▒▒▒▒▒▒▒ ██▒▒▒▒▒▒▒▒ ▒▒▒▒▒▒▒▒▒▒ ██▒▒▒▒▒▒▒▒ █▒▒▒▒▒▒▒▒▒

█▒▒▒▒▒▒▒▒▒ ▒▒▒▒▒▒▒▒▒▒ █▒▒▒▒▒▒▒▒▒ ██▒▒▒▒▒▒▒▒ ▒▒▒▒▒▒▒▒▒▒

▒▒▒▒▒▒▒▒▒▒ ▒▒▒▒▒▒▒▒▒▒ ▒▒▒▒▒▒▒▒▒▒ █▒▒▒▒▒▒▒▒▒ █▒▒▒▒▒▒▒▒▒

█▒▒▒▒▒▒▒▒▒ ▒▒▒▒▒▒▒▒▒▒ █▒▒▒▒▒▒▒▒▒ ▒▒▒▒▒▒▒▒▒▒ ▒▒▒▒▒▒▒▒▒▒

██▒▒▒▒▒▒▒▒ ▒▒▒▒▒▒▒▒▒▒ ███▒▒▒▒▒▒▒ █▒▒▒▒▒▒▒▒▒ ▒▒▒▒▒▒▒▒▒▒

▒▒▒▒▒▒▒▒▒▒ ▒▒▒▒▒▒▒▒▒▒ ▒▒▒▒▒▒▒▒▒▒ ▒▒▒▒▒▒▒▒▒▒ ▒▒▒▒▒▒▒▒▒▒

█▒▒▒▒▒▒▒▒▒ ██▒▒▒▒▒▒▒▒ ▒▒▒▒▒▒▒▒▒▒ ▒▒▒▒▒▒▒▒▒▒ ▒▒▒▒▒▒▒▒▒▒

▒▒▒▒▒▒▒▒▒▒ ▒▒▒▒▒▒▒▒▒▒ ██▒▒▒▒▒▒▒▒ ███▒▒▒▒▒▒▒ ▒▒▒▒▒▒▒▒▒▒

▒▒▒▒▒▒▒▒▒▒ █▒▒▒▒▒▒▒▒▒ ▒▒▒▒▒▒▒▒▒▒ ▒▒▒▒▒▒▒▒▒▒ █▒▒▒▒▒▒▒▒▒

█▒▒▒▒▒▒▒▒▒ ▒▒▒▒▒▒▒▒▒▒ ▒▒▒▒▒▒▒▒▒▒ ▒▒▒▒▒▒▒▒▒▒ ▒▒▒▒▒▒▒▒▒▒

███▒▒▒▒▒▒▒ █▒▒▒▒▒▒▒▒▒ ▒▒▒▒▒▒▒▒▒▒ ▒▒▒▒▒▒▒▒▒▒ ▒▒▒▒▒▒▒▒▒▒

▒▒▒▒▒▒▒▒▒▒ ▒▒▒▒▒▒▒▒▒▒ █▒▒▒▒▒▒▒▒▒ █▒▒▒▒▒▒▒▒▒ ▒▒▒▒▒▒▒▒▒▒

▒▒▒▒▒▒▒▒▒▒ █▒▒▒▒▒▒▒▒▒ ██▒▒▒▒▒▒▒▒ ▒▒▒▒▒▒▒▒▒▒ ██▒▒▒▒▒▒▒▒

█▒▒▒▒▒▒▒▒▒ ▒▒▒▒▒▒▒▒▒▒ ▒▒▒▒▒▒▒▒▒▒ ██▒▒▒▒▒▒▒▒ ▒▒▒▒▒▒▒▒▒▒

█▒▒▒▒▒▒▒▒▒ █▒▒▒▒▒▒▒▒▒ ▒▒▒▒▒▒▒▒▒▒ ▒▒▒▒▒▒▒▒▒▒ ▒▒▒▒▒▒▒▒▒▒

█▒▒▒▒▒▒▒▒▒ ██▒▒▒▒▒▒▒▒ ██▒▒▒▒▒▒▒▒ ▒▒▒▒▒▒▒▒▒▒ █▒▒▒▒▒▒▒▒▒

█▒▒▒▒▒▒▒▒▒ ▒▒▒▒▒▒▒▒▒▒ █▒▒▒▒▒▒▒▒▒ ▒▒▒▒▒▒▒▒▒▒ █▒▒▒▒▒▒▒▒▒

▒▒▒▒▒▒▒▒▒▒ ███▒▒▒▒▒▒▒ █▒▒▒▒▒▒▒▒▒ ▒▒▒▒▒▒▒▒▒▒ █▒▒▒▒▒▒▒▒▒

█▒▒▒▒▒▒▒▒▒ ██▒▒▒▒▒▒▒▒ ▒▒▒▒▒▒▒▒▒▒ ██▒▒▒▒▒▒▒▒ ▒▒▒▒▒▒▒▒▒▒

█▒▒▒▒▒▒▒▒▒ █▒▒▒▒▒▒▒▒▒ █▒▒▒▒▒▒▒▒▒ █▒▒▒▒▒▒▒▒▒ █▒▒▒▒▒▒▒▒▒

▒▒▒▒▒▒▒▒▒▒ ▒▒▒▒▒▒▒▒▒▒ ▒▒▒▒▒▒▒▒▒▒ ▒▒▒▒▒▒▒▒▒▒ ▒▒▒▒▒▒▒▒▒▒

█▒▒▒▒▒▒▒▒▒ █▒▒▒▒▒▒▒▒▒ █▒▒▒▒▒▒▒▒▒ ▒▒▒▒▒▒▒▒▒▒ ▒▒▒▒▒▒▒▒▒▒

▒▒▒▒▒▒▒▒▒▒ ██▒▒▒▒▒▒▒▒ █▒▒▒▒▒▒▒▒▒ ▒▒▒▒▒▒▒▒▒▒ █▒▒▒▒▒▒▒▒▒

▒▒▒▒▒▒▒▒▒▒ ▒▒▒▒▒▒▒▒▒▒ █▒▒▒▒▒▒▒▒▒ ██▒▒▒▒▒▒▒▒ █▒▒▒▒▒▒▒▒▒

▒▒▒▒▒▒▒▒▒▒ █▒▒▒▒▒▒▒▒▒ ▒▒▒▒▒▒▒▒▒▒ ██▒▒▒▒▒▒▒▒ ▒▒▒▒▒▒▒▒▒▒

█▒▒▒▒▒▒▒▒▒ ▒▒▒▒▒▒▒▒▒▒ █▒▒▒▒▒▒▒▒▒ ▒▒▒▒▒▒▒▒▒▒ ▒▒▒▒▒▒▒▒▒▒

▒▒▒▒▒▒▒▒▒▒ ▒▒▒▒▒▒▒▒▒▒ █▒▒▒▒▒▒▒▒▒ █▒▒▒▒▒▒▒▒▒ ██▒▒▒▒▒▒▒▒

█▒▒▒▒▒▒▒▒▒ ▒▒▒▒▒▒▒▒▒▒ ▒▒▒▒▒▒▒▒▒▒ ▒▒▒▒▒▒▒▒▒▒ ▒▒▒▒▒▒▒▒▒▒

█▒▒▒▒▒▒▒▒▒ ██▒▒▒▒▒▒▒▒ ███▒▒▒▒▒▒▒ █▒▒▒▒▒▒▒▒▒ ██▒▒▒▒▒▒▒▒

█▒▒▒▒▒▒▒▒▒ █▒▒▒▒▒▒▒▒▒ ▒▒▒▒▒▒▒▒▒▒ ▒▒▒▒▒▒▒▒▒▒ ██▒▒▒▒▒▒▒▒

██▒▒▒▒▒▒▒▒ ▒▒▒▒▒▒▒▒▒▒ ▒▒▒▒▒▒▒▒▒▒ ▒▒▒▒▒▒▒▒▒▒ ██▒▒▒▒▒▒▒▒

██▒▒▒▒▒▒▒▒ ▒▒▒▒▒▒▒▒▒▒ █▒▒▒▒▒▒▒▒▒ ▒▒▒▒▒▒▒▒▒▒ █▒▒▒▒▒▒▒▒▒

▒▒▒▒▒▒▒▒▒▒ ▒▒▒▒▒▒▒▒▒▒ ▒▒▒▒▒▒▒▒▒▒ ▒▒▒▒▒▒▒▒▒▒ █▒▒▒▒▒▒▒▒▒

█▒▒▒▒▒▒▒▒▒ ▒▒▒▒▒▒▒▒▒▒ ▒▒▒▒▒▒▒▒▒▒ ██▒▒▒▒▒▒▒▒ ▒▒▒▒▒▒▒▒▒▒

█▒▒▒▒▒▒▒▒▒ ▒▒▒▒▒▒▒▒▒▒ █▒▒▒▒▒▒▒▒▒ ▒▒▒▒▒▒▒▒▒▒ █▒▒▒▒▒▒▒▒▒

████▒▒▒▒▒▒ █▒▒▒▒▒▒▒▒▒ ██▒▒▒▒▒▒▒▒ ▒▒▒▒▒▒▒▒▒▒ █▒▒▒▒▒▒▒▒▒

▒▒▒▒▒▒▒▒▒▒ █▒▒▒▒▒▒▒▒▒ █▒▒▒▒▒▒▒▒▒ ▒▒▒▒▒▒▒▒▒▒ ▒▒▒▒▒▒▒▒▒▒

███▒▒▒▒▒▒▒ █▒▒▒▒▒▒▒▒▒ ▒▒▒▒▒▒▒▒▒▒ ▒▒▒▒▒▒▒▒▒▒ ███▒▒▒▒▒▒▒

█▒▒▒▒▒▒▒▒▒ █▒▒▒▒▒▒▒▒▒ ▒▒▒▒▒▒▒▒▒▒ ▒▒▒▒▒▒▒▒▒▒ █▒▒▒▒▒▒▒▒▒

█▒▒▒▒▒▒▒▒▒ ▒▒▒▒▒▒▒▒▒▒ ▒▒▒▒▒▒▒▒▒▒ █▒▒▒▒▒▒▒▒▒ ██▒▒▒▒▒▒▒▒

▒▒▒▒▒▒▒▒▒▒ ▒▒▒▒▒▒▒▒▒▒ ▒▒▒▒▒▒▒▒▒▒ ▒▒▒▒▒▒▒▒▒▒ ▒▒▒▒▒▒▒▒▒▒

▒▒▒▒▒▒▒▒▒▒ ▒▒▒▒▒▒▒▒▒▒ █▒▒▒▒▒▒▒▒▒ ██▒▒▒▒▒▒▒▒ ███▒▒▒▒▒▒▒

▒▒▒▒▒▒▒▒▒▒ ▒▒▒▒▒▒▒▒▒▒ ▒▒▒▒▒▒▒▒▒▒ ▒▒▒▒▒▒▒▒▒▒ ▒▒▒▒▒▒▒▒▒▒

█▒▒▒▒▒▒▒▒▒ █▒▒▒▒▒▒▒▒▒ ██▒▒▒▒▒▒▒▒ ▒▒▒▒▒▒▒▒▒▒ █▒▒▒▒▒▒▒▒▒

█▒▒▒▒▒▒▒▒▒ ▒▒▒▒▒▒▒▒▒▒ ▒▒▒▒▒▒▒▒▒▒ ▒▒▒▒▒▒▒▒▒▒ ▒▒▒▒▒▒▒▒▒▒

▒▒▒▒▒▒▒▒▒▒ ██▒▒▒▒▒▒▒▒ ▒▒▒▒▒▒▒▒▒▒ █▒▒▒▒▒▒▒▒▒ ██▒▒▒▒▒▒▒▒

▒▒▒▒▒▒▒▒▒▒ ██▒▒▒▒▒▒▒▒ █▒▒▒▒▒▒▒▒▒ ███▒▒▒▒▒▒▒ █▒▒▒▒▒▒▒▒▒

█▒▒▒▒▒▒▒▒▒ █▒▒▒▒▒▒▒▒▒ ▒▒▒▒▒▒▒▒▒▒ ██▒▒▒▒▒▒▒▒ ▒▒▒▒▒▒▒▒▒▒

██▒▒▒▒▒▒▒▒ ▒▒▒▒▒▒▒▒▒▒ ██▒▒▒▒▒▒▒▒ ▒▒▒▒▒▒▒▒▒▒ ██▒▒▒▒▒▒▒▒

█▒▒▒▒▒▒▒▒▒ ▒▒▒▒▒▒▒▒▒▒ █▒▒▒▒▒▒▒▒▒ █▒▒▒▒▒▒▒▒▒ █▒▒▒▒▒▒▒▒▒

██▒▒▒▒▒▒▒▒ █▒▒▒▒▒▒▒▒▒ ▒▒▒▒▒▒▒▒▒▒ ▒▒▒▒▒▒▒▒▒▒ █▒▒▒▒▒▒▒▒▒

███▒▒▒▒▒▒▒ █▒▒▒▒▒▒▒▒▒ ▒▒▒▒▒▒▒▒▒▒ ▒▒▒▒▒▒▒▒▒▒ █▒▒▒▒▒▒▒▒▒

█▒▒▒▒▒▒▒▒▒ ███▒▒▒▒▒▒▒ ▒▒▒▒▒▒▒▒▒▒ █▒▒▒▒▒▒▒▒▒ ██▒▒▒▒▒▒▒▒

█▒▒▒▒▒▒▒▒▒ ▒▒▒▒▒▒▒▒▒▒ ▒▒▒▒▒▒▒▒▒▒ ▒▒▒▒▒▒▒▒▒▒ █▒▒▒▒▒▒▒▒▒

▒▒▒▒▒▒▒▒▒▒ ▒▒▒▒▒▒▒▒▒▒ ▒▒▒▒▒▒▒▒▒▒ ███▒▒▒▒▒▒▒ ▒▒▒▒▒▒▒▒▒▒

▒▒▒▒▒▒▒▒▒▒ █▒▒▒▒▒▒▒▒▒ ▒▒▒▒▒▒▒▒▒▒ █▒▒▒▒▒▒▒▒▒ ▒▒▒▒▒▒▒▒▒▒

▒▒▒▒▒▒▒▒▒▒ ▒▒▒▒▒▒▒▒▒▒ █▒▒▒▒▒▒▒▒▒ █▒▒▒▒▒▒▒▒▒ █▒▒▒▒▒▒▒▒▒

█▒▒▒▒▒▒▒▒▒ █▒▒▒▒▒▒▒▒▒ ▒▒▒▒▒▒▒▒▒▒ █▒▒▒▒▒▒▒▒▒ ▒▒▒▒▒▒▒▒▒▒

█▒▒▒▒▒▒▒▒▒ ██▒▒▒▒▒▒▒▒ ▒▒▒▒▒▒▒▒▒▒ █▒▒▒▒▒▒▒▒▒ ▒▒▒▒▒▒▒▒▒▒

█▒▒▒▒▒▒▒▒▒ ██▒▒▒▒▒▒▒▒ ▒▒▒▒▒▒▒▒▒▒ █▒▒▒▒▒▒▒▒▒ ▒▒▒▒▒▒▒▒▒▒

█▒▒▒▒▒▒▒▒▒ ██▒▒▒▒▒▒▒▒ █▒▒▒▒▒▒▒▒▒ ▒▒▒▒▒▒▒▒▒▒ █▒▒▒▒▒▒▒▒▒

▒▒▒▒▒▒▒▒▒▒ ▒▒▒▒▒▒▒▒▒▒ █▒▒▒▒▒▒▒▒▒ █▒▒▒▒▒▒▒▒▒ ██▒▒▒▒▒▒▒▒

█▒▒▒▒▒▒▒▒▒ █▒▒▒▒▒▒▒▒▒ █▒▒▒▒▒▒▒▒▒ ▒▒▒▒▒▒▒▒▒▒ █▒▒▒▒▒▒▒▒▒

▒▒▒▒▒▒▒▒▒▒ ▒▒▒▒▒▒▒▒▒▒ ██▒▒▒▒▒▒▒▒ ▒▒▒▒▒▒▒▒▒▒ ▒▒▒▒▒▒▒▒▒▒

▒▒▒▒▒▒▒▒▒▒ █▒▒▒▒▒▒▒▒▒ ▒▒▒▒▒▒▒▒▒▒ ██▒▒▒▒▒▒▒▒ █▒▒▒▒▒▒▒▒▒

▒▒▒▒▒▒▒▒▒▒ ▒▒▒▒▒▒▒▒▒▒ ▒▒▒▒▒▒▒▒▒▒ █▒▒▒▒▒▒▒▒▒ ▒▒▒▒▒▒▒▒▒▒

▒▒▒▒▒▒▒▒▒▒ ▒▒▒▒▒▒▒▒▒▒ ▒▒▒▒▒▒▒▒▒▒ █▒▒▒▒▒▒▒▒▒ ▒▒▒▒▒▒▒▒▒▒

█▒▒▒▒▒▒▒▒▒ █▒▒▒▒▒▒▒▒▒ ██▒▒▒▒▒▒▒▒ █▒▒▒▒▒▒▒▒▒ ██▒▒▒▒▒▒▒▒

▒▒▒▒▒▒▒▒▒▒ ███▒▒▒▒▒▒▒ █▒▒▒▒▒▒▒▒▒ ▒▒▒▒▒▒▒▒▒▒ ██▒▒▒▒▒▒▒▒

█▒▒▒▒▒▒▒▒▒ █▒▒▒▒▒▒▒▒▒ █▒▒▒▒▒▒▒▒▒ ███▒▒▒▒▒▒▒ █▒▒▒▒▒▒▒▒▒

▒▒▒▒▒▒▒▒▒▒ ██▒▒▒▒▒▒▒▒ █▒▒▒▒▒▒▒▒▒ █▒▒▒▒▒▒▒▒▒ ▒▒▒▒▒▒▒▒▒▒

██▒▒▒▒▒▒▒▒ ▒▒▒▒▒▒▒▒▒▒ ██▒▒▒▒▒▒▒▒ █▒▒▒▒▒▒▒▒▒ █▒▒▒▒▒▒▒▒▒

▒▒▒▒▒▒▒▒▒▒ ██▒▒▒▒▒▒▒▒ ▒▒▒▒▒▒▒▒▒▒ ▒▒▒▒▒▒▒▒▒▒ ▒▒▒▒▒▒▒▒▒▒

██▒▒▒▒▒▒▒▒ █▒▒▒▒▒▒▒▒▒ ▒▒▒▒▒▒▒▒▒▒ ██▒▒▒▒▒▒▒▒ █▒▒▒▒▒▒▒▒▒

██▒▒▒▒▒▒▒▒ ▒▒▒▒▒▒▒▒▒▒ ██▒▒▒▒▒▒▒▒ ▒▒▒▒▒▒▒▒▒▒ █▒▒▒▒▒▒▒▒▒

█▒▒▒▒▒▒▒▒▒ ▒▒▒▒▒▒▒▒▒▒ ▒▒▒▒▒▒▒▒▒▒ ▒▒▒▒▒▒▒▒▒▒ █▒▒▒▒▒▒▒▒▒

█▒▒▒▒▒▒▒▒▒ █▒▒▒▒▒▒▒▒▒ █▒▒▒▒▒▒▒▒▒ ▒▒▒▒▒▒▒▒▒▒ ▒▒▒▒▒▒▒▒▒▒

█▒▒▒▒▒▒▒▒▒ █▒▒▒▒▒▒▒▒▒ ▒▒▒▒▒▒▒▒▒▒ █▒▒▒▒▒▒▒▒▒ █▒▒▒▒▒▒▒▒▒

▒▒▒▒▒▒▒▒▒▒ ██▒▒▒▒▒▒▒▒ ██▒▒▒▒▒▒▒▒ ▒▒▒▒▒▒▒▒▒▒ █▒▒▒▒▒▒▒▒▒

███▒▒▒▒▒▒▒ ▒▒▒▒▒▒▒▒▒▒ ▒▒▒▒▒▒▒▒▒▒ ██▒▒▒▒▒▒▒▒ ▒▒▒▒▒▒▒▒▒▒

█▒▒▒▒▒▒▒▒▒ █▒▒▒▒▒▒▒▒▒ ██▒▒▒▒▒▒▒▒ ██▒▒▒▒▒▒▒▒ █▒▒▒▒▒▒▒▒▒

▒▒▒▒▒▒▒▒▒▒ ███▒▒▒▒▒▒▒ █▒▒▒▒▒▒▒▒▒ ██▒▒▒▒▒▒▒▒ █▒▒▒▒▒▒▒▒▒

▒▒▒▒▒▒▒▒▒▒ █▒▒▒▒▒▒▒▒▒ ▒▒▒▒▒▒▒▒▒▒ ▒▒▒▒▒▒▒▒▒▒ ▒▒▒▒▒▒▒▒▒▒

▒▒▒▒▒▒▒▒▒▒ ██▒▒▒▒▒▒▒▒ █▒▒▒▒▒▒▒▒▒ ██▒▒▒▒▒▒▒▒ █▒▒▒▒▒▒▒▒▒

██▒▒▒▒▒▒▒▒ ▒▒▒▒▒▒▒▒▒▒ ▒▒▒▒▒▒▒▒▒▒ █▒▒▒▒▒▒▒▒▒ ▒▒▒▒▒▒▒▒▒▒

█▒▒▒▒▒▒▒▒▒ █▒▒▒▒▒▒▒▒▒ █▒▒▒▒▒▒▒▒▒ ▒▒▒▒▒▒▒▒▒▒ ▒▒▒▒▒▒▒▒▒▒

█▒▒▒▒▒▒▒▒▒ █▒▒▒▒▒▒▒▒▒ █████▒▒▒▒▒ ▒▒▒▒▒▒▒▒▒▒ ██▒▒▒▒▒▒▒▒

▒▒▒▒▒▒▒▒▒▒ █▒▒▒▒▒▒▒▒▒ ▒▒▒▒▒▒▒▒▒▒ ▒▒▒▒▒▒▒▒▒▒ ██▒▒▒▒▒▒▒▒

▒▒▒▒▒▒▒▒▒▒ █▒▒▒▒▒▒▒▒▒ █▒▒▒▒▒▒▒▒▒ ▒▒▒▒▒▒▒▒▒▒ █▒▒▒▒▒▒▒▒▒

▒▒▒▒▒▒▒▒▒▒ ▒▒▒▒▒▒▒▒▒▒ █▒▒▒▒▒▒▒▒▒ ▒▒▒▒▒▒▒▒▒▒ ▒▒▒▒▒▒▒▒▒▒

███▒▒▒▒▒▒▒ ██▒▒▒▒▒▒▒▒ ███▒▒▒▒▒▒▒ ▒▒▒▒▒▒▒▒▒▒ ▒▒▒▒▒▒▒▒▒▒

██▒▒▒▒▒▒▒▒ ██▒▒▒▒▒▒▒▒ ▒▒▒▒▒▒▒▒▒▒ █▒▒▒▒▒▒▒▒▒ █▒▒▒▒▒▒▒▒▒

█▒▒▒▒▒▒▒▒▒ ▒▒▒▒▒▒▒▒▒▒ █▒▒▒▒▒▒▒▒▒ ▒▒▒▒▒▒▒▒▒▒ ▒▒▒▒▒▒▒▒▒▒

█▒▒▒▒▒▒▒▒▒ █▒▒▒▒▒▒▒▒▒ ▒▒▒▒▒▒▒▒▒▒ ███▒▒▒▒▒▒▒ █▒▒▒▒▒▒▒▒▒

▒▒▒▒▒▒▒▒▒▒ █▒▒▒▒▒▒▒▒▒ ▒▒▒▒▒▒▒▒▒▒ █▒▒▒▒▒▒▒▒▒ ▒▒▒▒▒▒▒▒▒▒

▒▒▒▒▒▒▒▒▒▒ ▒▒▒▒▒▒▒▒▒▒ ▒▒▒▒▒▒▒▒▒▒ ██▒▒▒▒▒▒▒▒ █▒▒▒▒▒▒▒▒▒

▒▒▒▒▒▒▒▒▒▒ ▒▒▒▒▒▒▒▒▒▒ █▒▒▒▒▒▒▒▒▒ ▒▒▒▒▒▒▒▒▒▒ █▒▒▒▒▒▒▒▒▒

█▒▒▒▒▒▒▒▒▒ █▒▒▒▒▒▒▒▒▒ ▒▒▒▒▒▒▒▒▒▒ ▒▒▒▒▒▒▒▒▒▒ ██▒▒▒▒▒▒▒▒

██▒▒▒▒▒▒▒▒ █▒▒▒▒▒▒▒▒▒ ▒▒▒▒▒▒▒▒▒▒ █▒▒▒▒▒▒▒▒▒ ▒▒▒▒▒▒▒▒▒▒

▒▒▒▒▒▒▒▒▒▒ █▒▒▒▒▒▒▒▒▒ ▒▒▒▒▒▒▒▒▒▒ █▒▒▒▒▒▒▒▒▒ █▒▒▒▒▒▒▒▒▒

█▒▒▒▒▒▒▒▒▒ ▒▒▒▒▒▒▒▒▒▒ █▒▒▒▒▒▒▒▒▒ ▒▒▒▒▒▒▒▒▒▒ ▒▒▒▒▒▒▒▒▒▒

█▒▒▒▒▒▒▒▒▒ ▒▒▒▒▒▒▒▒▒▒ ▒▒▒▒▒▒▒▒▒▒ ▒▒▒▒▒▒▒▒▒▒ ██▒▒▒▒▒▒▒▒

▒▒▒▒▒▒▒▒▒▒ ██▒▒▒▒▒▒▒▒ ▒▒▒▒▒▒▒▒▒▒ ▒▒▒▒▒▒▒▒▒▒ ▒▒▒▒▒▒▒▒▒▒

▒▒▒▒▒▒▒▒▒▒ ▒▒▒▒▒▒▒▒▒▒ ██▒▒▒▒▒▒▒▒ ▒▒▒▒▒▒▒▒▒▒ ▒▒▒▒▒▒▒▒▒▒

█▒▒▒▒▒▒▒▒▒ █▒▒▒▒▒▒▒▒▒ ▒▒▒▒▒▒▒▒▒▒ ████▒▒▒▒▒▒ █▒▒▒▒▒▒▒▒▒

█▒▒▒▒▒▒▒▒▒ ▒▒▒▒▒▒▒▒▒▒ ▒▒▒▒▒▒▒▒▒▒ █▒▒▒▒▒▒▒▒▒ ███▒▒▒▒▒▒▒

█▒▒▒▒▒▒▒▒▒ ▒▒▒▒▒▒▒▒▒▒ ██▒▒▒▒▒▒▒▒ ███▒▒▒▒▒▒▒ ▒▒▒▒▒▒▒▒▒▒

██▒▒▒▒▒▒▒▒ ▒▒▒▒▒▒▒▒▒▒ ▒▒▒▒▒▒▒▒▒▒ █▒▒▒▒▒▒▒▒▒ █▒▒▒▒▒▒▒▒▒

▒▒▒▒▒▒▒▒▒▒ ▒▒▒▒▒▒▒▒▒▒ ▒▒▒▒▒▒▒▒▒▒ ████▒▒▒▒▒▒ █▒▒▒▒▒▒▒▒▒

▒▒▒▒▒▒▒▒▒▒ █▒▒▒▒▒▒▒▒▒ ▒▒▒▒▒▒▒▒▒▒ ██▒▒▒▒▒▒▒▒ ▒▒▒▒▒▒▒▒▒▒

██▒▒▒▒▒▒▒▒ █▒▒▒▒▒▒▒▒▒ ███▒▒▒▒▒▒▒ █▒▒▒▒▒▒▒▒▒ ▒▒▒▒▒▒▒▒▒▒

█▒▒▒▒▒▒▒▒▒ █▒▒▒▒▒▒▒▒▒ ▒▒▒▒▒▒▒▒▒▒ ▒▒▒▒▒▒▒▒▒▒ ▒▒▒▒▒▒▒▒▒▒

█▒▒▒▒▒▒▒▒▒ █▒▒▒▒▒▒▒▒▒ ███▒▒▒▒▒▒▒ ██▒▒▒▒▒▒▒▒ ██▒▒▒▒▒▒▒▒

██▒▒▒▒▒▒▒▒ ██▒▒▒▒▒▒▒▒ █▒▒▒▒▒▒▒▒▒ █▒▒▒▒▒▒▒▒▒ █▒▒▒▒▒▒▒▒▒

██▒▒▒▒▒▒▒▒ ███▒▒▒▒▒▒▒ ▒▒▒▒▒▒▒▒▒▒ ██▒▒▒▒▒▒▒▒ █▒▒▒▒▒▒▒▒▒

▒▒▒▒▒▒▒▒▒▒ █▒▒▒▒▒▒▒▒▒ ▒▒▒▒▒▒▒▒▒▒ ▒▒▒▒▒▒▒▒▒▒ ██▒▒▒▒▒▒▒▒

▒▒▒▒▒▒▒▒▒▒ █▒▒▒▒▒▒▒▒▒ █▒▒▒▒▒▒▒▒▒ █▒▒▒▒▒▒▒▒▒ █▒▒▒▒▒▒▒▒▒

▒▒▒▒▒▒▒▒▒▒ ▒▒▒▒▒▒▒▒▒▒ █▒▒▒▒▒▒▒▒▒ ███▒▒▒▒▒▒▒ ▒▒▒▒▒▒▒▒▒▒

██▒▒▒▒▒▒▒▒ █▒▒▒▒▒▒▒▒▒ ▒▒▒▒▒▒▒▒▒▒ ▒▒▒▒▒▒▒▒▒▒ ▒▒▒▒▒▒▒▒▒▒

▒▒▒▒▒▒▒▒▒▒ █▒▒▒▒▒▒▒▒▒ ▒▒▒▒▒▒▒▒▒▒ ▒▒▒▒▒▒▒▒▒▒ █▒▒▒▒▒▒▒▒▒

▒▒▒▒▒▒▒▒▒▒ █▒▒▒▒▒▒▒▒▒ ██▒▒▒▒▒▒▒▒ ▒▒▒▒▒▒▒▒▒▒ ██▒▒▒▒▒▒▒▒

▒▒▒▒▒▒▒▒▒▒ ██▒▒▒▒▒▒▒▒ █▒▒▒▒▒▒▒▒▒ ▒▒▒▒▒▒▒▒▒▒ ██▒▒▒▒▒▒▒▒

█▒▒▒▒▒▒▒▒▒ █▒▒▒▒▒▒▒▒▒ █▒▒▒▒▒▒▒▒▒ ▒▒▒▒▒▒▒▒▒▒ ▒▒▒▒▒▒▒▒▒▒

█▒▒▒▒▒▒▒▒▒ █▒▒▒▒▒▒▒▒▒ ▒▒▒▒▒▒▒▒▒▒ ██▒▒▒▒▒▒▒▒ ▒▒▒▒▒▒▒▒▒▒

█▒▒▒▒▒▒▒▒▒ █▒▒▒▒▒▒▒▒▒ ▒▒▒▒▒▒▒▒▒▒ ▒▒▒▒▒▒▒▒▒▒ █▒▒▒▒▒▒▒▒▒
-------------------------------------------------

